#
# There is insufficient memory for the Java Runtime Environment to continue.
# Native memory allocation (malloc) failed to allocate 1784976 bytes for Chunk::new
# Possible reasons:
#   The system is out of physical RAM or swap space
#   The process is running with CompressedOops enabled, and the Java Heap may be blocking the growth of the native heap
# Possible solutions:
#   Reduce memory load on the system
#   Increase physical memory or swap space
#   Check if swap backing store is full
#   Decrease Java heap size (-Xmx/-Xms)
#   Decrease number of Java threads
#   Decrease Java thread stack sizes (-Xss)
#   Set larger code cache with -XX:ReservedCodeCacheSize=
#   JVM is running with Unscaled Compressed Oops mode in which the Java heap is
#     placed in the first 4GB address space. The Java Heap base address is the
#     maximum limit for the native heap growth. Please use -XX:HeapBaseMinAddress
#     to set the Java Heap base and to place the Java Heap above 4GB virtual address.
# This output file may be truncated or incomplete.
#
#  Out of Memory Error (allocation.cpp:389), pid=6588, tid=0x00000000000013d0
#
# JRE version: OpenJDK Runtime Environment (8.0_202-b03) (build 1.8.0_202-release-1483-b03)
# Java VM: OpenJDK 64-Bit Server VM (25.202-b03 mixed mode windows-amd64 compressed oops)
# Failed to write core dump. Minidumps are not enabled by default on client versions of Windows
#

---------------  T H R E A D  ---------------

Current thread (0x0000000018978000):  JavaThread "C2 CompilerThread0" daemon [_thread_in_native, id=5072, stack(0x00000000199c0000,0x0000000019ac0000)]

Stack: [0x00000000199c0000,0x0000000019ac0000]
[error occurred during error reporting (printing stack bounds), id 0xc0000005]

Native frames: (J=compiled Java code, j=interpreted, Vv=VM code, C=native code)


Current CompileTask:
C2: 115941 4072       4       groovy.lang.MetaClassImpl::addMetaMethodToIndex (65 bytes)


---------------  P R O C E S S  ---------------

Java Threads: ( => current thread )
  0x000000001d8fd800 JavaThread "Cache worker for Build Output Cleanup Cache (E:\COMP SCI 4\MapProject\.gradle\buildOutputCleanup)" [_thread_blocked, id=1932, stack(0x0000000020f70000,0x0000000021070000)]
  0x000000001d8ff000 JavaThread "pool-1-thread-1" [_thread_blocked, id=5164, stack(0x0000000020c70000,0x0000000020d70000)]
  0x000000001d8fa800 JavaThread "Build operations Thread 2" [_thread_blocked, id=576, stack(0x0000000020970000,0x0000000020a70000)]
  0x000000001d8fd000 JavaThread "Build operations" [_thread_blocked, id=5460, stack(0x0000000020870000,0x0000000020970000)]
  0x000000001d901800 JavaThread "Cache worker for execution history cache (C:\Users\Tvw00\.gradle\caches\5.4.1\executionHistory)" [_thread_blocked, id=7388, stack(0x0000000020370000,0x0000000020470000)]
  0x000000001d900800 JavaThread "Cache worker for cache directory md-rule (C:\Users\Tvw00\.gradle\caches\5.4.1\md-rule)" [_thread_blocked, id=8136, stack(0x000000001ff70000,0x0000000020070000)]
  0x000000001d8fb800 JavaThread "Cache worker for cache directory md-supplier (C:\Users\Tvw00\.gradle\caches\5.4.1\md-supplier)" [_thread_blocked, id=436, stack(0x000000001fe70000,0x000000001ff70000)]
  0x000000001af85800 JavaThread "Cache worker for file hash cache (E:\COMP SCI 4\MapProject\.gradle\5.4.1\fileHashes)" [_thread_blocked, id=6072, stack(0x000000001e2e0000,0x000000001e3e0000)]
  0x000000001af81000 JavaThread "Cache worker for journal cache (C:\Users\Tvw00\.gradle\caches\journal-1)" [_thread_blocked, id=4420, stack(0x000000001ce10000,0x000000001cf10000)]
  0x000000001af88000 JavaThread "File lock request listener" [_thread_in_native, id=852, stack(0x000000001cd10000,0x000000001ce10000)]
  0x000000001af84000 JavaThread "Cache worker for file hash cache (C:\Users\Tvw00\.gradle\caches\5.4.1\fileHashes)" [_thread_blocked, id=6052, stack(0x000000001cc10000,0x000000001cd10000)]
  0x000000001aae0800 JavaThread "Thread-9" [_thread_blocked, id=5892, stack(0x000000001cb10000,0x000000001cc10000)]
  0x000000001aaf7000 JavaThread "Asynchronous log dispatcher for DefaultDaemonConnection: socket connection from /127.0.0.1:49987 to /127.0.0.1:49988" [_thread_blocked, id=1332, stack(0x000000001c910000,0x000000001ca10000)]
  0x000000001aade000 JavaThread "Daemon worker" [_thread_in_Java, id=7888, stack(0x000000001c810000,0x000000001c910000)]
  0x000000001aacc800 JavaThread "Cancel handler" [_thread_blocked, id=7916, stack(0x000000001c710000,0x000000001c810000)]
  0x000000001a6b9800 JavaThread "Handler for socket connection from /127.0.0.1:49987 to /127.0.0.1:49988" [_thread_in_native, id=6292, stack(0x000000001c410000,0x000000001c510000)]
  0x000000001a6b9000 JavaThread "Daemon" [_thread_blocked, id=7588, stack(0x000000001c310000,0x000000001c410000)]
  0x000000001b376000 JavaThread "Daemon periodic checks" [_thread_blocked, id=5492, stack(0x000000001c210000,0x000000001c310000)]
  0x000000001a526800 JavaThread "Incoming local TCP Connector on port 49987" [_thread_in_native, id=5208, stack(0x000000001bfd0000,0x000000001c0d0000)]
  0x000000001b303800 JavaThread "Daemon health stats" [_thread_blocked, id=7180, stack(0x000000001b990000,0x000000001ba90000)]
  0x00000000189d6800 JavaThread "Service Thread" daemon [_thread_blocked, id=8040, stack(0x0000000019bc0000,0x0000000019cc0000)]
  0x00000000189c7800 JavaThread "C1 CompilerThread1" daemon [_thread_blocked, id=8036, stack(0x0000000019ac0000,0x0000000019bc0000)]
=>0x0000000018978000 JavaThread "C2 CompilerThread0" daemon [_thread_in_native, id=5072, stack(0x00000000199c0000,0x0000000019ac0000)]
  0x0000000018977000 JavaThread "Attach Listener" daemon [_thread_blocked, id=8064, stack(0x00000000198c0000,0x00000000199c0000)]
  0x000000000518e800 JavaThread "Signal Dispatcher" daemon [_thread_blocked, id=7340, stack(0x00000000197c0000,0x00000000198c0000)]
  0x0000000005188000 JavaThread "Finalizer" daemon [_thread_blocked, id=4116, stack(0x00000000195d0000,0x00000000196d0000)]
  0x0000000018967000 JavaThread "Reference Handler" daemon [_thread_blocked, id=4480, stack(0x00000000194d0000,0x00000000195d0000)]
  0x000000000524e000 JavaThread "main" [_thread_blocked, id=5476, stack(0x0000000003780000,0x0000000003880000)]

Other Threads:
  0x0000000018945800 VMThread [stack: 0x00000000193d0000,0x00000000194d0000] [id=968]
  0x00000000189de000 WatcherThread [stack: 0x0000000019cc0000,0x0000000019dc0000] [id=4484]

VM state:not at safepoint (normal execution)

VM Mutex/Monitor currently owned by a thread: None

heap address: 0x00000000a0000000, size: 1536 MB, Compressed Oops mode: 32-bit
Narrow klass base: 0x0000000000000000, Narrow klass shift: 3
Compressed class space size: 1073741824 Address: 0x0000000100000000

Heap:
 PSYoungGen      total 96256K, used 33871K [0x00000000e0000000, 0x00000000e8880000, 0x0000000100000000)
  eden space 88064K, 29% used [0x00000000e0000000,0x00000000e1918728,0x00000000e5600000)
  from space 8192K, 99% used [0x00000000e5600000,0x00000000e5dfb858,0x00000000e5e00000)
  to   space 11264K, 0% used [0x00000000e7d80000,0x00000000e7d80000,0x00000000e8880000)
 ParOldGen       total 39936K, used 22785K [0x00000000a0000000, 0x00000000a2700000, 0x00000000e0000000)
  object space 39936K, 57% used [0x00000000a0000000,0x00000000a1640528,0x00000000a2700000)
 Metaspace       used 45443K, capacity 46316K, committed 46552K, reserved 1089536K
  class space    used 6100K, capacity 6336K, committed 6400K, reserved 1048576K

Card table byte_map: [0x0000000014610000,0x0000000014920000] byte_map_base: 0x0000000014110000

Marking Bits: (ParMarkBitMap*) 0x0000000065c89f30
 Begin Bits: [0x0000000014d20000, 0x0000000016520000)
 End Bits:   [0x0000000016520000, 0x0000000017d20000)

Polling page: 0x0000000000f90000

CodeCache: size=245760Kb used=12798Kb max_used=12874Kb free=232961Kb
 bounds [0x0000000005250000, 0x0000000005f00000, 0x0000000014250000]
 total_blobs=4450 nmethods=3695 adapters=669
 compilation: enabled

Compilation events (10 events):
Event: 115.240 Thread 0x00000000189c7800 4080       3       groovyjarjarasm.asm.SymbolTable::put (150 bytes)
Event: 115.241 Thread 0x00000000189c7800 nmethod 4080 0x000000000565e610 code [0x000000000565e7c0, 0x000000000565eef0]
Event: 115.241 Thread 0x00000000189c7800 4081       3       groovyjarjarasm.asm.ByteVector::putUTF8 (144 bytes)
Event: 115.243 Thread 0x00000000189c7800 nmethod 4081 0x000000000539c950 code [0x000000000539cb40, 0x000000000539d3f8]
Event: 115.245 Thread 0x00000000189c7800 4082       1       org.codehaus.groovy.runtime.metaclass.MetaClassRegistryImpl::getMetaClassCreationHandler (5 bytes)
Event: 115.246 Thread 0x00000000189c7800 nmethod 4082 0x0000000005988810 code [0x0000000005988960, 0x0000000005988a70]
Event: 115.249 Thread 0x00000000189c7800 4083       3       java.util.TimSort::sort (229 bytes)
Event: 115.250 Thread 0x00000000189c7800 nmethod 4083 0x0000000005598bd0 code [0x0000000005598dc0, 0x00000000055994b8]
Event: 115.251 Thread 0x00000000189c7800 4084       3       org.codehaus.groovy.runtime.metaclass.MetaMethodIndex::resize (103 bytes)
Event: 115.252 Thread 0x00000000189c7800 nmethod 4084 0x0000000005a1b490 code [0x0000000005a1b620, 0x0000000005a1bb30]

GC Heap History (10 events):
Event: 36.020 GC heap before
{Heap before GC invocations=13 (full 1):
 PSYoungGen      total 56320K, used 50688K [0x00000000e0000000, 0x00000000e5b80000, 0x0000000100000000)
  eden space 50688K, 100% used [0x00000000e0000000,0x00000000e3180000,0x00000000e3180000)
  from space 5632K, 0% used [0x00000000e3180000,0x00000000e3180000,0x00000000e3700000)
  to   space 6144K, 0% used [0x00000000e5580000,0x00000000e5580000,0x00000000e5b80000)
 ParOldGen       total 25088K, used 10097K [0x00000000a0000000, 0x00000000a1880000, 0x00000000e0000000)
  object space 25088K, 40% used [0x00000000a0000000,0x00000000a09dc690,0x00000000a1880000)
 Metaspace       used 27286K, capacity 27738K, committed 28032K, reserved 1073152K
  class space    used 3723K, capacity 3874K, committed 3968K, reserved 1048576K
Event: 36.060 GC heap after
Heap after GC invocations=13 (full 1):
 PSYoungGen      total 71680K, used 6138K [0x00000000e0000000, 0x00000000e5b80000, 0x0000000100000000)
  eden space 65536K, 0% used [0x00000000e0000000,0x00000000e0000000,0x00000000e4000000)
  from space 6144K, 99% used [0x00000000e5580000,0x00000000e5b7ea90,0x00000000e5b80000)
  to   space 7168K, 0% used [0x00000000e4d80000,0x00000000e4d80000,0x00000000e5480000)
 ParOldGen       total 25088K, used 10490K [0x00000000a0000000, 0x00000000a1880000, 0x00000000e0000000)
  object space 25088K, 41% used [0x00000000a0000000,0x00000000a0a3eb90,0x00000000a1880000)
 Metaspace       used 27286K, capacity 27738K, committed 28032K, reserved 1073152K
  class space    used 3723K, capacity 3874K, committed 3968K, reserved 1048576K
}
Event: 41.092 GC heap before
{Heap before GC invocations=14 (full 1):
 PSYoungGen      total 71680K, used 71674K [0x00000000e0000000, 0x00000000e5b80000, 0x0000000100000000)
  eden space 65536K, 100% used [0x00000000e0000000,0x00000000e4000000,0x00000000e4000000)
  from space 6144K, 99% used [0x00000000e5580000,0x00000000e5b7ea90,0x00000000e5b80000)
  to   space 7168K, 0% used [0x00000000e4d80000,0x00000000e4d80000,0x00000000e5480000)
 ParOldGen       total 25088K, used 10490K [0x00000000a0000000, 0x00000000a1880000, 0x00000000e0000000)
  object space 25088K, 41% used [0x00000000a0000000,0x00000000a0a3eb90,0x00000000a1880000)
 Metaspace       used 31155K, capacity 31604K, committed 31872K, reserved 1077248K
  class space    used 4280K, capacity 4435K, committed 4480K, reserved 1048576K
Event: 41.259 GC heap after
Heap after GC invocations=14 (full 1):
 PSYoungGen      total 86528K, used 5221K [0x00000000e0000000, 0x00000000e6580000, 0x0000000100000000)
  eden space 79360K, 0% used [0x00000000e0000000,0x00000000e0000000,0x00000000e4d80000)
  from space 7168K, 72% used [0x00000000e4d80000,0x00000000e5299728,0x00000000e5480000)
  to   space 7680K, 0% used [0x00000000e5e00000,0x00000000e5e00000,0x00000000e6580000)
 ParOldGen       total 25088K, used 13382K [0x00000000a0000000, 0x00000000a1880000, 0x00000000e0000000)
  object space 25088K, 53% used [0x00000000a0000000,0x00000000a0d11bb0,0x00000000a1880000)
 Metaspace       used 31155K, capacity 31604K, committed 31872K, reserved 1077248K
  class space    used 4280K, capacity 4435K, committed 4480K, reserved 1048576K
}
Event: 62.348 GC heap before
{Heap before GC invocations=15 (full 1):
 PSYoungGen      total 86528K, used 70363K [0x00000000e0000000, 0x00000000e6580000, 0x0000000100000000)
  eden space 79360K, 82% used [0x00000000e0000000,0x00000000e3f9d788,0x00000000e4d80000)
  from space 7168K, 72% used [0x00000000e4d80000,0x00000000e5299728,0x00000000e5480000)
  to   space 7680K, 0% used [0x00000000e5e00000,0x00000000e5e00000,0x00000000e6580000)
 ParOldGen       total 25088K, used 13382K [0x00000000a0000000, 0x00000000a1880000, 0x00000000e0000000)
  object space 25088K, 53% used [0x00000000a0000000,0x00000000a0d11bb0,0x00000000a1880000)
 Metaspace       used 34513K, capacity 35180K, committed 35416K, reserved 1079296K
  class space    used 4747K, capacity 4933K, committed 4992K, reserved 1048576K
Event: 62.497 GC heap after
Heap after GC invocations=15 (full 1):
 PSYoungGen      total 95744K, used 7021K [0x00000000e0000000, 0x00000000e7680000, 0x0000000100000000)
  eden space 88064K, 0% used [0x00000000e0000000,0x00000000e0000000,0x00000000e5600000)
  from space 7680K, 91% used [0x00000000e5e00000,0x00000000e64db620,0x00000000e6580000)
  to   space 8192K, 0% used [0x00000000e5600000,0x00000000e5600000,0x00000000e5e00000)
 ParOldGen       total 25088K, used 15327K [0x00000000a0000000, 0x00000000a1880000, 0x00000000e0000000)
  object space 25088K, 61% used [0x00000000a0000000,0x00000000a0ef7eb8,0x00000000a1880000)
 Metaspace       used 34513K, capacity 35180K, committed 35416K, reserved 1079296K
  class space    used 4747K, capacity 4933K, committed 4992K, reserved 1048576K
}
Event: 62.497 GC heap before
{Heap before GC invocations=16 (full 2):
 PSYoungGen      total 95744K, used 7021K [0x00000000e0000000, 0x00000000e7680000, 0x0000000100000000)
  eden space 88064K, 0% used [0x00000000e0000000,0x00000000e0000000,0x00000000e5600000)
  from space 7680K, 91% used [0x00000000e5e00000,0x00000000e64db620,0x00000000e6580000)
  to   space 8192K, 0% used [0x00000000e5600000,0x00000000e5600000,0x00000000e5e00000)
 ParOldGen       total 25088K, used 15327K [0x00000000a0000000, 0x00000000a1880000, 0x00000000e0000000)
  object space 25088K, 61% used [0x00000000a0000000,0x00000000a0ef7eb8,0x00000000a1880000)
 Metaspace       used 34513K, capacity 35180K, committed 35416K, reserved 1079296K
  class space    used 4747K, capacity 4933K, committed 4992K, reserved 1048576K
Event: 62.941 GC heap after
Heap after GC invocations=16 (full 2):
 PSYoungGen      total 95744K, used 0K [0x00000000e0000000, 0x00000000e7680000, 0x0000000100000000)
  eden space 88064K, 0% used [0x00000000e0000000,0x00000000e0000000,0x00000000e5600000)
  from space 7680K, 0% used [0x00000000e5e00000,0x00000000e5e00000,0x00000000e6580000)
  to   space 8192K, 0% used [0x00000000e5600000,0x00000000e5600000,0x00000000e5e00000)
 ParOldGen       total 39936K, used 18310K [0x00000000a0000000, 0x00000000a2700000, 0x00000000e0000000)
  object space 39936K, 45% used [0x00000000a0000000,0x00000000a11e1bf8,0x00000000a2700000)
 Metaspace       used 34513K, capacity 35180K, committed 35416K, reserved 1079296K
  class space    used 4747K, capacity 4933K, committed 4992K, reserved 1048576K
}
Event: 109.360 GC heap before
{Heap before GC invocations=17 (full 2):
 PSYoungGen      total 95744K, used 88064K [0x00000000e0000000, 0x00000000e7680000, 0x0000000100000000)
  eden space 88064K, 100% used [0x00000000e0000000,0x00000000e5600000,0x00000000e5600000)
  from space 7680K, 0% used [0x00000000e5e00000,0x00000000e5e00000,0x00000000e6580000)
  to   space 8192K, 0% used [0x00000000e5600000,0x00000000e5600000,0x00000000e5e00000)
 ParOldGen       total 39936K, used 18310K [0x00000000a0000000, 0x00000000a2700000, 0x00000000e0000000)
  object space 39936K, 45% used [0x00000000a0000000,0x00000000a11e1bf8,0x00000000a2700000)
 Metaspace       used 44269K, capacity 45122K, committed 45400K, reserved 1089536K
  class space    used 5965K, capacity 6179K, committed 6272K, reserved 1048576K
Event: 110.195 GC heap after
Heap after GC invocations=17 (full 2):
 PSYoungGen      total 96256K, used 8174K [0x00000000e0000000, 0x00000000e8880000, 0x0000000100000000)
  eden space 88064K, 0% used [0x00000000e0000000,0x00000000e0000000,0x00000000e5600000)
  from space 8192K, 99% used [0x00000000e5600000,0x00000000e5dfb858,0x00000000e5e00000)
  to   space 11264K, 0% used [0x00000000e7d80000,0x00000000e7d80000,0x00000000e8880000)
 ParOldGen       total 39936K, used 22785K [0x00000000a0000000, 0x00000000a2700000, 0x00000000e0000000)
  object space 39936K, 57% used [0x00000000a0000000,0x00000000a1640528,0x00000000a2700000)
 Metaspace       used 44269K, capacity 45122K, committed 45400K, reserved 1089536K
  class space    used 5965K, capacity 6179K, committed 6272K, reserved 1048576K
}

Deoptimization events (10 events):
Event: 104.587 Thread 0x000000001aade000 Uncommon trap: reason=unstable_if action=reinterpret pc=0x0000000005c91bc8 method=java.security.CodeSource.matchCerts(Ljava/security/CodeSource;Z)Z @ 11
Event: 104.814 Thread 0x000000001aade000 Uncommon trap: reason=unstable_if action=reinterpret pc=0x0000000005cfef80 method=java.util.LinkedHashMap.get(Ljava/lang/Object;)Ljava/lang/Object; @ 20
Event: 104.951 Thread 0x000000001aade000 Uncommon trap: reason=bimorphic action=maybe_recompile pc=0x000000000574e888 method=sun.misc.Resource.getBytes()[B @ 181
Event: 104.961 Thread 0x000000001aade000 Uncommon trap: reason=bimorphic action=maybe_recompile pc=0x000000000574e888 method=sun.misc.Resource.getBytes()[B @ 181
Event: 105.284 Thread 0x000000001aade000 Uncommon trap: reason=unstable_if action=reinterpret pc=0x0000000005a1e524 method=org.objectweb.asm.ByteVector.putUTF8(Ljava/lang/String;)Lorg/objectweb/asm/ByteVector; @ 93
Event: 105.814 Thread 0x000000001aade000 Uncommon trap: reason=unstable_if action=reinterpret pc=0x00000000058249f0 method=org.objectweb.asm.ByteVector.putUTF8(Ljava/lang/String;)Lorg/objectweb/asm/ByteVector; @ 93
Event: 114.019 Thread 0x000000001aade000 Uncommon trap: reason=unstable_if action=reinterpret pc=0x0000000005a12e50 method=org.gradle.internal.reflect.PropertyAccessorType.of(Ljava/lang/reflect/Method;)Lorg/gradle/internal/reflect/PropertyAccessorType; @ 56
Event: 115.141 Thread 0x000000001aade000 Uncommon trap: reason=unstable_if action=reinterpret pc=0x0000000005aea134 method=org.codehaus.groovy.runtime.metaclass.MetaMethodIndex.isNonRealMethod(Lgroovy/lang/MetaMethod;)Z @ 4
Event: 115.153 Thread 0x000000001aade000 Uncommon trap: reason=unstable_if action=reinterpret pc=0x0000000005cdb70c method=groovy.lang.MetaClassImpl$1MOPIter.methodNameAction(Ljava/lang/Class;Lorg/codehaus/groovy/runtime/metaclass/MetaMethodIndex$Entry;)V @ 182
Event: 115.243 Thread 0x000000001aade000 Uncommon trap: reason=unstable_if action=reinterpret pc=0x0000000005dfca70 method=java.lang.ClassLoader.checkCerts(Ljava/lang/String;Ljava/security/CodeSource;)V @ 29

Classes redefined (0 events):
No events

Internal exceptions (10 events):
Event: 115.186 Thread 0x000000001aade000 Exception <a 'java/lang/ClassNotFoundException': [Lcom/google/gms/googleservices/GoogleServicesPlugin$PluginType;Customizer> (0x00000000e1479888) thrown at [D:\src\AOSP-openjdk-cygwin\jdk8u\hotspot\src\share\vm\prims\jni.cpp, line 736]
Event: 115.222 Thread 0x000000001aade000 Exception <a 'java/lang/ClassNotFoundException': java/util/ArrayListBeanInfo> (0x00000000e15aa588) thrown at [D:\src\AOSP-openjdk-cygwin\jdk8u\hotspot\src\share\vm\classfile\systemDictionary.cpp, line 210]
Event: 115.223 Thread 0x000000001aade000 Exception <a 'java/lang/ClassNotFoundException': java/util/AbstractListBeanInfo> (0x00000000e15b4980) thrown at [D:\src\AOSP-openjdk-cygwin\jdk8u\hotspot\src\share\vm\classfile\systemDictionary.cpp, line 210]
Event: 115.224 Thread 0x000000001aade000 Exception <a 'java/lang/ClassNotFoundException': java/util/AbstractListCustomizer> (0x00000000e15beee8) thrown at [D:\src\AOSP-openjdk-cygwin\jdk8u\hotspot\src\share\vm\classfile\systemDictionary.cpp, line 210]
Event: 115.228 Thread 0x000000001aade000 Exception <a 'java/lang/ClassNotFoundException': java/util/ArrayListCustomizer> (0x00000000e15d6120) thrown at [D:\src\AOSP-openjdk-cygwin\jdk8u\hotspot\src\share\vm\classfile\systemDictionary.cpp, line 210]
Event: 115.243 Thread 0x000000001aade000 Implicit null exception at 0x0000000005dfbe2a to 0x0000000005dfca59
Event: 115.263 Thread 0x000000001aade000 Exception <a 'java/lang/ClassNotFoundException': org/gradle/api/internal/plugins/DefaultPluginContainerBeanInfo> (0x00000000e1771a58) thrown at [D:\src\AOSP-openjdk-cygwin\jdk8u\hotspot\src\share\vm\classfile\systemDictionary.cpp, line 210]
Event: 115.266 Thread 0x000000001aade000 Exception <a 'java/lang/ClassNotFoundException': org/gradle/api/internal/plugins/DefaultPluginCollectionBeanInfo> (0x00000000e17aa7c0) thrown at [D:\src\AOSP-openjdk-cygwin\jdk8u\hotspot\src\share\vm\classfile\systemDictionary.cpp, line 210]
Event: 115.267 Thread 0x000000001aade000 Exception <a 'java/lang/ClassNotFoundException': org/gradle/api/internal/DefaultDomainObjectSetBeanInfo> (0x00000000e17de360) thrown at [D:\src\AOSP-openjdk-cygwin\jdk8u\hotspot\src\share\vm\classfile\systemDictionary.cpp, line 210]
Event: 115.270 Thread 0x000000001aade000 Exception <a 'java/lang/ClassNotFoundException': org/gradle/api/internal/DefaultDomainObjectSetCustomizer> (0x00000000e1813528) thrown at [D:\src\AOSP-openjdk-cygwin\jdk8u\hotspot\src\share\vm\classfile\systemDictionary.cpp, line 210]

Events (10 events):
Event: 115.267 loading class org/gradle/api/internal/DefaultDomainObjectSetBeanInfo
Event: 115.267 loading class org/gradle/api/internal/DefaultDomainObjectSetBeanInfo done
Event: 115.268 loading class org/gradle/api/internal/DefaultDomainObjectSetCustomizer
Event: 115.268 loading class org/gradle/api/internal/DefaultDomainObjectSetCustomizer done
Event: 115.268 loading class org/gradle/api/internal/DefaultDomainObjectSetCustomizer
Event: 115.268 loading class org/gradle/api/internal/DefaultDomainObjectSetCustomizer done
Event: 115.268 loading class org/gradle/api/internal/DefaultDomainObjectSetCustomizer
Event: 115.268 loading class org/gradle/api/internal/DefaultDomainObjectSetCustomizer done
Event: 115.270 loading class org/gradle/api/internal/DefaultDomainObjectSetCustomizer
Event: 115.270 loading class org/gradle/api/internal/DefaultDomainObjectSetCustomizer done


Dynamic libraries:
0x00007ff7b5e30000 - 0x00007ff7b5e61000 	C:\Program Files\Android\Android Studio2\jre\bin\java.exe
0x00007ffff05e0000 - 0x00007ffff07c0000 	C:\WINDOWS\SYSTEM32\ntdll.dll
0x00007fffef190000 - 0x00007fffef23e000 	C:\WINDOWS\System32\KERNEL32.DLL
0x00007fffecb80000 - 0x00007fffecde6000 	C:\WINDOWS\System32\KERNELBASE.dll
0x00007fffeff60000 - 0x00007ffff0001000 	C:\WINDOWS\System32\ADVAPI32.dll
0x00007fffeef70000 - 0x00007fffef00d000 	C:\WINDOWS\System32\msvcrt.dll
0x00007fffeeef0000 - 0x00007fffeef4b000 	C:\WINDOWS\System32\sechost.dll
0x00007ffff0180000 - 0x00007ffff029f000 	C:\WINDOWS\System32\RPCRT4.dll
0x00007fffefc30000 - 0x00007fffefdbf000 	C:\WINDOWS\System32\USER32.dll
0x00007fffed8a0000 - 0x00007fffed8c0000 	C:\WINDOWS\System32\win32u.dll
0x00007fffef3a0000 - 0x00007fffef3c8000 	C:\WINDOWS\System32\GDI32.dll
0x00007fffec9e0000 - 0x00007fffecb73000 	C:\WINDOWS\System32\gdi32full.dll
0x00007fffed8c0000 - 0x00007fffed95b000 	C:\WINDOWS\System32\msvcp_win.dll
0x00007fffed960000 - 0x00007fffeda55000 	C:\WINDOWS\System32\ucrtbase.dll
0x00007fffd77d0000 - 0x00007fffd7a39000 	C:\WINDOWS\WinSxS\amd64_microsoft.windows.common-controls_6595b64144ccf1df_6.0.16299.665_none_15cbd8769361ff10\COMCTL32.dll
0x00007ffff02a0000 - 0x00007ffff05a7000 	C:\WINDOWS\System32\combase.dll
0x00007fffed710000 - 0x00007fffed782000 	C:\WINDOWS\System32\bcryptPrimitives.dll
0x00007ffff0010000 - 0x00007ffff003d000 	C:\WINDOWS\System32\IMM32.DLL
0x00000000653e0000 - 0x00000000654b2000 	C:\Program Files\Android\Android Studio2\jre\jre\bin\msvcr100.dll
0x00000000654c0000 - 0x0000000065d06000 	C:\Program Files\Android\Android Studio2\jre\jre\bin\server\jvm.dll
0x00007fffefb50000 - 0x00007fffefb58000 	C:\WINDOWS\System32\PSAPI.DLL
0x00007fffe68f0000 - 0x00007fffe68fa000 	C:\WINDOWS\SYSTEM32\VERSION.dll
0x00007fffe3080000 - 0x00007fffe3089000 	C:\WINDOWS\SYSTEM32\WSOCK32.dll
0x00007fffe9cf0000 - 0x00007fffe9d13000 	C:\WINDOWS\SYSTEM32\WINMM.dll
0x00007fffefae0000 - 0x00007fffefb4c000 	C:\WINDOWS\System32\WS2_32.dll
0x00007fffe9c20000 - 0x00007fffe9c4a000 	C:\WINDOWS\SYSTEM32\WINMMBASE.dll
0x00007fffeda60000 - 0x00007fffedaaa000 	C:\WINDOWS\System32\cfgmgr32.dll
0x00007fffe9f70000 - 0x00007fffe9f7f000 	C:\Program Files\Android\Android Studio2\jre\jre\bin\verify.dll
0x00007fffd2b60000 - 0x00007fffd2b89000 	C:\Program Files\Android\Android Studio2\jre\jre\bin\java.dll
0x00007fffe89a0000 - 0x00007fffe89b6000 	C:\Program Files\Android\Android Studio2\jre\jre\bin\zip.dll
0x00007fffedab0000 - 0x00007fffeeee8000 	C:\WINDOWS\System32\SHELL32.dll
0x00007fffef8c0000 - 0x00007fffef966000 	C:\WINDOWS\System32\shcore.dll
0x00007fffecdf0000 - 0x00007fffed537000 	C:\WINDOWS\System32\windows.storage.dll
0x00007fffef970000 - 0x00007fffef9c1000 	C:\WINDOWS\System32\shlwapi.dll
0x00007fffec980000 - 0x00007fffec991000 	C:\WINDOWS\System32\kernel.appcore.dll
0x00007fffec930000 - 0x00007fffec97c000 	C:\WINDOWS\System32\powrprof.dll
0x00007fffec9a0000 - 0x00007fffec9bb000 	C:\WINDOWS\System32\profapi.dll
0x00007fffe5380000 - 0x00007fffe539a000 	C:\Program Files\Android\Android Studio2\jre\jre\bin\net.dll
0x00007fffec1c0000 - 0x00007fffec226000 	C:\WINDOWS\system32\mswsock.dll
0x00007fffe5360000 - 0x00007fffe5371000 	C:\Program Files\Android\Android Studio2\jre\jre\bin\nio.dll
0x00007fffe5300000 - 0x00007fffe5326000 	C:\Users\Tvw00\.gradle\native\29\windows-amd64\native-platform.dll
0x00007fffe7af0000 - 0x00007fffe7afd000 	C:\Program Files\Android\Android Studio2\jre\jre\bin\management.dll
0x00007fffec390000 - 0x00007fffec3a7000 	C:\WINDOWS\SYSTEM32\CRYPTSP.dll
0x00007fffebdc0000 - 0x00007fffebdf3000 	C:\WINDOWS\system32\rsaenh.dll
0x00007fffec490000 - 0x00007fffec4b5000 	C:\WINDOWS\SYSTEM32\bcrypt.dll
0x00007fffec830000 - 0x00007fffec859000 	C:\WINDOWS\SYSTEM32\USERENV.dll
0x00007fffec380000 - 0x00007fffec38b000 	C:\WINDOWS\SYSTEM32\CRYPTBASE.dll
0x00007fffebf50000 - 0x00007fffebf89000 	C:\WINDOWS\SYSTEM32\IPHLPAPI.DLL
0x00007fffef240000 - 0x00007fffef248000 	C:\WINDOWS\System32\NSI.dll
0x00007fffe5bf0000 - 0x00007fffe5c06000 	C:\WINDOWS\SYSTEM32\dhcpcsvc6.DLL
0x00007fffe6860000 - 0x00007fffe687a000 	C:\WINDOWS\SYSTEM32\dhcpcsvc.DLL

VM Arguments:
jvm_args: -Xmx1536m -Dfile.encoding=windows-1252 -Duser.country=US -Duser.language=en -Duser.variant 
java_command: org.gradle.launcher.daemon.bootstrap.GradleDaemon 5.4.1
java_class_path (initial): C:\Users\Tvw00\.gradle\wrapper\dists\gradle-5.4.1-all\3221gyojl5jsh0helicew7rwx\gradle-5.4.1\lib\gradle-launcher-5.4.1.jar
Launcher Type: SUN_STANDARD

Environment Variables:
JAVA_HOME=C:\Program Files (x86)\Java\jdk1.8.0_241
PATH=C:\ProgramData\Oracle\Java\javapath;C:\WINDOWS\system32;C:\WINDOWS;C:\WINDOWS\System32\Wbem;C:\WINDOWS\System32\WindowsPowerShell\v1.0\;C:\Program Files\Java\jdk1.8.0_241\bin;C:\Program Files\Java\jdk1.8.0_241\jre\bin;C:\Program Files (x86)\Brackets\command;C:\Users\Tvw00\AppData\Local\Microsoft\WindowsApps;
USERNAME=Tvw00
OS=Windows_NT
PROCESSOR_IDENTIFIER=Intel64 Family 6 Model 92 Stepping 9, GenuineIntel



---------------  S Y S T E M  ---------------

OS: Windows 10.0 , 64 bit Build 16299 (10.0.16299.431)

CPU:total 2 (initial active 2) (2 cores per cpu, 1 threads per core) family 6 model 92 stepping 9, cmov, cx8, fxsr, mmx, sse, sse2, sse3, ssse3, sse4.1, sse4.2, popcnt, aes, clmul, erms, 3dnowpref, tsc, tscinvbit

Memory: 4k page, physical 1924448k(377408k free), swap 3208344k(5704k free)

vm_info: OpenJDK 64-Bit Server VM (25.202-b03) for windows-amd64 JRE (1.8.0_202-release-1483-b03), built by "builder" with MS VC++ 10.0 (VS2010)

time: Thu Jun 11 02:26:14 2020
timezone: Central Daylight Time
elapsed time: 115 seconds (0d 0h 1m 55s)

