#
# There is insufficient memory for the Java Runtime Environment to continue.
# Native memory allocation (malloc) failed to allocate 32744 bytes for ChunkPool::allocate
# Possible reasons:
#   The system is out of physical RAM or swap space
#   The process is running with CompressedOops enabled, and the Java Heap may be blocking the growth of the native heap
# Possible solutions:
#   Reduce memory load on the system
#   Increase physical memory or swap space
#   Check if swap backing store is full
#   Decrease Java heap size (-Xmx/-Xms)
#   Decrease number of Java threads
#   Decrease Java thread stack sizes (-Xss)
#   Set larger code cache with -XX:ReservedCodeCacheSize=
#   JVM is running with Unscaled Compressed Oops mode in which the Java heap is
#     placed in the first 4GB address space. The Java Heap base address is the
#     maximum limit for the native heap growth. Please use -XX:HeapBaseMinAddress
#     to set the Java Heap base and to place the Java Heap above 4GB virtual address.
# This output file may be truncated or incomplete.
#
#  Out of Memory Error (allocation.cpp:272), pid=1252, tid=0x0000000000001850
#
# JRE version: OpenJDK Runtime Environment (8.0_202-b03) (build 1.8.0_202-release-1483-b03)
# Java VM: OpenJDK 64-Bit Server VM (25.202-b03 mixed mode windows-amd64 compressed oops)
# Failed to write core dump. Minidumps are not enabled by default on client versions of Windows
#

---------------  T H R E A D  ---------------

Current thread (0x0000000017df8000):  JavaThread "C2 CompilerThread0" daemon [_thread_in_native, id=6224, stack(0x0000000018e20000,0x0000000018f20000)]

Stack: [0x0000000018e20000,0x0000000018f20000]
[error occurred during error reporting (printing stack bounds), id 0xc0000005]

Native frames: (J=compiled Java code, j=interpreted, Vv=VM code, C=native code)


Current CompileTask:
C2:  68140 5876       4       java.net.URLClassLoader$1::run (5 bytes)


---------------  P R O C E S S  ---------------

Java Threads: ( => current thread )
  0x000000001cfdb000 JavaThread "Memory manager" [_thread_blocked, id=7096, stack(0x0000000021630000,0x0000000021730000)]
  0x000000001cfd4800 JavaThread "Cache worker for Build Output Cleanup Cache (E:\COMP SCI 4\MapProject\.gradle\buildOutputCleanup)" [_thread_blocked, id=9180, stack(0x0000000021330000,0x0000000021430000)]
  0x000000001cfda800 JavaThread "pool-1-thread-1" [_thread_blocked, id=8684, stack(0x0000000021030000,0x0000000021130000)]
  0x000000001cfd8000 JavaThread "Build operations Thread 2" [_thread_blocked, id=6120, stack(0x0000000020b30000,0x0000000020c30000)]
  0x000000001cfd7800 JavaThread "Build operations" [_thread_blocked, id=8648, stack(0x0000000020a30000,0x0000000020b30000)]
  0x000000001cfd9000 JavaThread "Cache worker for execution history cache (C:\Users\Tvw00\.gradle\caches\5.4.1\executionHistory)" [_thread_blocked, id=3300, stack(0x000000001f310000,0x000000001f410000)]
  0x00000000199eb000 JavaThread "Cache worker for cache directory md-rule (C:\Users\Tvw00\.gradle\caches\5.4.1\md-rule)" [_thread_blocked, id=4964, stack(0x000000001f110000,0x000000001f210000)]
  0x00000000199ea000 JavaThread "Cache worker for cache directory md-supplier (C:\Users\Tvw00\.gradle\caches\5.4.1\md-supplier)" [_thread_blocked, id=8248, stack(0x000000001f010000,0x000000001f110000)]
  0x00000000199e6800 JavaThread "Cache worker for file hash cache (E:\COMP SCI 4\MapProject\.gradle\5.4.1\fileHashes)" [_thread_blocked, id=3432, stack(0x000000001e710000,0x000000001e810000)]
  0x00000000199e5800 JavaThread "Cache worker for journal cache (C:\Users\Tvw00\.gradle\caches\journal-1)" [_thread_blocked, id=5364, stack(0x000000001c270000,0x000000001c370000)]
  0x00000000199e7000 JavaThread "File lock request listener" [_thread_in_native, id=9044, stack(0x000000001c170000,0x000000001c270000)]
  0x00000000199e5000 JavaThread "Cache worker for file hash cache (C:\Users\Tvw00\.gradle\caches\5.4.1\fileHashes)" [_thread_blocked, id=6240, stack(0x000000001c070000,0x000000001c170000)]
  0x000000001a8ba000 JavaThread "Thread-9" [_thread_blocked, id=7888, stack(0x000000001bf70000,0x000000001c070000)]
  0x000000001a8b9000 JavaThread "Stdin handler" [_thread_blocked, id=8340, stack(0x000000001be70000,0x000000001bf70000)]
  0x000000001a8b8800 JavaThread "Asynchronous log dispatcher for DefaultDaemonConnection: socket connection from /127.0.0.1:51707 to /127.0.0.1:51708" [_thread_blocked, id=4860, stack(0x000000001bd70000,0x000000001be70000)]
  0x000000001a86d000 JavaThread "Daemon worker" [_thread_in_Java, id=4944, stack(0x000000001bc70000,0x000000001bd70000)]
  0x000000001a865000 JavaThread "Cancel handler" [_thread_blocked, id=6024, stack(0x000000001bb70000,0x000000001bc70000)]
  0x000000001a850000 JavaThread "Handler for socket connection from /127.0.0.1:51707 to /127.0.0.1:51708" [_thread_in_native, id=5480, stack(0x000000001b870000,0x000000001b970000)]
  0x000000001a806800 JavaThread "Daemon" [_thread_blocked, id=1168, stack(0x000000001b770000,0x000000001b870000)]
  0x000000001a7e3800 JavaThread "Daemon periodic checks" [_thread_blocked, id=6312, stack(0x000000001b670000,0x000000001b770000)]
  0x000000001a7d3800 JavaThread "Incoming local TCP Connector on port 51707" [_thread_in_native, id=1340, stack(0x000000001b430000,0x000000001b530000)]
  0x000000001a6fb800 JavaThread "Daemon health stats" [_thread_blocked, id=6052, stack(0x000000001adf0000,0x000000001aef0000)]
  0x0000000017e07000 JavaThread "Service Thread" daemon [_thread_blocked, id=9076, stack(0x0000000019020000,0x0000000019120000)]
  0x0000000017dfb800 JavaThread "C1 CompilerThread1" daemon [_thread_blocked, id=2016, stack(0x0000000018f20000,0x0000000019020000)]
=>0x0000000017df8000 JavaThread "C2 CompilerThread0" daemon [_thread_in_native, id=6224, stack(0x0000000018e20000,0x0000000018f20000)]
  0x0000000017df6800 JavaThread "Attach Listener" daemon [_thread_blocked, id=6256, stack(0x0000000018d20000,0x0000000018e20000)]
  0x00000000046ce800 JavaThread "Signal Dispatcher" daemon [_thread_blocked, id=1956, stack(0x0000000018c20000,0x0000000018d20000)]
  0x00000000046c1000 JavaThread "Finalizer" daemon [_thread_blocked, id=5072, stack(0x0000000018a30000,0x0000000018b30000)]
  0x0000000017de7000 JavaThread "Reference Handler" daemon [_thread_blocked, id=6440, stack(0x0000000018930000,0x0000000018a30000)]
  0x00000000045ce000 JavaThread "main" [_thread_blocked, id=6456, stack(0x0000000004430000,0x0000000004530000)]

Other Threads:
  0x0000000017dc5000 VMThread [stack: 0x0000000018830000,0x0000000018930000] [id=1724]
  0x0000000017e0b000 WatcherThread [stack: 0x0000000019120000,0x0000000019220000] [id=9064]

VM state:not at safepoint (normal execution)

VM Mutex/Monitor currently owned by a thread:  ([mutex/lock_event])
[0x00000000045d0b50] MethodCompileQueue_lock - owner thread: 0x000000001a86d000

heap address: 0x00000000a0000000, size: 1536 MB, Compressed Oops mode: 32-bit
Narrow klass base: 0x0000000000000000, Narrow klass shift: 3
Compressed class space size: 1073741824 Address: 0x0000000100000000

Heap:
 PSYoungGen      total 185856K, used 55579K [0x00000000e0000000, 0x00000000f1400000, 0x0000000100000000)
  eden space 169472K, 32% used [0x00000000e0000000,0x00000000e355ed10,0x00000000ea580000)
  from space 16384K, 5% used [0x00000000ea580000,0x00000000ea667f20,0x00000000eb580000)
  to   space 22528K, 0% used [0x00000000efe00000,0x00000000efe00000,0x00000000f1400000)
 ParOldGen       total 63488K, used 39166K [0x00000000a0000000, 0x00000000a3e00000, 0x00000000e0000000)
  object space 63488K, 61% used [0x00000000a0000000,0x00000000a263f880,0x00000000a3e00000)
 Metaspace       used 59614K, capacity 61724K, committed 62080K, reserved 1101824K
  class space    used 8215K, capacity 8707K, committed 8832K, reserved 1048576K

Card table byte_map: [0x0000000013a90000,0x0000000013da0000] byte_map_base: 0x0000000013590000

Marking Bits: (ParMarkBitMap*) 0x00000000568a9f30
 Begin Bits: [0x00000000141a0000, 0x00000000159a0000)
 End Bits:   [0x00000000159a0000, 0x00000000171a0000)

Polling page: 0x00000000003e0000

CodeCache: size=245760Kb used=19133Kb max_used=19133Kb free=226626Kb
 bounds [0x00000000046d0000, 0x0000000005990000, 0x00000000136d0000]
 total_blobs=6189 nmethods=5408 adapters=695
 compilation: enabled

Compilation events (10 events):
Event: 67.643 Thread 0x0000000017dfb800 5883       3       java.util.logging.LogManager$LoggerContext::requiresDefaultLoggers (29 bytes)
Event: 67.644 Thread 0x0000000017dfb800 nmethod 5883 0x0000000005988a10 code [0x0000000005988b80, 0x0000000005988fa8]
Event: 68.007 Thread 0x0000000017dfb800 5886       3       java.util.jar.JarFile::maybeInstantiateVerifier (96 bytes)
Event: 68.009 Thread 0x0000000017dfb800 nmethod 5886 0x0000000005989410 code [0x0000000005989640, 0x000000000598a2e8]
Event: 68.037 Thread 0x0000000017dfb800 5887       3       java.lang.reflect.AnnotatedElement::isAnnotationPresent (16 bytes)
Event: 68.038 Thread 0x0000000017dfb800 nmethod 5887 0x000000000598a8d0 code [0x000000000598aa40, 0x000000000598aca8]
Event: 68.066 Thread 0x0000000017dfb800 5888       3       java.lang.Class::isAnnotationPresent (6 bytes)
Event: 68.067 Thread 0x0000000017dfb800 nmethod 5888 0x000000000598ad50 code [0x000000000598af00, 0x000000000598b4c8]
Event: 68.076 Thread 0x0000000017dfb800 5889       3       com.sun.xml.bind.v2.model.impl.TypeInfoImpl::nav (8 bytes)
Event: 68.077 Thread 0x0000000017dfb800 nmethod 5889 0x000000000598b7d0 code [0x000000000598b920, 0x000000000598ba70]

GC Heap History (10 events):
Event: 31.279 GC heap before
{Heap before GC invocations=10 (full 1):
 PSYoungGen      total 125952K, used 117437K [0x00000000e0000000, 0x00000000e8f00000, 0x0000000100000000)
  eden space 118272K, 92% used [0x00000000e0000000,0x00000000e6b4f278,0x00000000e7380000)
  from space 7680K, 98% used [0x00000000e8780000,0x00000000e8ee02b0,0x00000000e8f00000)
  to   space 9728K, 0% used [0x00000000e7c00000,0x00000000e7c00000,0x00000000e8580000)
 ParOldGen       total 30720K, used 16134K [0x00000000a0000000, 0x00000000a1e00000, 0x00000000e0000000)
  object space 30720K, 52% used [0x00000000a0000000,0x00000000a0fc1a38,0x00000000a1e00000)
 Metaspace       used 34598K, capacity 35456K, committed 35456K, reserved 1079296K
  class space    used 4781K, capacity 4992K, committed 4992K, reserved 1048576K
Event: 31.329 GC heap after
Heap after GC invocations=10 (full 1):
 PSYoungGen      total 136704K, used 9722K [0x00000000e0000000, 0x00000000ec200000, 0x0000000100000000)
  eden space 126976K, 0% used [0x00000000e0000000,0x00000000e0000000,0x00000000e7c00000)
  from space 9728K, 99% used [0x00000000e7c00000,0x00000000e857eb60,0x00000000e8580000)
  to   space 12800K, 0% used [0x00000000eb580000,0x00000000eb580000,0x00000000ec200000)
 ParOldGen       total 30720K, used 20070K [0x00000000a0000000, 0x00000000a1e00000, 0x00000000e0000000)
  object space 30720K, 65% used [0x00000000a0000000,0x00000000a1399bb0,0x00000000a1e00000)
 Metaspace       used 34598K, capacity 35456K, committed 35456K, reserved 1079296K
  class space    used 4781K, capacity 4992K, committed 4992K, reserved 1048576K
}
Event: 31.329 GC heap before
{Heap before GC invocations=11 (full 2):
 PSYoungGen      total 136704K, used 9722K [0x00000000e0000000, 0x00000000ec200000, 0x0000000100000000)
  eden space 126976K, 0% used [0x00000000e0000000,0x00000000e0000000,0x00000000e7c00000)
  from space 9728K, 99% used [0x00000000e7c00000,0x00000000e857eb60,0x00000000e8580000)
  to   space 12800K, 0% used [0x00000000eb580000,0x00000000eb580000,0x00000000ec200000)
 ParOldGen       total 30720K, used 20070K [0x00000000a0000000, 0x00000000a1e00000, 0x00000000e0000000)
  object space 30720K, 65% used [0x00000000a0000000,0x00000000a1399bb0,0x00000000a1e00000)
 Metaspace       used 34598K, capacity 35456K, committed 35456K, reserved 1079296K
  class space    used 4781K, capacity 4992K, committed 4992K, reserved 1048576K
Event: 31.761 GC heap after
Heap after GC invocations=11 (full 2):
 PSYoungGen      total 136704K, used 0K [0x00000000e0000000, 0x00000000ec200000, 0x0000000100000000)
  eden space 126976K, 0% used [0x00000000e0000000,0x00000000e0000000,0x00000000e7c00000)
  from space 9728K, 0% used [0x00000000e7c00000,0x00000000e7c00000,0x00000000e8580000)
  to   space 12800K, 0% used [0x00000000eb580000,0x00000000eb580000,0x00000000ec200000)
 ParOldGen       total 39424K, used 20579K [0x00000000a0000000, 0x00000000a2680000, 0x00000000e0000000)
  object space 39424K, 52% used [0x00000000a0000000,0x00000000a1418d28,0x00000000a2680000)
 Metaspace       used 34598K, capacity 35456K, committed 35456K, reserved 1079296K
  class space    used 4781K, capacity 4992K, committed 4992K, reserved 1048576K
}
Event: 41.981 GC heap before
{Heap before GC invocations=12 (full 2):
 PSYoungGen      total 136704K, used 126976K [0x00000000e0000000, 0x00000000ec200000, 0x0000000100000000)
  eden space 126976K, 100% used [0x00000000e0000000,0x00000000e7c00000,0x00000000e7c00000)
  from space 9728K, 0% used [0x00000000e7c00000,0x00000000e7c00000,0x00000000e8580000)
  to   space 12800K, 0% used [0x00000000eb580000,0x00000000eb580000,0x00000000ec200000)
 ParOldGen       total 39424K, used 20579K [0x00000000a0000000, 0x00000000a2680000, 0x00000000e0000000)
  object space 39424K, 52% used [0x00000000a0000000,0x00000000a1418d28,0x00000000a2680000)
 Metaspace       used 46092K, capacity 47396K, committed 47488K, reserved 1089536K
  class space    used 6214K, capacity 6512K, committed 6528K, reserved 1048576K
Event: 42.040 GC heap after
Heap after GC invocations=12 (full 2):
 PSYoungGen      total 182272K, used 12799K [0x00000000e0000000, 0x00000000ec900000, 0x0000000100000000)
  eden space 169472K, 0% used [0x00000000e0000000,0x00000000e0000000,0x00000000ea580000)
  from space 12800K, 99% used [0x00000000eb580000,0x00000000ec1ffc18,0x00000000ec200000)
  to   space 16384K, 0% used [0x00000000ea580000,0x00000000ea580000,0x00000000eb580000)
 ParOldGen       total 39424K, used 24186K [0x00000000a0000000, 0x00000000a2680000, 0x00000000e0000000)
  object space 39424K, 61% used [0x00000000a0000000,0x00000000a179eb08,0x00000000a2680000)
 Metaspace       used 46092K, capacity 47396K, committed 47488K, reserved 1089536K
  class space    used 6214K, capacity 6512K, committed 6528K, reserved 1048576K
}
Event: 60.757 GC heap before
{Heap before GC invocations=13 (full 2):
 PSYoungGen      total 182272K, used 182271K [0x00000000e0000000, 0x00000000ec900000, 0x0000000100000000)
  eden space 169472K, 100% used [0x00000000e0000000,0x00000000ea580000,0x00000000ea580000)
  from space 12800K, 99% used [0x00000000eb580000,0x00000000ec1ffc18,0x00000000ec200000)
  to   space 16384K, 0% used [0x00000000ea580000,0x00000000ea580000,0x00000000eb580000)
 ParOldGen       total 39424K, used 24186K [0x00000000a0000000, 0x00000000a2680000, 0x00000000e0000000)
  object space 39424K, 61% used [0x00000000a0000000,0x00000000a179eb08,0x00000000a2680000)
 Metaspace       used 56814K, capacity 58866K, committed 59008K, reserved 1099776K
  class space    used 7777K, capacity 8203K, committed 8320K, reserved 1048576K
Event: 62.268 GC heap after
Heap after GC invocations=13 (full 2):
 PSYoungGen      total 185856K, used 16379K [0x00000000e0000000, 0x00000000f1400000, 0x0000000100000000)
  eden space 169472K, 0% used [0x00000000e0000000,0x00000000e0000000,0x00000000ea580000)
  from space 16384K, 99% used [0x00000000ea580000,0x00000000eb57ecb8,0x00000000eb580000)
  to   space 22528K, 0% used [0x00000000efe00000,0x00000000efe00000,0x00000000f1400000)
 ParOldGen       total 39424K, used 33648K [0x00000000a0000000, 0x00000000a2680000, 0x00000000e0000000)
  object space 39424K, 85% used [0x00000000a0000000,0x00000000a20dc368,0x00000000a2680000)
 Metaspace       used 56814K, capacity 58866K, committed 59008K, reserved 1099776K
  class space    used 7777K, capacity 8203K, committed 8320K, reserved 1048576K
}
Event: 62.268 GC heap before
{Heap before GC invocations=14 (full 3):
 PSYoungGen      total 185856K, used 16379K [0x00000000e0000000, 0x00000000f1400000, 0x0000000100000000)
  eden space 169472K, 0% used [0x00000000e0000000,0x00000000e0000000,0x00000000ea580000)
  from space 16384K, 99% used [0x00000000ea580000,0x00000000eb57ecb8,0x00000000eb580000)
  to   space 22528K, 0% used [0x00000000efe00000,0x00000000efe00000,0x00000000f1400000)
 ParOldGen       total 39424K, used 33648K [0x00000000a0000000, 0x00000000a2680000, 0x00000000e0000000)
  object space 39424K, 85% used [0x00000000a0000000,0x00000000a20dc368,0x00000000a2680000)
 Metaspace       used 56814K, capacity 58866K, committed 59008K, reserved 1099776K
  class space    used 7777K, capacity 8203K, committed 8320K, reserved 1048576K
Event: 63.011 GC heap after
Heap after GC invocations=14 (full 3):
 PSYoungGen      total 185856K, used 927K [0x00000000e0000000, 0x00000000f1400000, 0x0000000100000000)
  eden space 169472K, 0% used [0x00000000e0000000,0x00000000e0000000,0x00000000ea580000)
  from space 16384K, 5% used [0x00000000ea580000,0x00000000ea667f20,0x00000000eb580000)
  to   space 22528K, 0% used [0x00000000efe00000,0x00000000efe00000,0x00000000f1400000)
 ParOldGen       total 63488K, used 39166K [0x00000000a0000000, 0x00000000a3e00000, 0x00000000e0000000)
  object space 63488K, 61% used [0x00000000a0000000,0x00000000a263f880,0x00000000a3e00000)
 Metaspace       used 56812K, capacity 58860K, committed 59008K, reserved 1099776K
  class space    used 7776K, capacity 8202K, committed 8320K, reserved 1048576K
}

Deoptimization events (10 events):
Event: 47.225 Thread 0x000000001a86d000 Uncommon trap: reason=unstable_if action=reinterpret pc=0x000000000561e4bc method=org.codehaus.groovy.runtime.metaclass.MetaMethodIndex.addMethodToList(Ljava/lang/Object;Lgroovy/lang/MetaMethod;)Ljava/lang/Object; @ 256
Event: 47.760 Thread 0x000000001a86d000 Uncommon trap: reason=unstable_if action=reinterpret pc=0x00000000050a4b48 method=java.io.WinNTFileSystem.normalize(Ljava/lang/String;)Ljava/lang/String; @ 74
Event: 51.139 Thread 0x000000001a86d000 Uncommon trap: reason=unstable_if action=reinterpret pc=0x00000000057b8a00 method=com.sun.org.apache.xerces.internal.util.SymbolTable.addSymbol([CII)Ljava/lang/String; @ 38
Event: 60.721 Thread 0x000000001a86d000 Uncommon trap: reason=unstable_if action=reinterpret pc=0x00000000051ed0a8 method=org.objectweb.asm.Type.getArgumentsAndReturnSizes(Ljava/lang/String;)I @ 109
Event: 63.126 Thread 0x000000001a86d000 Uncommon trap: reason=unstable_if action=reinterpret pc=0x00000000053c1e3c method=java.util.TreeMap.put(Ljava/lang/Object;Ljava/lang/Object;)Ljava/lang/Object; @ 163
Event: 63.169 Thread 0x000000001a86d000 Uncommon trap: reason=unstable_if action=reinterpret pc=0x0000000005912cd4 method=org.gradle.api.internal.project.taskfactory.DefaultTaskClassInfoStore.createTaskAction(Ljava/lang/Class;Ljava/lang/reflect/Method;Ljava/util/Map;)Lorg/gradle/api/internal/pr
Event: 65.734 Thread 0x000000001a86d000 Uncommon trap: reason=unstable_if action=reinterpret pc=0x0000000004c7f250 method=java.util.concurrent.ConcurrentHashMap.get(Ljava/lang/Object;)Ljava/lang/Object; @ 152
Event: 66.000 Thread 0x000000001a86d000 Uncommon trap: reason=unstable_if action=reinterpret pc=0x0000000004c34978 method=com.esotericsoftware.kryo.io.Input.readVarInt(Z)I @ 42
Event: 66.162 Thread 0x000000001a86d000 Uncommon trap: reason=class_check action=maybe_recompile pc=0x0000000004805500 method=java.lang.Throwable.<init>(Ljava/lang/String;Ljava/lang/Throwable;)V @ 24
Event: 66.162 Thread 0x000000001a86d000 Uncommon trap: reason=class_check action=maybe_recompile pc=0x0000000004805500 method=java.lang.Throwable.<init>(Ljava/lang/String;Ljava/lang/Throwable;)V @ 24

Classes redefined (0 events):
No events

Internal exceptions (10 events):
Event: 50.266 Thread 0x000000001a86d000 Exception <a 'java/lang/NoSuchMethodError': java.lang.Object.lambda$static$0(Ljava/util/Set;Ljava/util/Set;)Z> (0x00000000e7f0cc88) thrown at [D:\src\AOSP-openjdk-cygwin\jdk8u\hotspot\src\share\vm\interpreter\linkResolver.cpp, line 620]
Event: 50.271 Thread 0x000000001a86d000 Exception <a 'java/lang/NoSuchMethodError': java.lang.Object.lambda$static$1(Ljava/util/Set;Ljava/util/Set;)Z> (0x00000000e7f0fbf8) thrown at [D:\src\AOSP-openjdk-cygwin\jdk8u\hotspot\src\share\vm\interpreter\linkResolver.cpp, line 620]
Event: 50.273 Thread 0x000000001a86d000 Exception <a 'java/lang/NoSuchMethodError': java.lang.Object.lambda$static$2(Ljava/util/Set;Ljava/util/Set;)Z> (0x00000000e7f12738) thrown at [D:\src\AOSP-openjdk-cygwin\jdk8u\hotspot\src\share\vm\interpreter\linkResolver.cpp, line 620]
Event: 50.274 Thread 0x000000001a86d000 Exception <a 'java/lang/NoSuchMethodError': java.lang.Object.lambda$static$3(Ljava/util/Set;Ljava/util/Set;)Z> (0x00000000e7f15278) thrown at [D:\src\AOSP-openjdk-cygwin\jdk8u\hotspot\src\share\vm\interpreter\linkResolver.cpp, line 620]
Event: 50.275 Thread 0x000000001a86d000 Exception <a 'java/lang/NoSuchMethodError': java.lang.Object.lambda$static$4(Ljava/util/Set;Ljava/util/Set;)Z> (0x00000000e7f17db8) thrown at [D:\src\AOSP-openjdk-cygwin\jdk8u\hotspot\src\share\vm\interpreter\linkResolver.cpp, line 620]
Event: 57.901 Thread 0x000000001a86d000 Exception <a 'java/lang/NoSuchMethodError': java.lang.Object.lambda$identity$2(Ljava/lang/Object;)Ljava/lang/Object;> (0x00000000e91b9df0) thrown at [D:\src\AOSP-openjdk-cygwin\jdk8u\hotspot\src\share\vm\interpreter\linkResolver.cpp, line 620]
Event: 64.812 Thread 0x000000001a86d000 Exception <a 'java/lang/ClassNotFoundException': org/jetbrains/plugins/gradle/tooling/util/SourceSetCachedFinderBeanInfo> (0x00000000e0a1cff0) thrown at [D:\src\AOSP-openjdk-cygwin\jdk8u\hotspot\src\share\vm\classfile\systemDictionary.cpp, line 210]
Event: 64.815 Thread 0x000000001a86d000 Exception <a 'java/lang/ClassNotFoundException': org/jetbrains/plugins/gradle/tooling/util/SourceSetCachedFinderCustomizer> (0x00000000e0a2f188) thrown at [D:\src\AOSP-openjdk-cygwin\jdk8u\hotspot\src\share\vm\classfile\systemDictionary.cpp, line 210]
Event: 67.370 Thread 0x000000001a86d000 Exception <a 'java/lang/ClassNotFoundException': com/sun/org/glassfish/hk2/osgiresourcelocator/ServiceLoader> (0x00000000e26f1d70) thrown at [D:\src\AOSP-openjdk-cygwin\jdk8u\hotspot\src\share\vm\classfile\systemDictionary.cpp, line 210]
Event: 67.638 Thread 0x000000001a86d000 Exception <a 'java/lang/NullPointerException'> (0x00000000e2bea650) thrown at [D:\src\AOSP-openjdk-cygwin\jdk8u\hotspot\src\share\vm\interpreter\linkResolver.cpp, line 1287]

Events (10 events):
Event: 68.062 loading class com/sun/xml/bind/v2/model/impl/PropertyInfoImpl$1
Event: 68.062 loading class com/sun/xml/bind/v2/model/impl/PropertyInfoImpl$1 done
Event: 68.067 loading class javax/xml/bind/annotation/XmlElementDecl$GLOBAL
Event: 68.068 loading class javax/xml/bind/annotation/XmlElementDecl$GLOBAL done
Event: 68.070 loading class com/sun/xml/bind/v2/model/impl/ElementInfoImpl$PropertyImpl
Event: 68.070 loading class com/sun/xml/bind/v2/model/impl/ElementInfoImpl$PropertyImpl done
Event: 68.073 loading class com/sun/xml/bind/v2/model/impl/RuntimeElementInfoImpl$RuntimePropertyImpl
Event: 68.073 loading class com/sun/xml/bind/v2/model/impl/RuntimeElementInfoImpl$RuntimePropertyImpl done
Event: 68.077 loading class com/sun/xml/bind/v2/model/nav/ReflectionNavigator$BinderArg
Event: 68.077 loading class com/sun/xml/bind/v2/model/nav/ReflectionNavigator$BinderArg done


Dynamic libraries:
0x00007ff606b20000 - 0x00007ff606b51000 	C:\Program Files\Android\Android Studio2\jre\bin\java.exe
0x00007ff9a9330000 - 0x00007ff9a9510000 	C:\WINDOWS\SYSTEM32\ntdll.dll
0x00007ff9a7f90000 - 0x00007ff9a803e000 	C:\WINDOWS\System32\KERNEL32.DLL
0x00007ff9a6590000 - 0x00007ff9a67f6000 	C:\WINDOWS\System32\KERNELBASE.dll
0x00007ff9a7da0000 - 0x00007ff9a7e41000 	C:\WINDOWS\System32\ADVAPI32.dll
0x00007ff9a9090000 - 0x00007ff9a912d000 	C:\WINDOWS\System32\msvcrt.dll
0x00007ff9a7d40000 - 0x00007ff9a7d9b000 	C:\WINDOWS\System32\sechost.dll
0x00007ff9a8ef0000 - 0x00007ff9a900f000 	C:\WINDOWS\System32\RPCRT4.dll
0x00007ff9a8d60000 - 0x00007ff9a8eef000 	C:\WINDOWS\System32\USER32.dll
0x00007ff9a57b0000 - 0x00007ff9a57d0000 	C:\WINDOWS\System32\win32u.dll
0x00007ff9a7d10000 - 0x00007ff9a7d38000 	C:\WINDOWS\System32\GDI32.dll
0x00007ff9a57d0000 - 0x00007ff9a5963000 	C:\WINDOWS\System32\gdi32full.dll
0x00007ff9a64f0000 - 0x00007ff9a658b000 	C:\WINDOWS\System32\msvcp_win.dll
0x00007ff9a5b40000 - 0x00007ff9a5c35000 	C:\WINDOWS\System32\ucrtbase.dll
0x00007ff98f620000 - 0x00007ff98f889000 	C:\WINDOWS\WinSxS\amd64_microsoft.windows.common-controls_6595b64144ccf1df_6.0.16299.665_none_15cbd8769361ff10\COMCTL32.dll
0x00007ff9a81f0000 - 0x00007ff9a84f7000 	C:\WINDOWS\System32\combase.dll
0x00007ff9a5730000 - 0x00007ff9a57a2000 	C:\WINDOWS\System32\bcryptPrimitives.dll
0x00007ff9a9130000 - 0x00007ff9a915d000 	C:\WINDOWS\System32\IMM32.DLL
0x0000000056000000 - 0x00000000560d2000 	C:\Program Files\Android\Android Studio2\jre\jre\bin\msvcr100.dll
0x00000000560e0000 - 0x0000000056926000 	C:\Program Files\Android\Android Studio2\jre\jre\bin\server\jvm.dll
0x00007ff9a7eb0000 - 0x00007ff9a7eb8000 	C:\WINDOWS\System32\PSAPI.DLL
0x00007ff995c40000 - 0x00007ff995c49000 	C:\WINDOWS\SYSTEM32\WSOCK32.dll
0x00007ff9a8950000 - 0x00007ff9a89bc000 	C:\WINDOWS\System32\WS2_32.dll
0x00007ff9a2f80000 - 0x00007ff9a2fa3000 	C:\WINDOWS\SYSTEM32\WINMM.dll
0x00007ff9a3fa0000 - 0x00007ff9a3faa000 	C:\WINDOWS\SYSTEM32\VERSION.dll
0x00007ff9a2c80000 - 0x00007ff9a2caa000 	C:\WINDOWS\SYSTEM32\WINMMBASE.dll
0x00007ff9a64a0000 - 0x00007ff9a64ea000 	C:\WINDOWS\System32\cfgmgr32.dll
0x00007ff99fea0000 - 0x00007ff99feaf000 	C:\Program Files\Android\Android Studio2\jre\jre\bin\verify.dll
0x00007ff99f280000 - 0x00007ff99f2a9000 	C:\Program Files\Android\Android Studio2\jre\jre\bin\java.dll
0x00007ff99e0c0000 - 0x00007ff99e0d6000 	C:\Program Files\Android\Android Studio2\jre\jre\bin\zip.dll
0x00007ff9a6800000 - 0x00007ff9a7c38000 	C:\WINDOWS\System32\SHELL32.dll
0x00007ff9a7ec0000 - 0x00007ff9a7f66000 	C:\WINDOWS\System32\shcore.dll
0x00007ff9a5c40000 - 0x00007ff9a6387000 	C:\WINDOWS\System32\windows.storage.dll
0x00007ff9a7e50000 - 0x00007ff9a7ea1000 	C:\WINDOWS\System32\shlwapi.dll
0x00007ff9a56c0000 - 0x00007ff9a56d1000 	C:\WINDOWS\System32\kernel.appcore.dll
0x00007ff9a56e0000 - 0x00007ff9a572c000 	C:\WINDOWS\System32\powrprof.dll
0x00007ff9a56a0000 - 0x00007ff9a56bb000 	C:\WINDOWS\System32\profapi.dll
0x00007ff99e030000 - 0x00007ff99e04a000 	C:\Program Files\Android\Android Studio2\jre\jre\bin\net.dll
0x00007ff9a4f10000 - 0x00007ff9a4f76000 	C:\WINDOWS\system32\mswsock.dll
0x00007ff99cc80000 - 0x00007ff99cc91000 	C:\Program Files\Android\Android Studio2\jre\jre\bin\nio.dll
0x00007ff98cc90000 - 0x00007ff98ccb6000 	C:\Users\Tvw00\.gradle\native\29\windows-amd64\native-platform.dll
0x00007ff99fa60000 - 0x00007ff99fa6d000 	C:\Program Files\Android\Android Studio2\jre\jre\bin\management.dll
0x00007ff9a50e0000 - 0x00007ff9a50f7000 	C:\WINDOWS\SYSTEM32\CRYPTSP.dll
0x00007ff9a4b10000 - 0x00007ff9a4b43000 	C:\WINDOWS\system32\rsaenh.dll
0x00007ff9a51e0000 - 0x00007ff9a5205000 	C:\WINDOWS\SYSTEM32\bcrypt.dll
0x00007ff9a5580000 - 0x00007ff9a55a9000 	C:\WINDOWS\SYSTEM32\USERENV.dll
0x00007ff9a50d0000 - 0x00007ff9a50db000 	C:\WINDOWS\SYSTEM32\CRYPTBASE.dll
0x00007ff9a4ca0000 - 0x00007ff9a4cd9000 	C:\WINDOWS\SYSTEM32\IPHLPAPI.DLL
0x00007ff9a8bf0000 - 0x00007ff9a8bf8000 	C:\WINDOWS\System32\NSI.dll
0x00007ff99eb90000 - 0x00007ff99eba6000 	C:\WINDOWS\SYSTEM32\dhcpcsvc6.DLL
0x00007ff99eb40000 - 0x00007ff99eb5a000 	C:\WINDOWS\SYSTEM32\dhcpcsvc.DLL

VM Arguments:
jvm_args: -Xmx1536m -Dfile.encoding=windows-1252 -Duser.country=US -Duser.language=en -Duser.variant 
java_command: org.gradle.launcher.daemon.bootstrap.GradleDaemon 5.4.1
java_class_path (initial): C:\Users\Tvw00\.gradle\wrapper\dists\gradle-5.4.1-all\3221gyojl5jsh0helicew7rwx\gradle-5.4.1\lib\gradle-launcher-5.4.1.jar
Launcher Type: SUN_STANDARD

Environment Variables:
JAVA_HOME=C:\Program Files (x86)\Java\jdk1.8.0_241
PATH=C:\ProgramData\Oracle\Java\javapath;C:\WINDOWS\system32;C:\WINDOWS;C:\WINDOWS\System32\Wbem;C:\WINDOWS\System32\WindowsPowerShell\v1.0\;C:\Program Files\Java\jdk1.8.0_241\bin;C:\Program Files\Java\jdk1.8.0_241\jre\bin;C:\Users\Tvw00\AppData\Local\Microsoft\WindowsApps;
USERNAME=Tvw00
OS=Windows_NT
PROCESSOR_IDENTIFIER=Intel64 Family 6 Model 92 Stepping 9, GenuineIntel



---------------  S Y S T E M  ---------------

OS: Windows 10.0 , 64 bit Build 16299 (10.0.16299.431)

CPU:total 2 (initial active 2) (2 cores per cpu, 1 threads per core) family 6 model 92 stepping 9, cmov, cx8, fxsr, mmx, sse, sse2, sse3, ssse3, sse4.1, sse4.2, popcnt, aes, clmul, erms, 3dnowpref, tsc, tscinvbit

Memory: 4k page, physical 1924448k(391252k free), swap 3493724k(752k free)

vm_info: OpenJDK 64-Bit Server VM (25.202-b03) for windows-amd64 JRE (1.8.0_202-release-1483-b03), built by "builder" with MS VC++ 10.0 (VS2010)

time: Thu May 14 21:08:53 2020
timezone: Central Daylight Time
elapsed time: 68 seconds (0d 0h 1m 8s)

