#
# There is insufficient memory for the Java Runtime Environment to continue.
# Native memory allocation (malloc) failed to allocate 1073056 bytes for Chunk::new
# Possible reasons:
#   The system is out of physical RAM or swap space
#   The process is running with CompressedOops enabled, and the Java Heap may be blocking the growth of the native heap
# Possible solutions:
#   Reduce memory load on the system
#   Increase physical memory or swap space
#   Check if swap backing store is full
#   Decrease Java heap size (-Xmx/-Xms)
#   Decrease number of Java threads
#   Decrease Java thread stack sizes (-Xss)
#   Set larger code cache with -XX:ReservedCodeCacheSize=
#   JVM is running with Unscaled Compressed Oops mode in which the Java heap is
#     placed in the first 4GB address space. The Java Heap base address is the
#     maximum limit for the native heap growth. Please use -XX:HeapBaseMinAddress
#     to set the Java Heap base and to place the Java Heap above 4GB virtual address.
# This output file may be truncated or incomplete.
#
#  Out of Memory Error (allocation.cpp:389), pid=2184, tid=0x0000000000001e0c
#
# JRE version: OpenJDK Runtime Environment (8.0_202-b03) (build 1.8.0_202-release-1483-b03)
# Java VM: OpenJDK 64-Bit Server VM (25.202-b03 mixed mode windows-amd64 compressed oops)
# Failed to write core dump. Minidumps are not enabled by default on client versions of Windows
#

---------------  T H R E A D  ---------------

Current thread (0x0000000017dca000):  JavaThread "C2 CompilerThread0" daemon [_thread_in_native, id=7692, stack(0x0000000018df0000,0x0000000018ef0000)]

Stack: [0x0000000018df0000,0x0000000018ef0000]
[error occurred during error reporting (printing stack bounds), id 0xc0000005]

Native frames: (J=compiled Java code, j=interpreted, Vv=VM code, C=native code)


Current CompileTask:
C2: 625991 13580 %     4       com.android.tools.r8.ir.regalloc.LinearScanRegisterAllocator::a @ 2036 (3743 bytes)


---------------  P R O C E S S  ---------------

Java Threads: ( => current thread )
  0x000000001c8df800 JavaThread "Cache worker for Java compile cache (E:\COMP SCI 4\MapProject\.gradle\5.4.1\javaCompile)" [_thread_blocked, id=796, stack(0x0000000024f40000,0x0000000025040000)]
  0x000000001c8dc800 JavaThread "Cache worker for Java compile cache (C:\Users\Tvw00\.gradle\caches\5.4.1\javaCompile)" [_thread_blocked, id=3320, stack(0x0000000024e40000,0x0000000024f40000)]
  0x000000001c8d7800 JavaThread "WorkerExecutor Queue Thread 2" [_thread_blocked, id=2796, stack(0x0000000024d40000,0x0000000024e40000)]
  0x000000001c8de000 JavaThread "stdout" [_thread_in_native, id=4336, stack(0x0000000024c40000,0x0000000024d40000)]
  0x000000001c8d8000 JavaThread "stderr" [_thread_in_native, id=6372, stack(0x0000000024b40000,0x0000000024c40000)]
  0x000000001c8dd800 JavaThread "pool-3-thread-1" [_thread_blocked, id=4436, stack(0x0000000024a40000,0x0000000024b40000)]
  0x000000001c8dc000 JavaThread "WorkerExecutor Queue" [_thread_blocked, id=4488, stack(0x0000000024940000,0x0000000024a40000)]
  0x00000000192e4000 JavaThread "Cache worker for execution history cache (E:\COMP SCI 4\MapProject\.gradle\5.4.1\executionHistory)" [_thread_blocked, id=5932, stack(0x0000000024840000,0x0000000024940000)]
  0x000000001caea000 JavaThread "Execution worker for ':'" [_thread_in_Java, id=224, stack(0x0000000024740000,0x0000000024840000)]
  0x000000001caf0000 JavaThread "Cache worker for file content cache (E:\COMP SCI 4\MapProject\.gradle\5.4.1\fileContent)" [_thread_blocked, id=5188, stack(0x0000000024640000,0x0000000024740000)]
  0x000000001caee800 JavaThread "Cache worker for file content cache (C:\Users\Tvw00\.gradle\caches\5.4.1\fileContent)" [_thread_blocked, id=6212, stack(0x0000000024540000,0x0000000024640000)]
  0x000000001caed800 JavaThread "Cache worker for Build Output Cleanup Cache (E:\COMP SCI 4\MapProject\.gradle\buildOutputCleanup)" [_thread_blocked, id=4548, stack(0x0000000023470000,0x0000000023570000)]
  0x000000001caef000 JavaThread "pool-2-thread-1" [_thread_blocked, id=264, stack(0x0000000023370000,0x0000000023470000)]
  0x000000001cae9000 JavaThread "Build operations Thread 2" [_thread_blocked, id=7460, stack(0x0000000023270000,0x0000000023370000)]
  0x000000001caed000 JavaThread "Build operations" [_thread_blocked, id=7204, stack(0x0000000023170000,0x0000000023270000)]
  0x000000001caeb800 JavaThread "Cache worker for cache directory md-rule (C:\Users\Tvw00\.gradle\caches\5.4.1\md-rule)" [_thread_blocked, id=6436, stack(0x0000000023070000,0x0000000023170000)]
  0x000000001cae8800 JavaThread "Cache worker for cache directory md-supplier (C:\Users\Tvw00\.gradle\caches\5.4.1\md-supplier)" [_thread_blocked, id=2296, stack(0x0000000022f70000,0x0000000023070000)]
  0x000000001caea800 JavaThread "Cache worker for file hash cache (E:\COMP SCI 4\MapProject\.gradle\5.4.1\fileHashes)" [_thread_blocked, id=6604, stack(0x0000000022e70000,0x0000000022f70000)]
  0x000000001cae1000 JavaThread "Thread-28" [_thread_blocked, id=7904, stack(0x0000000022d70000,0x0000000022e70000)]
  0x000000001cae3000 JavaThread "Asynchronous log dispatcher for DefaultDaemonConnection: socket connection from /127.0.0.1:51999 to /127.0.0.1:52081" [_thread_blocked, id=6600, stack(0x0000000022b70000,0x0000000022c70000)]
  0x000000001cae7000 JavaThread "Daemon worker Thread 2" [_thread_in_vm, id=3496, stack(0x0000000022a70000,0x0000000022b70000)]
  0x000000001cae5800 JavaThread "Cancel handler" [_thread_blocked, id=3208, stack(0x0000000022970000,0x0000000022a70000)]
  0x000000001cae4800 JavaThread "Handler for socket connection from /127.0.0.1:51999 to /127.0.0.1:52081" [_thread_in_native, id=7020, stack(0x0000000022870000,0x0000000022970000)]
  0x000000001cae6000 JavaThread "Daemon Thread 2" [_thread_blocked, id=7404, stack(0x0000000022770000,0x0000000022870000)]
  0x000000001cae2800 JavaThread "Memory manager" [_thread_blocked, id=6580, stack(0x0000000021e70000,0x0000000021f70000)]
  0x000000001cae7800 JavaThread "Cache worker for execution history cache (C:\Users\Tvw00\.gradle\caches\5.4.1\executionHistory)" [_thread_blocked, id=1936, stack(0x0000000020770000,0x0000000020870000)]
  0x00000000192e1000 JavaThread "Cache worker for journal cache (C:\Users\Tvw00\.gradle\caches\journal-1)" [_thread_blocked, id=2808, stack(0x000000001c240000,0x000000001c340000)]
  0x00000000192e0000 JavaThread "File lock request listener" [_thread_in_native, id=5088, stack(0x000000001c140000,0x000000001c240000)]
  0x00000000192df800 JavaThread "Cache worker for file hash cache (C:\Users\Tvw00\.gradle\caches\5.4.1\fileHashes)" [_thread_blocked, id=5280, stack(0x000000001c040000,0x000000001c140000)]
  0x000000001a8d4800 JavaThread "Daemon periodic checks" [_thread_blocked, id=5740, stack(0x000000001b640000,0x000000001b740000)]
  0x000000001a8d7800 JavaThread "Incoming local TCP Connector on port 51999" [_thread_in_native, id=6928, stack(0x000000001b400000,0x000000001b500000)]
  0x000000001a6b6000 JavaThread "Daemon health stats" [_thread_blocked, id=4940, stack(0x000000001adc0000,0x000000001aec0000)]
  0x0000000017e32000 JavaThread "Service Thread" daemon [_thread_blocked, id=6480, stack(0x0000000018ff0000,0x00000000190f0000)]
  0x0000000017dcd800 JavaThread "C1 CompilerThread1" daemon [_thread_blocked, id=5880, stack(0x0000000018ef0000,0x0000000018ff0000)]
=>0x0000000017dca000 JavaThread "C2 CompilerThread0" daemon [_thread_in_native, id=7692, stack(0x0000000018df0000,0x0000000018ef0000)]
  0x0000000017dc8800 JavaThread "Attach Listener" daemon [_thread_blocked, id=5852, stack(0x0000000018cf0000,0x0000000018df0000)]
  0x000000000469e800 JavaThread "Signal Dispatcher" daemon [_thread_blocked, id=780, stack(0x0000000018bf0000,0x0000000018cf0000)]
  0x0000000004696800 JavaThread "Finalizer" daemon [_thread_blocked, id=6808, stack(0x0000000018a00000,0x0000000018b00000)]
  0x0000000017db7000 JavaThread "Reference Handler" daemon [_thread_blocked, id=4228, stack(0x0000000018900000,0x0000000018a00000)]
  0x000000000288e000 JavaThread "main" [_thread_blocked, id=956, stack(0x00000000044a0000,0x00000000045a0000)]

Other Threads:
  0x0000000017d95800 VMThread [stack: 0x0000000018800000,0x0000000018900000] [id=7040]
  0x0000000017e28000 WatcherThread [stack: 0x00000000190f0000,0x00000000191f0000] [id=6056]

VM state:not at safepoint (normal execution)

VM Mutex/Monitor currently owned by a thread: None

heap address: 0x00000000a0000000, size: 1536 MB, Compressed Oops mode: 32-bit
Narrow klass base: 0x0000000000000000, Narrow klass shift: 3
Compressed class space size: 1073741824 Address: 0x0000000100000000

Heap:
 PSYoungGen      total 212480K, used 140417K [0x00000000e0000000, 0x00000000f2480000, 0x0000000100000000)
  eden space 183808K, 76% used [0x00000000e0000000,0x00000000e89204f8,0x00000000eb380000)
  from space 28672K, 0% used [0x00000000eb380000,0x00000000eb380000,0x00000000ecf80000)
  to   space 41984K, 0% used [0x00000000efb80000,0x00000000efb80000,0x00000000f2480000)
 ParOldGen       total 118272K, used 69721K [0x00000000a0000000, 0x00000000a7380000, 0x00000000e0000000)
  object space 118272K, 58% used [0x00000000a0000000,0x00000000a4416548,0x00000000a7380000)
 Metaspace       used 81517K, capacity 84298K, committed 84440K, reserved 1122304K
  class space    used 10600K, capacity 11195K, committed 11264K, reserved 1048576K

Card table byte_map: [0x0000000013a60000,0x0000000013d70000] byte_map_base: 0x0000000013560000

Marking Bits: (ParMarkBitMap*) 0x0000000070b89f30
 Begin Bits: [0x0000000014170000, 0x0000000015970000)
 End Bits:   [0x0000000015970000, 0x0000000017170000)

Polling page: 0x0000000002850000

CodeCache: size=245760Kb used=40521Kb max_used=40521Kb free=205238Kb
 bounds [0x00000000046a0000, 0x0000000006e60000, 0x00000000136a0000]
 total_blobs=12371 nmethods=11526 adapters=756
 compilation: enabled

Compilation events (10 events):
Event: 625.479 Thread 0x0000000017dcd800 13606       2       java.util.HashMap$HashMapSpliterator::<init> (32 bytes)
Event: 625.480 Thread 0x0000000017dcd800 nmethod 13606 0x0000000006e58610 code [0x0000000006e58760, 0x0000000006e588d0]
Event: 625.480 Thread 0x0000000017dcd800 13607       2       java.util.HashMap$HashMapSpliterator::estimateSize (11 bytes)
Event: 625.480 Thread 0x0000000017dcd800 nmethod 13607 0x0000000006e58950 code [0x0000000006e58ac0, 0x0000000006e58c48]
Event: 625.482 Thread 0x0000000017dcd800 13608       2       com.android.tools.r8.ir.code.Value::b (73 bytes)
Event: 625.482 Thread 0x0000000017dcd800 nmethod 13608 0x0000000006e58cd0 code [0x0000000006e58e20, 0x0000000006e58f90]
Event: 625.515 Thread 0x0000000017dcd800 13609       2       com.android.tools.r8.m.a.a.a.H::a (49 bytes)
Event: 625.516 Thread 0x0000000017dcd800 nmethod 13609 0x0000000006e59050 code [0x0000000006e591e0, 0x0000000006e595b8]
Event: 625.528 Thread 0x0000000017dcd800 13610       2       com.android.tools.r8.ir.analysis.g.e::b (83 bytes)
Event: 625.531 Thread 0x0000000017dcd800 nmethod 13610 0x0000000006e59750 code [0x0000000006e59940, 0x0000000006e59f48]

GC Heap History (10 events):
Event: 81.631 GC heap before
{Heap before GC invocations=17 (full 3):
 PSYoungGen      total 167424K, used 13308K [0x00000000e0000000, 0x00000000eca00000, 0x0000000100000000)
  eden space 154112K, 0% used [0x00000000e0000000,0x00000000e0000000,0x00000000e9680000)
  from space 13312K, 99% used [0x00000000ea900000,0x00000000eb5ff1d8,0x00000000eb600000)
  to   space 18944K, 0% used [0x00000000e9680000,0x00000000e9680000,0x00000000ea900000)
 ParOldGen       total 37888K, used 31089K [0x00000000a0000000, 0x00000000a2500000, 0x00000000e0000000)
  object space 37888K, 82% used [0x00000000a0000000,0x00000000a1e5c5e8,0x00000000a2500000)
 Metaspace       used 54064K, capacity 55470K, committed 55640K, reserved 1097728K
  class space    used 7329K, capacity 7691K, committed 7808K, reserved 1048576K
Event: 83.402 GC heap after
Heap after GC invocations=17 (full 3):
 PSYoungGen      total 167424K, used 0K [0x00000000e0000000, 0x00000000eca00000, 0x0000000100000000)
  eden space 154112K, 0% used [0x00000000e0000000,0x00000000e0000000,0x00000000e9680000)
  from space 13312K, 0% used [0x00000000ea900000,0x00000000ea900000,0x00000000eb600000)
  to   space 18944K, 0% used [0x00000000e9680000,0x00000000e9680000,0x00000000ea900000)
 ParOldGen       total 67584K, used 36468K [0x00000000a0000000, 0x00000000a4200000, 0x00000000e0000000)
  object space 67584K, 53% used [0x00000000a0000000,0x00000000a239d3b8,0x00000000a4200000)
 Metaspace       used 54064K, capacity 55470K, committed 55640K, reserved 1097728K
  class space    used 7329K, capacity 7691K, committed 7808K, reserved 1048576K
}
Event: 492.667 GC heap before
{Heap before GC invocations=18 (full 3):
 PSYoungGen      total 167424K, used 154112K [0x00000000e0000000, 0x00000000eca00000, 0x0000000100000000)
  eden space 154112K, 100% used [0x00000000e0000000,0x00000000e9680000,0x00000000e9680000)
  from space 13312K, 0% used [0x00000000ea900000,0x00000000ea900000,0x00000000eb600000)
  to   space 18944K, 0% used [0x00000000e9680000,0x00000000e9680000,0x00000000ea900000)
 ParOldGen       total 67584K, used 36468K [0x00000000a0000000, 0x00000000a4200000, 0x00000000e0000000)
  object space 67584K, 53% used [0x00000000a0000000,0x00000000a239d3b8,0x00000000a4200000)
 Metaspace       used 63465K, capacity 65394K, committed 65752K, reserved 1105920K
  class space    used 8402K, capacity 8841K, committed 8960K, reserved 1048576K
Event: 493.462 GC heap after
Heap after GC invocations=18 (full 3):
 PSYoungGen      total 173056K, used 14059K [0x00000000e0000000, 0x00000000ee300000, 0x0000000100000000)
  eden space 154112K, 0% used [0x00000000e0000000,0x00000000e0000000,0x00000000e9680000)
  from space 18944K, 74% used [0x00000000e9680000,0x00000000ea43ae78,0x00000000ea900000)
  to   space 19968K, 0% used [0x00000000ecf80000,0x00000000ecf80000,0x00000000ee300000)
 ParOldGen       total 67584K, used 36540K [0x00000000a0000000, 0x00000000a4200000, 0x00000000e0000000)
  object space 67584K, 54% used [0x00000000a0000000,0x00000000a23af3c8,0x00000000a4200000)
 Metaspace       used 63465K, capacity 65394K, committed 65752K, reserved 1105920K
  class space    used 8402K, capacity 8841K, committed 8960K, reserved 1048576K
}
Event: 516.899 GC heap before
{Heap before GC invocations=19 (full 3):
 PSYoungGen      total 173056K, used 164846K [0x00000000e0000000, 0x00000000ee300000, 0x0000000100000000)
  eden space 154112K, 97% used [0x00000000e0000000,0x00000000e93409b0,0x00000000e9680000)
  from space 18944K, 74% used [0x00000000e9680000,0x00000000ea43ae78,0x00000000ea900000)
  to   space 19968K, 0% used [0x00000000ecf80000,0x00000000ecf80000,0x00000000ee300000)
 ParOldGen       total 67584K, used 36540K [0x00000000a0000000, 0x00000000a4200000, 0x00000000e0000000)
  object space 67584K, 54% used [0x00000000a0000000,0x00000000a23af3c8,0x00000000a4200000)
 Metaspace       used 66254K, capacity 68236K, committed 68312K, reserved 1107968K
  class space    used 8703K, capacity 9188K, committed 9216K, reserved 1048576K
Event: 517.250 GC heap after
Heap after GC invocations=19 (full 3):
 PSYoungGen      total 203776K, used 19953K [0x00000000e0000000, 0x00000000ef300000, 0x0000000100000000)
  eden space 183808K, 0% used [0x00000000e0000000,0x00000000e0000000,0x00000000eb380000)
  from space 19968K, 99% used [0x00000000ecf80000,0x00000000ee2fc638,0x00000000ee300000)
  to   space 28672K, 0% used [0x00000000eb380000,0x00000000eb380000,0x00000000ecf80000)
 ParOldGen       total 67584K, used 50932K [0x00000000a0000000, 0x00000000a4200000, 0x00000000e0000000)
  object space 67584K, 75% used [0x00000000a0000000,0x00000000a31bd1e0,0x00000000a4200000)
 Metaspace       used 66254K, capacity 68236K, committed 68312K, reserved 1107968K
  class space    used 8703K, capacity 9188K, committed 9216K, reserved 1048576K
}
Event: 580.527 GC heap before
{Heap before GC invocations=20 (full 3):
 PSYoungGen      total 203776K, used 203761K [0x00000000e0000000, 0x00000000ef300000, 0x0000000100000000)
  eden space 183808K, 100% used [0x00000000e0000000,0x00000000eb380000,0x00000000eb380000)
  from space 19968K, 99% used [0x00000000ecf80000,0x00000000ee2fc638,0x00000000ee300000)
  to   space 28672K, 0% used [0x00000000eb380000,0x00000000eb380000,0x00000000ecf80000)
 ParOldGen       total 67584K, used 50932K [0x00000000a0000000, 0x00000000a4200000, 0x00000000e0000000)
  object space 67584K, 75% used [0x00000000a0000000,0x00000000a31bd1e0,0x00000000a4200000)
 Metaspace       used 73322K, capacity 75462K, committed 75480K, reserved 1114112K
  class space    used 9507K, capacity 9981K, committed 9984K, reserved 1048576K
Event: 582.433 GC heap after
Heap after GC invocations=20 (full 3):
 PSYoungGen      total 212480K, used 28648K [0x00000000e0000000, 0x00000000f2480000, 0x0000000100000000)
  eden space 183808K, 0% used [0x00000000e0000000,0x00000000e0000000,0x00000000eb380000)
  from space 28672K, 99% used [0x00000000eb380000,0x00000000ecf7a290,0x00000000ecf80000)
  to   space 41984K, 0% used [0x00000000efb80000,0x00000000efb80000,0x00000000f2480000)
 ParOldGen       total 73216K, used 72710K [0x00000000a0000000, 0x00000000a4780000, 0x00000000e0000000)
  object space 73216K, 99% used [0x00000000a0000000,0x00000000a47019d8,0x00000000a4780000)
 Metaspace       used 73322K, capacity 75462K, committed 75480K, reserved 1114112K
  class space    used 9507K, capacity 9981K, committed 9984K, reserved 1048576K
}
Event: 582.439 GC heap before
{Heap before GC invocations=21 (full 4):
 PSYoungGen      total 212480K, used 28648K [0x00000000e0000000, 0x00000000f2480000, 0x0000000100000000)
  eden space 183808K, 0% used [0x00000000e0000000,0x00000000e0000000,0x00000000eb380000)
  from space 28672K, 99% used [0x00000000eb380000,0x00000000ecf7a290,0x00000000ecf80000)
  to   space 41984K, 0% used [0x00000000efb80000,0x00000000efb80000,0x00000000f2480000)
 ParOldGen       total 73216K, used 72710K [0x00000000a0000000, 0x00000000a4780000, 0x00000000e0000000)
  object space 73216K, 99% used [0x00000000a0000000,0x00000000a47019d8,0x00000000a4780000)
 Metaspace       used 73322K, capacity 75462K, committed 75480K, reserved 1114112K
  class space    used 9507K, capacity 9981K, committed 9984K, reserved 1048576K
Event: 588.671 GC heap after
Heap after GC invocations=21 (full 4):
 PSYoungGen      total 212480K, used 0K [0x00000000e0000000, 0x00000000f2480000, 0x0000000100000000)
  eden space 183808K, 0% used [0x00000000e0000000,0x00000000e0000000,0x00000000eb380000)
  from space 28672K, 0% used [0x00000000eb380000,0x00000000eb380000,0x00000000ecf80000)
  to   space 41984K, 0% used [0x00000000efb80000,0x00000000efb80000,0x00000000f2480000)
 ParOldGen       total 118272K, used 69721K [0x00000000a0000000, 0x00000000a7380000, 0x00000000e0000000)
  object space 118272K, 58% used [0x00000000a0000000,0x00000000a4416548,0x00000000a7380000)
 Metaspace       used 73303K, capacity 75406K, committed 75480K, reserved 1114112K
  class space    used 9501K, capacity 9971K, committed 9984K, reserved 1048576K
}

Deoptimization events (10 events):
Event: 623.347 Thread 0x000000001caea000 Uncommon trap: reason=unstable_if action=reinterpret pc=0x0000000006d993d0 method=com.android.tools.r8.ir.conversion.N.c(Lcom/android/tools/r8/t/a/a/G/a;)[I @ 25
Event: 623.616 Thread 0x000000001cae7000 Uncommon trap: reason=class_check action=maybe_recompile pc=0x00000000047f8c40 method=java.util.Spliterators$1Adapter.hasNext()Z @ 12
Event: 623.616 Thread 0x000000001cae7000 Uncommon trap: reason=class_check action=maybe_recompile pc=0x00000000047f8c40 method=java.util.Spliterators$1Adapter.hasNext()Z @ 12
Event: 623.896 Thread 0x000000001cae7000 Uncommon trap: reason=unstable_if action=reinterpret pc=0x0000000005db7194 method=org.gradle.api.internal.changedetection.state.GlobalScopeFileTimeStampInspector.timestampCanBeUsedToDetectFileChange(Ljava/lang/String;J)Z @ 37
Event: 623.912 Thread 0x000000001cae7000 Uncommon trap: reason=unstable_if action=reinterpret pc=0x0000000005d472b8 method=org.gradle.api.internal.changedetection.state.GlobalScopeFileTimeStampInspector.timestampCanBeUsedToDetectFileChange(Ljava/lang/String;J)Z @ 37
Event: 625.205 Thread 0x000000001caea000 Uncommon trap: reason=unstable_if action=reinterpret pc=0x0000000006d351f0 method=com.android.tools.r8.ir.regalloc.a.a(ILcom/android/tools/r8/ir/regalloc/a$a;)Z @ 84
Event: 625.349 Thread 0x000000001caea000 Uncommon trap: reason=unstable_if action=reinterpret pc=0x0000000005124130 method=java.util.HashMap.putVal(ILjava/lang/Object;Ljava/lang/Object;ZZ)Ljava/lang/Object; @ 162
Event: 625.349 Thread 0x000000001caea000 Uncommon trap: reason=unstable_if action=reinterpret pc=0x00000000053d8758 method=java.util.HashMap.putVal(ILjava/lang/Object;Ljava/lang/Object;ZZ)Ljava/lang/Object; @ 162
Event: 625.353 Thread 0x000000001caea000 Uncommon trap: reason=unstable_if action=reinterpret pc=0x0000000004830194 method=java.util.HashMap.getNode(ILjava/lang/Object;)Ljava/util/HashMap$Node; @ 84
Event: 625.358 Thread 0x000000001caea000 Uncommon trap: reason=unstable_if action=reinterpret pc=0x0000000004e982ec method=java.util.HashMap.getNode(ILjava/lang/Object;)Ljava/util/HashMap$Node; @ 84

Classes redefined (0 events):
No events

Internal exceptions (10 events):
Event: 609.830 Thread 0x000000001caea000 Exception <a 'java/lang/NoSuchMethodError': java.lang.Object.lambda$and$0(Ljava/util/function/Predicate;Ljava/lang/Object;)Z> (0x00000000e1587d18) thrown at [D:\src\AOSP-openjdk-cygwin\jdk8u\hotspot\src\share\vm\interpreter\linkResolver.cpp, line 620]
Event: 609.830 Thread 0x000000001cae7000 Exception <a 'java/lang/NoSuchMethodError': java.lang.Object.lambda$and$0(Ljava/util/function/Predicate;Ljava/lang/Object;)Z> (0x00000000e152c978) thrown at [D:\src\AOSP-openjdk-cygwin\jdk8u\hotspot\src\share\vm\interpreter\linkResolver.cpp, line 620]
Event: 610.103 Thread 0x000000001cae7000 Exception <a 'sun/nio/fs/WindowsException'> (0x00000000e19b0d28) thrown at [D:\src\AOSP-openjdk-cygwin\jdk8u\hotspot\src\share\vm\prims\jni.cpp, line 710]
Event: 610.104 Thread 0x000000001caea000 Exception <a 'sun/nio/fs/WindowsException'> (0x00000000e1a24848) thrown at [D:\src\AOSP-openjdk-cygwin\jdk8u\hotspot\src\share\vm\prims\jni.cpp, line 710]
Event: 610.409 Thread 0x000000001cae7000 Exception <a 'java/lang/NoSuchMethodError': java.lang.Object.lambda$identity$2(Ljava/lang/Object;)Ljava/lang/Object;> (0x00000000e1d753e0) thrown at [D:\src\AOSP-openjdk-cygwin\jdk8u\hotspot\src\share\vm\interpreter\linkResolver.cpp, line 620]
Event: 612.563 Thread 0x000000001caea000 Exception <a 'java/lang/NoSuchMethodError': java.lang.Object.lambda$maxBy$1(Ljava/util/Comparator;Ljava/lang/Object;Ljava/lang/Object;)Ljava/lang/Object;> (0x00000000e2cda608) thrown at [D:\src\AOSP-openjdk-cygwin\jdk8u\hotspot\src\share\vm\interpreter\li
Event: 614.683 Thread 0x000000001cae7000 Exception <a 'sun/nio/fs/WindowsException'> (0x00000000e3e8d520) thrown at [D:\src\AOSP-openjdk-cygwin\jdk8u\hotspot\src\share\vm\prims\jni.cpp, line 710]
Event: 615.523 Thread 0x000000001cae7000 Exception <a 'sun/nio/fs/WindowsException'> (0x00000000e48abe10) thrown at [D:\src\AOSP-openjdk-cygwin\jdk8u\hotspot\src\share\vm\prims\jni.cpp, line 710]
Event: 621.804 Thread 0x000000001cae7000 Exception <a 'sun/nio/fs/WindowsException'> (0x00000000e6894400) thrown at [D:\src\AOSP-openjdk-cygwin\jdk8u\hotspot\src\share\vm\prims\jni.cpp, line 710]
Event: 625.226 Thread 0x000000001cae7000 Exception <a 'sun/nio/fs/WindowsException'> (0x00000000e782e210) thrown at [D:\src\AOSP-openjdk-cygwin\jdk8u\hotspot\src\share\vm\prims\jni.cpp, line 710]

Events (10 events):
Event: 625.349 Thread 0x000000001caea000 DEOPT UNPACKING pc=0x00000000046e557b sp=0x000000002483ae80 mode 2
Event: 625.349 Thread 0x000000001caea000 Uncommon trap: trap_request=0xffffff65 fr.pc=0x00000000053d8758
Event: 625.349 Thread 0x000000001caea000 DEOPT PACKING pc=0x00000000053d8758 sp=0x000000002483aee0
Event: 625.349 Thread 0x000000001caea000 DEOPT UNPACKING pc=0x00000000046e557b sp=0x000000002483ae78 mode 2
Event: 625.353 Thread 0x000000001caea000 Uncommon trap: trap_request=0xffffff65 fr.pc=0x0000000004830194
Event: 625.353 Thread 0x000000001caea000 DEOPT PACKING pc=0x0000000004830194 sp=0x000000002483afa0
Event: 625.353 Thread 0x000000001caea000 DEOPT UNPACKING pc=0x00000000046e557b sp=0x000000002483aeb8 mode 2
Event: 625.358 Thread 0x000000001caea000 Uncommon trap: trap_request=0xffffff65 fr.pc=0x0000000004e982ec
Event: 625.358 Thread 0x000000001caea000 DEOPT PACKING pc=0x0000000004e982ec sp=0x000000002483af30
Event: 625.358 Thread 0x000000001caea000 DEOPT UNPACKING pc=0x00000000046e557b sp=0x000000002483aea8 mode 2


Dynamic libraries:
0x00007ff76c100000 - 0x00007ff76c131000 	C:\Program Files\Android\Android Studio2\jre\bin\java.exe
0x00007ff8b30b0000 - 0x00007ff8b3290000 	C:\WINDOWS\SYSTEM32\ntdll.dll
0x00007ff8b2e40000 - 0x00007ff8b2eee000 	C:\WINDOWS\System32\KERNEL32.DLL
0x00007ff8af650000 - 0x00007ff8af8b6000 	C:\WINDOWS\System32\KERNELBASE.dll
0x00007ff8b2850000 - 0x00007ff8b28f1000 	C:\WINDOWS\System32\ADVAPI32.dll
0x00007ff8b21b0000 - 0x00007ff8b224d000 	C:\WINDOWS\System32\msvcrt.dll
0x00007ff8b2900000 - 0x00007ff8b295b000 	C:\WINDOWS\System32\sechost.dll
0x00007ff8b2ab0000 - 0x00007ff8b2bcf000 	C:\WINDOWS\System32\RPCRT4.dll
0x00007ff8b19d0000 - 0x00007ff8b1b5f000 	C:\WINDOWS\System32\USER32.dll
0x00007ff8af4b0000 - 0x00007ff8af4d0000 	C:\WINDOWS\System32\win32u.dll
0x00007ff8b2180000 - 0x00007ff8b21a8000 	C:\WINDOWS\System32\GDI32.dll
0x00007ff8afa90000 - 0x00007ff8afc23000 	C:\WINDOWS\System32\gdi32full.dll
0x00007ff8b0430000 - 0x00007ff8b04cb000 	C:\WINDOWS\System32\msvcp_win.dll
0x00007ff8af4d0000 - 0x00007ff8af5c5000 	C:\WINDOWS\System32\ucrtbase.dll
0x00007ff89a6b0000 - 0x00007ff89a919000 	C:\WINDOWS\WinSxS\amd64_microsoft.windows.common-controls_6595b64144ccf1df_6.0.16299.665_none_15cbd8769361ff10\COMCTL32.dll
0x00007ff8b22c0000 - 0x00007ff8b25c7000 	C:\WINDOWS\System32\combase.dll
0x00007ff8af5d0000 - 0x00007ff8af642000 	C:\WINDOWS\System32\bcryptPrimitives.dll
0x00007ff8b1fb0000 - 0x00007ff8b1fdd000 	C:\WINDOWS\System32\IMM32.DLL
0x00000000702e0000 - 0x00000000703b2000 	C:\Program Files\Android\Android Studio2\jre\jre\bin\msvcr100.dll
0x00000000703c0000 - 0x0000000070c06000 	C:\Program Files\Android\Android Studio2\jre\jre\bin\server\jvm.dll
0x00007ff8b22b0000 - 0x00007ff8b22b8000 	C:\WINDOWS\System32\PSAPI.DLL
0x00007ff8a5eb0000 - 0x00007ff8a5eb9000 	C:\WINDOWS\SYSTEM32\WSOCK32.dll
0x00007ff8b29e0000 - 0x00007ff8b2a4c000 	C:\WINDOWS\System32\WS2_32.dll
0x00007ff8ac7c0000 - 0x00007ff8ac7e3000 	C:\WINDOWS\SYSTEM32\WINMM.dll
0x00007ff8a8a30000 - 0x00007ff8a8a3a000 	C:\WINDOWS\SYSTEM32\VERSION.dll
0x00007ff8ac560000 - 0x00007ff8ac58a000 	C:\WINDOWS\SYSTEM32\WINMMBASE.dll
0x00007ff8b03e0000 - 0x00007ff8b042a000 	C:\WINDOWS\System32\cfgmgr32.dll
0x00007ff8ac9d0000 - 0x00007ff8ac9df000 	C:\Program Files\Android\Android Studio2\jre\jre\bin\verify.dll
0x00007ff8a8250000 - 0x00007ff8a8279000 	C:\Program Files\Android\Android Studio2\jre\jre\bin\java.dll
0x00007ff8a8c10000 - 0x00007ff8a8c26000 	C:\Program Files\Android\Android Studio2\jre\jre\bin\zip.dll
0x00007ff8b0580000 - 0x00007ff8b19b8000 	C:\WINDOWS\System32\SHELL32.dll
0x00007ff8b2d90000 - 0x00007ff8b2e36000 	C:\WINDOWS\System32\shcore.dll
0x00007ff8afc90000 - 0x00007ff8b03d7000 	C:\WINDOWS\System32\windows.storage.dll
0x00007ff8b2a50000 - 0x00007ff8b2aa1000 	C:\WINDOWS\System32\shlwapi.dll
0x00007ff8af420000 - 0x00007ff8af431000 	C:\WINDOWS\System32\kernel.appcore.dll
0x00007ff8af440000 - 0x00007ff8af48c000 	C:\WINDOWS\System32\powrprof.dll
0x00007ff8af400000 - 0x00007ff8af41b000 	C:\WINDOWS\System32\profapi.dll
0x00007ff8a8230000 - 0x00007ff8a824a000 	C:\Program Files\Android\Android Studio2\jre\jre\bin\net.dll
0x00007ff8aec90000 - 0x00007ff8aecf6000 	C:\WINDOWS\system32\mswsock.dll
0x00007ff8a3290000 - 0x00007ff8a32a1000 	C:\Program Files\Android\Android Studio2\jre\jre\bin\nio.dll
0x00007ff8a9910000 - 0x00007ff8a9936000 	C:\Users\Tvw00\.gradle\native\29\windows-amd64\native-platform.dll
0x00007ff8a8220000 - 0x00007ff8a822d000 	C:\Program Files\Android\Android Studio2\jre\jre\bin\management.dll
0x00007ff8aee60000 - 0x00007ff8aee77000 	C:\WINDOWS\SYSTEM32\CRYPTSP.dll
0x00007ff8ae890000 - 0x00007ff8ae8c3000 	C:\WINDOWS\system32\rsaenh.dll
0x00007ff8aef60000 - 0x00007ff8aef85000 	C:\WINDOWS\SYSTEM32\bcrypt.dll
0x00007ff8af300000 - 0x00007ff8af329000 	C:\WINDOWS\SYSTEM32\USERENV.dll
0x00007ff8aee50000 - 0x00007ff8aee5b000 	C:\WINDOWS\SYSTEM32\CRYPTBASE.dll
0x00007ff8aea20000 - 0x00007ff8aea59000 	C:\WINDOWS\SYSTEM32\IPHLPAPI.DLL
0x00007ff8b2c30000 - 0x00007ff8b2c38000 	C:\WINDOWS\System32\NSI.dll
0x00007ff8a88d0000 - 0x00007ff8a88e6000 	C:\WINDOWS\SYSTEM32\dhcpcsvc6.DLL
0x00007ff8a8bd0000 - 0x00007ff8a8bea000 	C:\WINDOWS\SYSTEM32\dhcpcsvc.DLL

VM Arguments:
jvm_args: -Xmx1536m -Dfile.encoding=windows-1252 -Duser.country=US -Duser.language=en -Duser.variant 
java_command: org.gradle.launcher.daemon.bootstrap.GradleDaemon 5.4.1
java_class_path (initial): C:\Users\Tvw00\.gradle\wrapper\dists\gradle-5.4.1-all\3221gyojl5jsh0helicew7rwx\gradle-5.4.1\lib\gradle-launcher-5.4.1.jar
Launcher Type: SUN_STANDARD

Environment Variables:
JAVA_HOME=C:\Program Files (x86)\Java\jdk1.8.0_241
PATH=C:\ProgramData\Oracle\Java\javapath;C:\WINDOWS\system32;C:\WINDOWS;C:\WINDOWS\System32\Wbem;C:\WINDOWS\System32\WindowsPowerShell\v1.0\;C:\Program Files\Java\jdk1.8.0_241\bin;C:\Program Files\Java\jdk1.8.0_241\jre\bin;C:\Users\Tvw00\AppData\Local\Microsoft\WindowsApps;
USERNAME=Tvw00
OS=Windows_NT
PROCESSOR_IDENTIFIER=Intel64 Family 6 Model 92 Stepping 9, GenuineIntel



---------------  S Y S T E M  ---------------

OS: Windows 10.0 , 64 bit Build 16299 (10.0.16299.431)

CPU:total 2 (initial active 2) (2 cores per cpu, 1 threads per core) family 6 model 92 stepping 9, cmov, cx8, fxsr, mmx, sse, sse2, sse3, ssse3, sse4.1, sse4.2, popcnt, aes, clmul, erms, 3dnowpref, tsc, tscinvbit

Memory: 4k page, physical 1924448k(323256k free), swap 3984360k(6048k free)

vm_info: OpenJDK 64-Bit Server VM (25.202-b03) for windows-amd64 JRE (1.8.0_202-release-1483-b03), built by "builder" with MS VC++ 10.0 (VS2010)

time: Sun Apr 05 17:34:40 2020
timezone: Central Daylight Time
elapsed time: 625 seconds (0d 0h 10m 25s)

