#
# There is insufficient memory for the Java Runtime Environment to continue.
# Native memory allocation (malloc) failed to allocate 32784 bytes for Chunk::new
# Possible reasons:
#   The system is out of physical RAM or swap space
#   The process is running with CompressedOops enabled, and the Java Heap may be blocking the growth of the native heap
# Possible solutions:
#   Reduce memory load on the system
#   Increase physical memory or swap space
#   Check if swap backing store is full
#   Decrease Java heap size (-Xmx/-Xms)
#   Decrease number of Java threads
#   Decrease Java thread stack sizes (-Xss)
#   Set larger code cache with -XX:ReservedCodeCacheSize=
#   JVM is running with Unscaled Compressed Oops mode in which the Java heap is
#     placed in the first 4GB address space. The Java Heap base address is the
#     maximum limit for the native heap growth. Please use -XX:HeapBaseMinAddress
#     to set the Java Heap base and to place the Java Heap above 4GB virtual address.
# This output file may be truncated or incomplete.
#
#  Out of Memory Error (allocation.cpp:389), pid=6812, tid=0x0000000000001d74
#
# JRE version: OpenJDK Runtime Environment (8.0_202-b03) (build 1.8.0_202-release-1483-b03)
# Java VM: OpenJDK 64-Bit Server VM (25.202-b03 mixed mode windows-amd64 compressed oops)
# Failed to write core dump. Minidumps are not enabled by default on client versions of Windows
#

---------------  T H R E A D  ---------------

Current thread (0x0000000017a05000):  JavaThread "C2 CompilerThread0" daemon [_thread_in_native, id=7540, stack(0x0000000018a40000,0x0000000018b40000)]

Stack: [0x0000000018a40000,0x0000000018b40000]
[error occurred during error reporting (printing stack bounds), id 0xc0000005]

Native frames: (J=compiled Java code, j=interpreted, Vv=VM code, C=native code)


Current CompileTask:
C2:  53840 6227       4       org.gradle.internal.serialize.kryo.KryoBackedDecoder::readString (5 bytes)


---------------  P R O C E S S  ---------------

Java Threads: ( => current thread )
  0x00000000197fd800 JavaThread "Memory manager" [_thread_blocked, id=5256, stack(0x0000000021ee0000,0x0000000021fe0000)]
  0x00000000197fb800 JavaThread "Cache worker for Build Output Cleanup Cache (E:\COMP SCI 4\MapProject\.gradle\buildOutputCleanup)" [_thread_blocked, id=5152, stack(0x0000000020fe0000,0x00000000210e0000)]
  0x00000000197fa800 JavaThread "pool-1-thread-1" [_thread_blocked, id=2544, stack(0x0000000020ce0000,0x0000000020de0000)]
  0x00000000197fc000 JavaThread "Build operations Thread 2" [_thread_blocked, id=7632, stack(0x000000001f600000,0x000000001f700000)]
  0x00000000197f7800 JavaThread "Build operations" [_thread_blocked, id=7752, stack(0x000000001f500000,0x000000001f600000)]
  0x0000000019740000 JavaThread "Cache worker for execution history cache (C:\Users\Tvw00\.gradle\caches\5.4.1\executionHistory)" [_thread_blocked, id=7196, stack(0x000000001f000000,0x000000001f100000)]
  0x000000001973e000 JavaThread "Cache worker for cache directory md-rule (C:\Users\Tvw00\.gradle\caches\5.4.1\md-rule)" [_thread_blocked, id=7616, stack(0x000000001ee00000,0x000000001ef00000)]
  0x000000001973d000 JavaThread "Cache worker for cache directory md-supplier (C:\Users\Tvw00\.gradle\caches\5.4.1\md-supplier)" [_thread_blocked, id=5888, stack(0x000000001ed00000,0x000000001ee00000)]
  0x0000000019744000 JavaThread "Cache worker for file hash cache (E:\COMP SCI 4\MapProject\.gradle\5.4.1\fileHashes)" [_thread_blocked, id=7516, stack(0x000000001e800000,0x000000001e900000)]
  0x000000001973e800 JavaThread "Cache worker for journal cache (C:\Users\Tvw00\.gradle\caches\journal-1)" [_thread_blocked, id=7500, stack(0x000000001be90000,0x000000001bf90000)]
  0x0000000019741800 JavaThread "File lock request listener" [_thread_in_native, id=7488, stack(0x000000001bd90000,0x000000001be90000)]
  0x00000000198db000 JavaThread "Cache worker for file hash cache (C:\Users\Tvw00\.gradle\caches\5.4.1\fileHashes)" [_thread_blocked, id=7508, stack(0x000000001bc90000,0x000000001bd90000)]
  0x0000000019a30800 JavaThread "Thread-9" [_thread_blocked, id=7520, stack(0x000000001bb90000,0x000000001bc90000)]
  0x0000000019a27800 JavaThread "Stdin handler" [_thread_blocked, id=780, stack(0x000000001ba90000,0x000000001bb90000)]
  0x0000000018f58000 JavaThread "Asynchronous log dispatcher for DefaultDaemonConnection: socket connection from /127.0.0.1:50464 to /127.0.0.1:50465" [_thread_blocked, id=7528, stack(0x000000001b990000,0x000000001ba90000)]
  0x0000000018f36000 JavaThread "Daemon worker" [_thread_in_vm, id=1404, stack(0x000000001b890000,0x000000001b990000)]
  0x00000000198f3800 JavaThread "Cancel handler" [_thread_blocked, id=6176, stack(0x000000001b790000,0x000000001b890000)]
  0x0000000018f95000 JavaThread "Handler for socket connection from /127.0.0.1:50464 to /127.0.0.1:50465" [_thread_in_native, id=4336, stack(0x000000001b490000,0x000000001b590000)]
  0x000000001962f000 JavaThread "Daemon" [_thread_blocked, id=6592, stack(0x000000001b390000,0x000000001b490000)]
  0x000000001961c800 JavaThread "Daemon periodic checks" [_thread_blocked, id=7532, stack(0x000000001b290000,0x000000001b390000)]
  0x0000000019047800 JavaThread "Incoming local TCP Connector on port 50464" [_thread_in_native, id=6764, stack(0x000000001b050000,0x000000001b150000)]
  0x000000001a2a0000 JavaThread "Daemon health stats" [_thread_blocked, id=6804, stack(0x000000001aa10000,0x000000001ab10000)]
  0x0000000017a6b800 JavaThread "Service Thread" daemon [_thread_blocked, id=7548, stack(0x0000000018c40000,0x0000000018d40000)]
  0x0000000017a66000 JavaThread "C1 CompilerThread1" daemon [_thread_in_native, id=7536, stack(0x0000000018b40000,0x0000000018c40000)]
=>0x0000000017a05000 JavaThread "C2 CompilerThread0" daemon [_thread_in_native, id=7540, stack(0x0000000018a40000,0x0000000018b40000)]
  0x0000000017a04000 JavaThread "Attach Listener" daemon [_thread_blocked, id=6016, stack(0x0000000018940000,0x0000000018a40000)]
  0x0000000017a11800 JavaThread "Signal Dispatcher" daemon [_thread_blocked, id=3660, stack(0x0000000018840000,0x0000000018940000)]
  0x0000000004277800 JavaThread "Finalizer" daemon [_thread_blocked, id=7544, stack(0x0000000018650000,0x0000000018750000)]
  0x00000000179f7000 JavaThread "Reference Handler" daemon [_thread_blocked, id=3192, stack(0x0000000018550000,0x0000000018650000)]
  0x00000000042de000 JavaThread "main" [_thread_blocked, id=3708, stack(0x0000000004070000,0x0000000004170000)]

Other Threads:
  0x00000000179d5800 VMThread [stack: 0x0000000018450000,0x0000000018550000] [id=4088]
  0x0000000017a6f800 WatcherThread [stack: 0x0000000018d40000,0x0000000018e40000] [id=1236]

VM state:not at safepoint (normal execution)

VM Mutex/Monitor currently owned by a thread: None

heap address: 0x00000000a0000000, size: 1536 MB, Compressed Oops mode: 32-bit
Narrow klass base: 0x0000000000000000, Narrow klass shift: 3
Compressed class space size: 1073741824 Address: 0x0000000100000000

Heap:
 PSYoungGen      total 146432K, used 90497K [0x00000000e0000000, 0x00000000ea000000, 0x0000000100000000)
  eden space 130560K, 69% used [0x00000000e0000000,0x00000000e5860630,0x00000000e7f80000)
  from space 15872K, 0% used [0x00000000e7f80000,0x00000000e7f80000,0x00000000e8f00000)
  to   space 14336K, 0% used [0x00000000e8f00000,0x00000000e8f00000,0x00000000e9d00000)
 ParOldGen       total 39936K, used 35320K [0x00000000a0000000, 0x00000000a2700000, 0x00000000e0000000)
  object space 39936K, 88% used [0x00000000a0000000,0x00000000a227e358,0x00000000a2700000)
 Metaspace       used 62170K, capacity 64451K, committed 64640K, reserved 1105920K
  class space    used 8587K, capacity 9076K, committed 9088K, reserved 1048576K

Card table byte_map: [0x00000000136a0000,0x00000000139b0000] byte_map_base: 0x00000000131a0000

Marking Bits: (ParMarkBitMap*) 0x0000000058799f30
 Begin Bits: [0x0000000013db0000, 0x00000000155b0000)
 End Bits:   [0x00000000155b0000, 0x0000000016db0000)

Polling page: 0x0000000002480000

CodeCache: size=245760Kb used=18576Kb max_used=19019Kb free=227183Kb
 bounds [0x00000000042e0000, 0x0000000005590000, 0x00000000132e0000]
 total_blobs=6361 nmethods=5574 adapters=701
 compilation: enabled

Compilation events (10 events):
Event: 53.765 Thread 0x0000000017a66000 6222       3       org.gradle.internal.time.DefaultCountdownTimer::hasExpired (15 bytes)
Event: 53.766 Thread 0x0000000017a66000 nmethod 6222 0x0000000004b34590 code [0x0000000004b34740, 0x0000000004b34d30]
Event: 53.770 Thread 0x0000000017a66000 6223       3       org.gradle.internal.time.DefaultCountdownTimer::getRemainingMillis (14 bytes)
Event: 53.770 Thread 0x0000000017a66000 nmethod 6223 0x0000000004720910 code [0x0000000004720aa0, 0x0000000004720fb0]
Event: 53.775 Thread 0x0000000017a66000 6224       3       com.google.common.collect.MapMakerInternalMap$AbstractWeakKeyEntry::getKey (5 bytes)
Event: 53.776 Thread 0x0000000017a66000 nmethod 6224 0x0000000004434e50 code [0x0000000004434fa0, 0x0000000004435190]
Event: 53.777 Thread 0x0000000017a05000 6227       4       org.gradle.internal.serialize.kryo.KryoBackedDecoder::readString (5 bytes)
Event: 53.780 Thread 0x0000000017a66000 6225       3       org.gradle.api.internal.cache.StringInterner::intern (20 bytes)
Event: 53.781 Thread 0x0000000017a66000 nmethod 6225 0x00000000044d4650 code [0x00000000044d47c0, 0x00000000044d4b08]
Event: 53.784 Thread 0x0000000017a66000 6226       3       com.google.common.collect.Interners$InternerImpl::intern (50 bytes)

GC Heap History (10 events):
Event: 22.404 GC heap before
{Heap before GC invocations=14 (full 2):
 PSYoungGen      total 115712K, used 6892K [0x00000000e0000000, 0x00000000e9600000, 0x0000000100000000)
  eden space 103936K, 0% used [0x00000000e0000000,0x00000000e0000000,0x00000000e6580000)
  from space 11776K, 58% used [0x00000000e7100000,0x00000000e77bb1a0,0x00000000e7c80000)
  to   space 11776K, 0% used [0x00000000e6580000,0x00000000e6580000,0x00000000e7100000)
 ParOldGen       total 27648K, used 16047K [0x00000000a0000000, 0x00000000a1b00000, 0x00000000e0000000)
  object space 27648K, 58% used [0x00000000a0000000,0x00000000a0fabeb0,0x00000000a1b00000)
 Metaspace       used 34612K, capacity 35456K, committed 35456K, reserved 1079296K
  class space    used 4776K, capacity 4992K, committed 4992K, reserved 1048576K
Event: 22.665 GC heap after
Heap after GC invocations=14 (full 2):
 PSYoungGen      total 115712K, used 0K [0x00000000e0000000, 0x00000000e9600000, 0x0000000100000000)
  eden space 103936K, 0% used [0x00000000e0000000,0x00000000e0000000,0x00000000e6580000)
  from space 11776K, 0% used [0x00000000e7100000,0x00000000e7100000,0x00000000e7c80000)
  to   space 11776K, 0% used [0x00000000e6580000,0x00000000e6580000,0x00000000e7100000)
 ParOldGen       total 39936K, used 16938K [0x00000000a0000000, 0x00000000a2700000, 0x00000000e0000000)
  object space 39936K, 42% used [0x00000000a0000000,0x00000000a108aa40,0x00000000a2700000)
 Metaspace       used 34612K, capacity 35456K, committed 35456K, reserved 1079296K
  class space    used 4776K, capacity 4992K, committed 4992K, reserved 1048576K
}
Event: 28.931 GC heap before
{Heap before GC invocations=15 (full 2):
 PSYoungGen      total 115712K, used 103936K [0x00000000e0000000, 0x00000000e9600000, 0x0000000100000000)
  eden space 103936K, 100% used [0x00000000e0000000,0x00000000e6580000,0x00000000e6580000)
  from space 11776K, 0% used [0x00000000e7100000,0x00000000e7100000,0x00000000e7c80000)
  to   space 11776K, 0% used [0x00000000e6580000,0x00000000e6580000,0x00000000e7100000)
 ParOldGen       total 39936K, used 16938K [0x00000000a0000000, 0x00000000a2700000, 0x00000000e0000000)
  object space 39936K, 42% used [0x00000000a0000000,0x00000000a108aa40,0x00000000a2700000)
 Metaspace       used 44858K, capacity 46040K, committed 46336K, reserved 1089536K
  class space    used 6057K, capacity 6343K, committed 6400K, reserved 1048576K
Event: 28.977 GC heap after
Heap after GC invocations=15 (full 2):
 PSYoungGen      total 115712K, used 11762K [0x00000000e0000000, 0x00000000e9d00000, 0x0000000100000000)
  eden space 103936K, 0% used [0x00000000e0000000,0x00000000e0000000,0x00000000e6580000)
  from space 11776K, 99% used [0x00000000e6580000,0x00000000e70fca00,0x00000000e7100000)
  to   space 14336K, 0% used [0x00000000e8f00000,0x00000000e8f00000,0x00000000e9d00000)
 ParOldGen       total 39936K, used 19360K [0x00000000a0000000, 0x00000000a2700000, 0x00000000e0000000)
  object space 39936K, 48% used [0x00000000a0000000,0x00000000a12e82c0,0x00000000a2700000)
 Metaspace       used 44858K, capacity 46040K, committed 46336K, reserved 1089536K
  class space    used 6057K, capacity 6343K, committed 6400K, reserved 1048576K
}
Event: 33.085 GC heap before
{Heap before GC invocations=16 (full 2):
 PSYoungGen      total 115712K, used 115698K [0x00000000e0000000, 0x00000000e9d00000, 0x0000000100000000)
  eden space 103936K, 100% used [0x00000000e0000000,0x00000000e6580000,0x00000000e6580000)
  from space 11776K, 99% used [0x00000000e6580000,0x00000000e70fca00,0x00000000e7100000)
  to   space 14336K, 0% used [0x00000000e8f00000,0x00000000e8f00000,0x00000000e9d00000)
 ParOldGen       total 39936K, used 19360K [0x00000000a0000000, 0x00000000a2700000, 0x00000000e0000000)
  object space 39936K, 48% used [0x00000000a0000000,0x00000000a12e82c0,0x00000000a2700000)
 Metaspace       used 51945K, capacity 53544K, committed 53760K, reserved 1095680K
  class space    used 7042K, capacity 7400K, committed 7424K, reserved 1048576K
Event: 33.148 GC heap after
Heap after GC invocations=16 (full 2):
 PSYoungGen      total 144896K, used 11378K [0x00000000e0000000, 0x00000000ea000000, 0x0000000100000000)
  eden space 130560K, 0% used [0x00000000e0000000,0x00000000e0000000,0x00000000e7f80000)
  from space 14336K, 79% used [0x00000000e8f00000,0x00000000e9a1cb20,0x00000000e9d00000)
  to   space 15872K, 0% used [0x00000000e7f80000,0x00000000e7f80000,0x00000000e8f00000)
 ParOldGen       total 39936K, used 26240K [0x00000000a0000000, 0x00000000a2700000, 0x00000000e0000000)
  object space 39936K, 65% used [0x00000000a0000000,0x00000000a19a00e8,0x00000000a2700000)
 Metaspace       used 51945K, capacity 53544K, committed 53760K, reserved 1095680K
  class space    used 7042K, capacity 7400K, committed 7424K, reserved 1048576K
}
Event: 39.639 GC heap before
{Heap before GC invocations=17 (full 2):
 PSYoungGen      total 144896K, used 103849K [0x00000000e0000000, 0x00000000ea000000, 0x0000000100000000)
  eden space 130560K, 70% used [0x00000000e0000000,0x00000000e5a4d930,0x00000000e7f80000)
  from space 14336K, 79% used [0x00000000e8f00000,0x00000000e9a1cb20,0x00000000e9d00000)
  to   space 15872K, 0% used [0x00000000e7f80000,0x00000000e7f80000,0x00000000e8f00000)
 ParOldGen       total 39936K, used 26240K [0x00000000a0000000, 0x00000000a2700000, 0x00000000e0000000)
  object space 39936K, 65% used [0x00000000a0000000,0x00000000a19a00e8,0x00000000a2700000)
 Metaspace       used 56934K, capacity 59001K, committed 59096K, reserved 1099776K
  class space    used 7798K, capacity 8225K, committed 8320K, reserved 1048576K
Event: 39.750 GC heap after
Heap after GC invocations=17 (full 2):
 PSYoungGen      total 146432K, used 13882K [0x00000000e0000000, 0x00000000ea000000, 0x0000000100000000)
  eden space 130560K, 0% used [0x00000000e0000000,0x00000000e0000000,0x00000000e7f80000)
  from space 15872K, 87% used [0x00000000e7f80000,0x00000000e8d0e990,0x00000000e8f00000)
  to   space 14336K, 0% used [0x00000000e8f00000,0x00000000e8f00000,0x00000000e9d00000)
 ParOldGen       total 39936K, used 26248K [0x00000000a0000000, 0x00000000a2700000, 0x00000000e0000000)
  object space 39936K, 65% used [0x00000000a0000000,0x00000000a19a20e8,0x00000000a2700000)
 Metaspace       used 56934K, capacity 59001K, committed 59096K, reserved 1099776K
  class space    used 7798K, capacity 8225K, committed 8320K, reserved 1048576K
}
Event: 39.750 GC heap before
{Heap before GC invocations=18 (full 3):
 PSYoungGen      total 146432K, used 13882K [0x00000000e0000000, 0x00000000ea000000, 0x0000000100000000)
  eden space 130560K, 0% used [0x00000000e0000000,0x00000000e0000000,0x00000000e7f80000)
  from space 15872K, 87% used [0x00000000e7f80000,0x00000000e8d0e990,0x00000000e8f00000)
  to   space 14336K, 0% used [0x00000000e8f00000,0x00000000e8f00000,0x00000000e9d00000)
 ParOldGen       total 39936K, used 26248K [0x00000000a0000000, 0x00000000a2700000, 0x00000000e0000000)
  object space 39936K, 65% used [0x00000000a0000000,0x00000000a19a20e8,0x00000000a2700000)
 Metaspace       used 56934K, capacity 59001K, committed 59096K, reserved 1099776K
  class space    used 7798K, capacity 8225K, committed 8320K, reserved 1048576K
Event: 40.369 GC heap after
Heap after GC invocations=18 (full 3):
 PSYoungGen      total 146432K, used 0K [0x00000000e0000000, 0x00000000ea000000, 0x0000000100000000)
  eden space 130560K, 0% used [0x00000000e0000000,0x00000000e0000000,0x00000000e7f80000)
  from space 15872K, 0% used [0x00000000e7f80000,0x00000000e7f80000,0x00000000e8f00000)
  to   space 14336K, 0% used [0x00000000e8f00000,0x00000000e8f00000,0x00000000e9d00000)
 ParOldGen       total 39936K, used 35320K [0x00000000a0000000, 0x00000000a2700000, 0x00000000e0000000)
  object space 39936K, 88% used [0x00000000a0000000,0x00000000a227e358,0x00000000a2700000)
 Metaspace       used 56934K, capacity 59001K, committed 59096K, reserved 1099776K
  class space    used 7798K, capacity 8225K, committed 8320K, reserved 1048576K
}

Deoptimization events (10 events):
Event: 53.529 Thread 0x0000000019740000 Uncommon trap: reason=bimorphic action=maybe_recompile pc=0x0000000004e987e8 method=java.util.Arrays.binarySearch0([Ljava/lang/Object;IILjava/lang/Object;Ljava/util/Comparator;)I @ 48
Event: 53.529 Thread 0x0000000019740000 Uncommon trap: reason=bimorphic action=maybe_recompile pc=0x0000000004e987e8 method=java.util.Arrays.binarySearch0([Ljava/lang/Object;IILjava/lang/Object;Ljava/util/Comparator;)I @ 48
Event: 53.529 Thread 0x0000000019740000 Uncommon trap: reason=bimorphic action=maybe_recompile pc=0x0000000004e987e8 method=java.util.Arrays.binarySearch0([Ljava/lang/Object;IILjava/lang/Object;Ljava/util/Comparator;)I @ 48
Event: 53.568 Thread 0x0000000019740000 Uncommon trap: reason=bimorphic action=maybe_recompile pc=0x0000000004e9e7cc method=java.util.Arrays.binarySearch0([Ljava/lang/Object;IILjava/lang/Object;Ljava/util/Comparator;)I @ 48
Event: 53.728 Thread 0x0000000018f36000 Uncommon trap: reason=unstable_if action=reinterpret pc=0x0000000005272fac method=java.util.concurrent.ConcurrentHashMap.addCount(JI)V @ 168
Event: 53.728 Thread 0x0000000018f36000 Uncommon trap: reason=unstable_if action=reinterpret pc=0x0000000004770038 method=java.util.concurrent.ConcurrentHashMap.transfer([Ljava/util/concurrent/ConcurrentHashMap$Node;[Ljava/util/concurrent/ConcurrentHashMap$Node;)V @ 34
Event: 53.731 Thread 0x00000000197f7800 Uncommon trap: reason=unstable_if action=reinterpret pc=0x0000000004770068 method=java.util.concurrent.ConcurrentHashMap.transfer([Ljava/util/concurrent/ConcurrentHashMap$Node;[Ljava/util/concurrent/ConcurrentHashMap$Node;)V @ 277
Event: 53.731 Thread 0x00000000197f7800 Uncommon trap: reason=unstable_if action=reinterpret pc=0x0000000005272fac method=java.util.concurrent.ConcurrentHashMap.addCount(JI)V @ 168
Event: 53.731 Thread 0x00000000197f7800 Uncommon trap: reason=unstable_if action=reinterpret pc=0x0000000005547ce4 method=java.util.concurrent.ConcurrentHashMap.get(Ljava/lang/Object;)Ljava/lang/Object; @ 86
Event: 53.732 Thread 0x00000000197f7800 Uncommon trap: reason=unstable_if action=reinterpret pc=0x0000000004766a94 method=java.util.concurrent.ConcurrentHashMap.addCount(JI)V @ 168

Classes redefined (0 events):
No events

Internal exceptions (10 events):
Event: 49.241 Thread 0x0000000018f36000 Exception <a 'java/security/PrivilegedActionException'> (0x00000000e4792bc8) thrown at [D:\src\AOSP-openjdk-cygwin\jdk8u\hotspot\src\share\vm\prims\jvm.cpp, line 1508]
Event: 49.242 Thread 0x0000000018f36000 Exception <a 'java/lang/ClassNotFoundException': groovy/util/BuilderSupportCustomizer> (0x00000000e47970e8) thrown at [D:\src\AOSP-openjdk-cygwin\jdk8u\hotspot\src\share\vm\classfile\systemDictionary.cpp, line 210]
Event: 49.244 Thread 0x0000000018f36000 Exception <a 'java/security/PrivilegedActionException'> (0x00000000e47a2398) thrown at [D:\src\AOSP-openjdk-cygwin\jdk8u\hotspot\src\share\vm\prims\jvm.cpp, line 1508]
Event: 49.244 Thread 0x0000000018f36000 Exception <a 'java/security/PrivilegedActionException'> (0x00000000e47a3118) thrown at [D:\src\AOSP-openjdk-cygwin\jdk8u\hotspot\src\share\vm\prims\jvm.cpp, line 1508]
Event: 49.246 Thread 0x0000000018f36000 Exception <a 'java/security/PrivilegedActionException'> (0x00000000e47aea48) thrown at [D:\src\AOSP-openjdk-cygwin\jdk8u\hotspot\src\share\vm\prims\jvm.cpp, line 1508]
Event: 49.246 Thread 0x0000000018f36000 Exception <a 'java/security/PrivilegedActionException'> (0x00000000e47af7c8) thrown at [D:\src\AOSP-openjdk-cygwin\jdk8u\hotspot\src\share\vm\prims\jvm.cpp, line 1508]
Event: 49.246 Thread 0x0000000018f36000 Exception <a 'java/lang/ClassNotFoundException': groovy/util/AntBuilderCustomizer> (0x00000000e47b39b0) thrown at [D:\src\AOSP-openjdk-cygwin\jdk8u\hotspot\src\share\vm\classfile\systemDictionary.cpp, line 210]
Event: 49.290 Thread 0x0000000018f36000 Exception <a 'java/lang/ClassNotFoundException': org/gradle/api/AntBuilderCustomizer> (0x00000000e47cc518) thrown at [D:\src\AOSP-openjdk-cygwin\jdk8u\hotspot\src\share\vm\classfile\systemDictionary.cpp, line 210]
Event: 49.292 Thread 0x0000000018f36000 Exception <a 'java/lang/ClassNotFoundException': org/gradle/api/internal/project/ant/BasicAntBuilderCustomizer> (0x00000000e47f1f20) thrown at [D:\src\AOSP-openjdk-cygwin\jdk8u\hotspot\src\share\vm\classfile\systemDictionary.cpp, line 210]
Event: 49.297 Thread 0x0000000018f36000 Exception <a 'java/lang/ClassNotFoundException': org/gradle/api/internal/project/DefaultAntBuilderCustomizer> (0x00000000e481f300) thrown at [D:\src\AOSP-openjdk-cygwin\jdk8u\hotspot\src\share\vm\classfile\systemDictionary.cpp, line 210]

Events (10 events):
Event: 53.778 Thread 0x0000000017a66000 flushing nmethod 0x0000000005127250
Event: 53.778 Thread 0x0000000017a66000 flushing nmethod 0x0000000005127810
Event: 53.778 Thread 0x0000000017a66000 flushing nmethod 0x0000000005127c10
Event: 53.778 Thread 0x0000000017a66000 flushing nmethod 0x0000000005128290
Event: 53.778 Thread 0x0000000017a66000 flushing nmethod 0x0000000005128590
Event: 53.778 Thread 0x0000000017a66000 flushing nmethod 0x0000000005131d90
Event: 53.778 Thread 0x0000000017a66000 flushing nmethod 0x0000000005134850
Event: 53.779 Thread 0x0000000017a66000 flushing nmethod 0x000000000513c010
Event: 53.779 Thread 0x0000000017a66000 flushing nmethod 0x0000000005145f50
Event: 53.780 Thread 0x0000000017a66000 flushing nmethod 0x00000000051477d0


Dynamic libraries:
0x00007ff72bdb0000 - 0x00007ff72bde1000 	C:\Program Files\Android\Android Studio2\jre\bin\java.exe
0x00007ffbe8a20000 - 0x00007ffbe8c00000 	C:\WINDOWS\SYSTEM32\ntdll.dll
0x00007ffbe6df0000 - 0x00007ffbe6e9e000 	C:\WINDOWS\System32\KERNEL32.DLL
0x00007ffbe57a0000 - 0x00007ffbe5a06000 	C:\WINDOWS\System32\KERNELBASE.dll
0x00007ffbe6370000 - 0x00007ffbe6411000 	C:\WINDOWS\System32\ADVAPI32.dll
0x00007ffbe60c0000 - 0x00007ffbe615d000 	C:\WINDOWS\System32\msvcrt.dll
0x00007ffbe8990000 - 0x00007ffbe89eb000 	C:\WINDOWS\System32\sechost.dll
0x00007ffbe5ef0000 - 0x00007ffbe600f000 	C:\WINDOWS\System32\RPCRT4.dll
0x00007ffbe67f0000 - 0x00007ffbe697f000 	C:\WINDOWS\System32\USER32.dll
0x00007ffbe4e20000 - 0x00007ffbe4e40000 	C:\WINDOWS\System32\win32u.dll
0x00007ffbe6340000 - 0x00007ffbe6368000 	C:\WINDOWS\System32\GDI32.dll
0x00007ffbe5d50000 - 0x00007ffbe5ee3000 	C:\WINDOWS\System32\gdi32full.dll
0x00007ffbe5a60000 - 0x00007ffbe5afb000 	C:\WINDOWS\System32\msvcp_win.dll
0x00007ffbe5590000 - 0x00007ffbe5685000 	C:\WINDOWS\System32\ucrtbase.dll
0x00007ffbd1e50000 - 0x00007ffbd20b9000 	C:\WINDOWS\WinSxS\amd64_microsoft.windows.common-controls_6595b64144ccf1df_6.0.16299.665_none_15cbd8769361ff10\COMCTL32.dll
0x00007ffbe8450000 - 0x00007ffbe8757000 	C:\WINDOWS\System32\combase.dll
0x00007ffbe5cd0000 - 0x00007ffbe5d42000 	C:\WINDOWS\System32\bcryptPrimitives.dll
0x00007ffbe8760000 - 0x00007ffbe878d000 	C:\WINDOWS\System32\IMM32.DLL
0x0000000057ef0000 - 0x0000000057fc2000 	C:\Program Files\Android\Android Studio2\jre\jre\bin\msvcr100.dll
0x0000000057fd0000 - 0x0000000058816000 	C:\Program Files\Android\Android Studio2\jre\jre\bin\server\jvm.dll
0x00007ffbe61e0000 - 0x00007ffbe61e8000 	C:\WINDOWS\System32\PSAPI.DLL
0x00007ffbd4830000 - 0x00007ffbd4839000 	C:\WINDOWS\SYSTEM32\WSOCK32.dll
0x00007ffbe6170000 - 0x00007ffbe61dc000 	C:\WINDOWS\System32\WS2_32.dll
0x00007ffbe0820000 - 0x00007ffbe0843000 	C:\WINDOWS\SYSTEM32\WINMM.dll
0x00007ffbe2f10000 - 0x00007ffbe2f1a000 	C:\WINDOWS\SYSTEM32\VERSION.dll
0x00007ffbe07f0000 - 0x00007ffbe081a000 	C:\WINDOWS\SYSTEM32\WINMMBASE.dll
0x00007ffbe5a10000 - 0x00007ffbe5a5a000 	C:\WINDOWS\System32\cfgmgr32.dll
0x00007ffbe3030000 - 0x00007ffbe303f000 	C:\Program Files\Android\Android Studio2\jre\jre\bin\verify.dll
0x00007ffbd1d60000 - 0x00007ffbd1d89000 	C:\Program Files\Android\Android Studio2\jre\jre\bin\java.dll
0x00007ffbdb860000 - 0x00007ffbdb876000 	C:\Program Files\Android\Android Studio2\jre\jre\bin\zip.dll
0x00007ffbe7010000 - 0x00007ffbe8448000 	C:\WINDOWS\System32\SHELL32.dll
0x00007ffbe6010000 - 0x00007ffbe60b6000 	C:\WINDOWS\System32\shcore.dll
0x00007ffbe4e40000 - 0x00007ffbe5587000 	C:\WINDOWS\System32\windows.storage.dll
0x00007ffbe8790000 - 0x00007ffbe87e1000 	C:\WINDOWS\System32\shlwapi.dll
0x00007ffbe4e00000 - 0x00007ffbe4e11000 	C:\WINDOWS\System32\kernel.appcore.dll
0x00007ffbe4d90000 - 0x00007ffbe4ddc000 	C:\WINDOWS\System32\powrprof.dll
0x00007ffbe4d70000 - 0x00007ffbe4d8b000 	C:\WINDOWS\System32\profapi.dll
0x00007ffbe2ff0000 - 0x00007ffbe300a000 	C:\Program Files\Android\Android Studio2\jre\jre\bin\net.dll
0x00007ffbe42b0000 - 0x00007ffbe4316000 	C:\WINDOWS\system32\mswsock.dll
0x00007ffbe2fd0000 - 0x00007ffbe2fe1000 	C:\Program Files\Android\Android Studio2\jre\jre\bin\nio.dll
0x00007ffbc5220000 - 0x00007ffbc5246000 	C:\Users\Tvw00\.gradle\native\29\windows-amd64\native-platform.dll
0x00007ffbe2fc0000 - 0x00007ffbe2fcd000 	C:\Program Files\Android\Android Studio2\jre\jre\bin\management.dll
0x00007ffbe4aa0000 - 0x00007ffbe4ab7000 	C:\WINDOWS\SYSTEM32\CRYPTSP.dll
0x00007ffbe3eb0000 - 0x00007ffbe3ee3000 	C:\WINDOWS\system32\rsaenh.dll
0x00007ffbe4830000 - 0x00007ffbe4855000 	C:\WINDOWS\SYSTEM32\bcrypt.dll
0x00007ffbe4c70000 - 0x00007ffbe4c99000 	C:\WINDOWS\SYSTEM32\USERENV.dll
0x00007ffbe4470000 - 0x00007ffbe447b000 	C:\WINDOWS\SYSTEM32\CRYPTBASE.dll
0x00007ffbe4040000 - 0x00007ffbe4079000 	C:\WINDOWS\SYSTEM32\IPHLPAPI.DLL
0x00007ffbe6f40000 - 0x00007ffbe6f48000 	C:\WINDOWS\System32\NSI.dll
0x00007ffbd67d0000 - 0x00007ffbd67e6000 	C:\WINDOWS\SYSTEM32\dhcpcsvc6.DLL
0x00007ffbd71f0000 - 0x00007ffbd720a000 	C:\WINDOWS\SYSTEM32\dhcpcsvc.DLL

VM Arguments:
jvm_args: -Xmx1536m -Dfile.encoding=windows-1252 -Duser.country=US -Duser.language=en -Duser.variant 
java_command: org.gradle.launcher.daemon.bootstrap.GradleDaemon 5.4.1
java_class_path (initial): C:\Users\Tvw00\.gradle\wrapper\dists\gradle-5.4.1-all\3221gyojl5jsh0helicew7rwx\gradle-5.4.1\lib\gradle-launcher-5.4.1.jar
Launcher Type: SUN_STANDARD

Environment Variables:
JAVA_HOME=C:\Program Files (x86)\Java\jdk1.8.0_241
PATH=C:\ProgramData\Oracle\Java\javapath;C:\WINDOWS\system32;C:\WINDOWS;C:\WINDOWS\System32\Wbem;C:\WINDOWS\System32\WindowsPowerShell\v1.0\;C:\Program Files\Java\jdk1.8.0_241\bin;C:\Program Files\Java\jdk1.8.0_241\jre\bin;C:\Users\Tvw00\AppData\Local\Microsoft\WindowsApps;
USERNAME=Tvw00
OS=Windows_NT
PROCESSOR_IDENTIFIER=Intel64 Family 6 Model 92 Stepping 9, GenuineIntel



---------------  S Y S T E M  ---------------

OS: Windows 10.0 , 64 bit Build 16299 (10.0.16299.431)

CPU:total 2 (initial active 2) (2 cores per cpu, 1 threads per core) family 6 model 92 stepping 9, cmov, cx8, fxsr, mmx, sse, sse2, sse3, ssse3, sse4.1, sse4.2, popcnt, aes, clmul, erms, 3dnowpref, tsc, tscinvbit

Memory: 4k page, physical 1924448k(397128k free), swap 3376364k(0k free)

vm_info: OpenJDK 64-Bit Server VM (25.202-b03) for windows-amd64 JRE (1.8.0_202-release-1483-b03), built by "builder" with MS VC++ 10.0 (VS2010)

time: Sun Apr 26 23:56:34 2020
timezone: Central Daylight Time
elapsed time: 53 seconds (0d 0h 0m 53s)

