#
# There is insufficient memory for the Java Runtime Environment to continue.
# Native memory allocation (malloc) failed to allocate 2419536 bytes for Chunk::new
# Possible reasons:
#   The system is out of physical RAM or swap space
#   The process is running with CompressedOops enabled, and the Java Heap may be blocking the growth of the native heap
# Possible solutions:
#   Reduce memory load on the system
#   Increase physical memory or swap space
#   Check if swap backing store is full
#   Decrease Java heap size (-Xmx/-Xms)
#   Decrease number of Java threads
#   Decrease Java thread stack sizes (-Xss)
#   Set larger code cache with -XX:ReservedCodeCacheSize=
#   JVM is running with Unscaled Compressed Oops mode in which the Java heap is
#     placed in the first 4GB address space. The Java Heap base address is the
#     maximum limit for the native heap growth. Please use -XX:HeapBaseMinAddress
#     to set the Java Heap base and to place the Java Heap above 4GB virtual address.
# This output file may be truncated or incomplete.
#
#  Out of Memory Error (allocation.cpp:389), pid=1872, tid=0x0000000000001450
#
# JRE version: OpenJDK Runtime Environment (8.0_202-b03) (build 1.8.0_202-release-1483-b03)
# Java VM: OpenJDK 64-Bit Server VM (25.202-b03 mixed mode windows-amd64 compressed oops)
# Failed to write core dump. Minidumps are not enabled by default on client versions of Windows
#

---------------  T H R E A D  ---------------

Current thread (0x000000001847c800):  JavaThread "C2 CompilerThread0" daemon [_thread_in_native, id=5200, stack(0x00000000194a0000,0x00000000195a0000)]

Stack: [0x00000000194a0000,0x00000000195a0000]
[error occurred during error reporting (printing stack bounds), id 0xc0000005]

Native frames: (J=compiled Java code, j=interpreted, Vv=VM code, C=native code)


Current CompileTask:
C2:3669173 19945   !   4       org.gradle.execution.plan.DefaultPlanExecutor$ExecutorWorker$2::transform (143 bytes)


---------------  P R O C E S S  ---------------

Java Threads: ( => current thread )
  0x000000001ada4800 JavaThread "Execution worker for ':'" [_thread_in_native, id=3340, stack(0x000000002fa50000,0x000000002fb50000)]
  0x000000001ad9f000 JavaThread "Cache worker for file content cache (E:\COMP SCI 4\MapProject\.gradle\5.4.1\fileContent)" [_thread_blocked, id=1260, stack(0x000000002f950000,0x000000002fa50000)]
  0x000000001ad96800 JavaThread "Cache worker for Build Output Cleanup Cache (E:\COMP SCI 4\MapProject\.gradle\buildOutputCleanup)" [_thread_blocked, id=1136, stack(0x000000002f850000,0x000000002f950000)]
  0x000000001ad9b000 JavaThread "pool-15-thread-1" [_thread_blocked, id=3716, stack(0x000000002f750000,0x000000002f850000)]
  0x000000001ad97800 JavaThread "Build operations Thread 2" [_thread_blocked, id=5500, stack(0x000000002f650000,0x000000002f750000)]
  0x000000002412e000 JavaThread "Build operations" [_thread_blocked, id=6952, stack(0x000000002f550000,0x000000002f650000)]
  0x0000000024131800 JavaThread "Cache worker for cache directory md-rule (C:\Users\Tvw00\.gradle\caches\5.4.1\md-rule)" [_thread_blocked, id=3620, stack(0x000000002f450000,0x000000002f550000)]
  0x0000000024131000 JavaThread "Cache worker for cache directory md-supplier (C:\Users\Tvw00\.gradle\caches\5.4.1\md-supplier)" [_thread_blocked, id=6536, stack(0x000000002f350000,0x000000002f450000)]
  0x0000000024130000 JavaThread "Cache worker for file hash cache (E:\COMP SCI 4\MapProject\.gradle\5.4.1\fileHashes)" [_thread_blocked, id=1712, stack(0x000000002f250000,0x000000002f350000)]
  0x0000000024132800 JavaThread "Thread-153" [_thread_blocked, id=1844, stack(0x000000002f150000,0x000000002f250000)]
  0x0000000024134800 JavaThread "Stdin handler" [_thread_blocked, id=5956, stack(0x000000002f050000,0x000000002f150000)]
  0x000000002412f800 JavaThread "Asynchronous log dispatcher for DefaultDaemonConnection: socket connection from /127.0.0.1:50044 to /127.0.0.1:50152" [_thread_blocked, id=4912, stack(0x000000002ef50000,0x000000002f050000)]
  0x0000000024133000 JavaThread "Cancel handler" [_thread_blocked, id=7160, stack(0x000000002ee50000,0x000000002ef50000)]
  0x000000002412e800 JavaThread "Handler for socket connection from /127.0.0.1:50044 to /127.0.0.1:50152" [_thread_in_native, id=5536, stack(0x000000002ed50000,0x000000002ee50000)]
  0x000000001ada6000 JavaThread "Daemon worker Thread 8" [_thread_in_native, id=3640, stack(0x000000002d850000,0x000000002d950000)]
  0x000000001ad9a800 JavaThread "Daemon Thread 8" [_thread_blocked, id=3688, stack(0x000000002d550000,0x000000002d650000)]
  0x000000001ccd6000 JavaThread "Cache worker for Java compile cache (C:\Users\Tvw00\.gradle\caches\5.4.1\javaCompile)" [_thread_blocked, id=5836, stack(0x00000000237d0000,0x00000000238d0000)]
  0x000000001ccd3000 JavaThread "Cache worker for file content cache (C:\Users\Tvw00\.gradle\caches\5.4.1\fileContent)" [_thread_blocked, id=5160, stack(0x0000000022bf0000,0x0000000022cf0000)]
  0x000000001cccf800 JavaThread "Memory manager" [_thread_blocked, id=6488, stack(0x00000000226f0000,0x00000000227f0000)]
  0x000000001ccc9000 JavaThread "Cache worker for execution history cache (C:\Users\Tvw00\.gradle\caches\5.4.1\executionHistory)" [_thread_blocked, id=5936, stack(0x000000001fd90000,0x000000001fe90000)]
  0x000000001a361800 JavaThread "Cache worker for journal cache (C:\Users\Tvw00\.gradle\caches\journal-1)" [_thread_blocked, id=5916, stack(0x000000001caf0000,0x000000001cbf0000)]
  0x000000001a35e800 JavaThread "File lock request listener" [_thread_in_native, id=2472, stack(0x000000001c7f0000,0x000000001c8f0000)]
  0x000000001addd800 JavaThread "Cache worker for file hash cache (C:\Users\Tvw00\.gradle\caches\5.4.1\fileHashes)" [_thread_blocked, id=1940, stack(0x000000001c6f0000,0x000000001c7f0000)]
  0x000000001a5ff800 JavaThread "Daemon periodic checks" [_thread_blocked, id=3912, stack(0x000000001bcf0000,0x000000001bdf0000)]
  0x000000001a76d800 JavaThread "Incoming local TCP Connector on port 50044" [_thread_in_native, id=1628, stack(0x000000001bab0000,0x000000001bbb0000)]
  0x000000001acf3800 JavaThread "Daemon health stats" [_thread_blocked, id=4476, stack(0x000000001b470000,0x000000001b570000)]
  0x00000000184f6000 JavaThread "Service Thread" daemon [_thread_blocked, id=6284, stack(0x00000000196a0000,0x00000000197a0000)]
  0x000000001847f800 JavaThread "C1 CompilerThread1" daemon [_thread_blocked, id=6352, stack(0x00000000195a0000,0x00000000196a0000)]
=>0x000000001847c800 JavaThread "C2 CompilerThread0" daemon [_thread_in_native, id=5200, stack(0x00000000194a0000,0x00000000195a0000)]
  0x000000001847b800 JavaThread "Attach Listener" daemon [_thread_blocked, id=5440, stack(0x00000000193a0000,0x00000000194a0000)]
  0x0000000018476800 JavaThread "Signal Dispatcher" daemon [_thread_blocked, id=6260, stack(0x00000000192a0000,0x00000000193a0000)]
  0x0000000004d46800 JavaThread "Finalizer" daemon [_thread_blocked, id=904, stack(0x00000000190b0000,0x00000000191b0000)]
  0x0000000018467000 JavaThread "Reference Handler" daemon [_thread_blocked, id=7104, stack(0x0000000018fb0000,0x00000000190b0000)]
  0x0000000004c4e000 JavaThread "main" [_thread_blocked, id=284, stack(0x0000000004b20000,0x0000000004c20000)]

Other Threads:
  0x0000000018445800 VMThread [stack: 0x0000000018eb0000,0x0000000018fb0000] [id=1208]
  0x0000000018511000 WatcherThread [stack: 0x00000000197a0000,0x00000000198a0000] [id=3916]

VM state:not at safepoint (normal execution)

VM Mutex/Monitor currently owned by a thread: None

heap address: 0x00000000a0000000, size: 1536 MB, Compressed Oops mode: 32-bit
Narrow klass base: 0x0000000000000000, Narrow klass shift: 3
Compressed class space size: 1073741824 Address: 0x0000000100000000

Heap:
 PSYoungGen      total 313856K, used 260071K [0x00000000e0000000, 0x00000000f6880000, 0x0000000100000000)
  eden space 291840K, 84% used [0x00000000e0000000,0x00000000ef1838b0,0x00000000f1d00000)
  from space 22016K, 57% used [0x00000000f1d00000,0x00000000f2976468,0x00000000f3280000)
  to   space 22016K, 0% used [0x00000000f5300000,0x00000000f5300000,0x00000000f6880000)
 ParOldGen       total 98304K, used 84043K [0x00000000a0000000, 0x00000000a6000000, 0x00000000e0000000)
  object space 98304K, 85% used [0x00000000a0000000,0x00000000a5212c00,0x00000000a6000000)
 Metaspace       used 91662K, capacity 96360K, committed 96512K, reserved 1132544K
  class space    used 11847K, capacity 12752K, committed 12800K, reserved 1048576K

Card table byte_map: [0x0000000014110000,0x0000000014420000] byte_map_base: 0x0000000013c10000

Marking Bits: (ParMarkBitMap*) 0x000000006b359f30
 Begin Bits: [0x0000000014820000, 0x0000000016020000)
 End Bits:   [0x0000000016020000, 0x0000000017820000)

Polling page: 0x0000000000bd0000

CodeCache: size=245760Kb used=56962Kb max_used=57013Kb free=188797Kb
 bounds [0x0000000004d50000, 0x0000000008560000, 0x0000000013d50000]
 total_blobs=16589 nmethods=15731 adapters=770
 compilation: enabled

Compilation events (10 events):
Event: 3664.444 Thread 0x000000001847c800 nmethod 19939 0x00000000071c9150 code [0x00000000071c92e0, 0x00000000071c98f8]
Event: 3664.659 Thread 0x000000001847f800 19941       3       com.esotericsoftware.kryo.io.Output::writeVarLong (1304 bytes)
Event: 3664.662 Thread 0x000000001847f800 nmethod 19941 0x00000000071c7310 code [0x00000000071c75a0, 0x00000000071c86e8]
Event: 3664.679 Thread 0x000000001847f800 19942       3       org.gradle.internal.logging.console.BuildLogLevelFilterRenderer::onOutput (53 bytes)
Event: 3664.680 Thread 0x000000001847c800 19943       4       org.gradle.internal.logging.sink.ProgressLogEventGenerator::onOutput (72 bytes)
Event: 3664.681 Thread 0x000000001847f800 nmethod 19942 0x00000000071c6850 code [0x00000000071c6a00, 0x00000000071c7138]
Event: 3664.755 Thread 0x000000001847c800 nmethod 19943 0x00000000081555d0 code [0x0000000008155860, 0x0000000008156b50]
Event: 3664.816 Thread 0x000000001847c800 19944       4       org.gradle.internal.resources.DefaultResourceLockCoordinationService$ReleaseLocks::transform (42 bytes)
Event: 3664.966 Thread 0x000000001847c800 nmethod 19944 0x00000000082dccd0 code [0x00000000082dd100, 0x00000000082df180]
Event: 3664.972 Thread 0x000000001847c800 19945   !   4       org.gradle.execution.plan.DefaultPlanExecutor$ExecutorWorker$2::transform (143 bytes)

GC Heap History (10 events):
Event: 308.887 GC heap before
{Heap before GC invocations=27 (full 4):
 PSYoungGen      total 229376K, used 219538K [0x00000000e0000000, 0x00000000efe80000, 0x0000000100000000)
  eden space 208384K, 99% used [0x00000000e0000000,0x00000000ecb71308,0x00000000ecb80000)
  from space 20992K, 53% used [0x00000000eea00000,0x00000000ef4f38d8,0x00000000efe80000)
  to   space 26112K, 0% used [0x00000000ecb80000,0x00000000ecb80000,0x00000000ee500000)
 ParOldGen       total 98304K, used 74139K [0x00000000a0000000, 0x00000000a6000000, 0x00000000e0000000)
  object space 98304K, 75% used [0x00000000a0000000,0x00000000a4866cc8,0x00000000a6000000)
 Metaspace       used 83532K, capacity 86700K, committed 86912K, reserved 1124352K
  class space    used 11001K, capacity 11630K, committed 11648K, reserved 1048576K
Event: 309.628 GC heap after
Heap after GC invocations=27 (full 4):
 PSYoungGen      total 234496K, used 11287K [0x00000000e0000000, 0x00000000f3180000, 0x0000000100000000)
  eden space 208384K, 0% used [0x00000000e0000000,0x00000000e0000000,0x00000000ecb80000)
  from space 26112K, 43% used [0x00000000ecb80000,0x00000000ed685c10,0x00000000ee500000)
  to   space 25088K, 0% used [0x00000000f1900000,0x00000000f1900000,0x00000000f3180000)
 ParOldGen       total 98304K, used 79891K [0x00000000a0000000, 0x00000000a6000000, 0x00000000e0000000)
  object space 98304K, 81% used [0x00000000a0000000,0x00000000a4e04d90,0x00000000a6000000)
 Metaspace       used 83532K, capacity 86700K, committed 86912K, reserved 1124352K
  class space    used 11001K, capacity 11630K, committed 11648K, reserved 1048576K
}
Event: 1879.812 GC heap before
{Heap before GC invocations=28 (full 4):
 PSYoungGen      total 234496K, used 219671K [0x00000000e0000000, 0x00000000f3180000, 0x0000000100000000)
  eden space 208384K, 100% used [0x00000000e0000000,0x00000000ecb80000,0x00000000ecb80000)
  from space 26112K, 43% used [0x00000000ecb80000,0x00000000ed685c10,0x00000000ee500000)
  to   space 25088K, 0% used [0x00000000f1900000,0x00000000f1900000,0x00000000f3180000)
 ParOldGen       total 98304K, used 79891K [0x00000000a0000000, 0x00000000a6000000, 0x00000000e0000000)
  object space 98304K, 81% used [0x00000000a0000000,0x00000000a4e04d90,0x00000000a6000000)
 Metaspace       used 84545K, capacity 87948K, committed 88064K, reserved 1126400K
  class space    used 11061K, capacity 11736K, committed 11776K, reserved 1048576K
Event: 1882.225 GC heap after
Heap after GC invocations=28 (full 4):
 PSYoungGen      total 273408K, used 10001K [0x00000000e0000000, 0x00000000f2900000, 0x0000000100000000)
  eden space 257024K, 0% used [0x00000000e0000000,0x00000000e0000000,0x00000000efb00000)
  from space 16384K, 61% used [0x00000000f1900000,0x00000000f22c44a8,0x00000000f2900000)
  to   space 23552K, 0% used [0x00000000efb00000,0x00000000efb00000,0x00000000f1200000)
 ParOldGen       total 98304K, used 82902K [0x00000000a0000000, 0x00000000a6000000, 0x00000000e0000000)
  object space 98304K, 84% used [0x00000000a0000000,0x00000000a50f5bb0,0x00000000a6000000)
 Metaspace       used 84545K, capacity 87948K, committed 88064K, reserved 1126400K
  class space    used 11061K, capacity 11736K, committed 11776K, reserved 1048576K
}
Event: 2037.203 GC heap before
{Heap before GC invocations=29 (full 4):
 PSYoungGen      total 273408K, used 267025K [0x00000000e0000000, 0x00000000f2900000, 0x0000000100000000)
  eden space 257024K, 100% used [0x00000000e0000000,0x00000000efb00000,0x00000000efb00000)
  from space 16384K, 61% used [0x00000000f1900000,0x00000000f22c44a8,0x00000000f2900000)
  to   space 23552K, 0% used [0x00000000efb00000,0x00000000efb00000,0x00000000f1200000)
 ParOldGen       total 98304K, used 82902K [0x00000000a0000000, 0x00000000a6000000, 0x00000000e0000000)
  object space 98304K, 84% used [0x00000000a0000000,0x00000000a50f5bb0,0x00000000a6000000)
 Metaspace       used 85257K, capacity 88658K, committed 88832K, reserved 1126400K
  class space    used 11073K, capacity 11755K, committed 11776K, reserved 1048576K
Event: 2037.414 GC heap after
Heap after GC invocations=29 (full 4):
 PSYoungGen      total 280576K, used 6489K [0x00000000e0000000, 0x00000000f4f00000, 0x0000000100000000)
  eden space 257024K, 0% used [0x00000000e0000000,0x00000000e0000000,0x00000000efb00000)
  from space 23552K, 27% used [0x00000000efb00000,0x00000000f01565b0,0x00000000f1200000)
  to   space 23040K, 0% used [0x00000000f3880000,0x00000000f3880000,0x00000000f4f00000)
 ParOldGen       total 98304K, used 83838K [0x00000000a0000000, 0x00000000a6000000, 0x00000000e0000000)
  object space 98304K, 85% used [0x00000000a0000000,0x00000000a51dfbf0,0x00000000a6000000)
 Metaspace       used 85257K, capacity 88658K, committed 88832K, reserved 1126400K
  class space    used 11073K, capacity 11755K, committed 11776K, reserved 1048576K
}
Event: 2262.906 GC heap before
{Heap before GC invocations=30 (full 4):
 PSYoungGen      total 280576K, used 263513K [0x00000000e0000000, 0x00000000f4f00000, 0x0000000100000000)
  eden space 257024K, 100% used [0x00000000e0000000,0x00000000efb00000,0x00000000efb00000)
  from space 23552K, 27% used [0x00000000efb00000,0x00000000f01565b0,0x00000000f1200000)
  to   space 23040K, 0% used [0x00000000f3880000,0x00000000f3880000,0x00000000f4f00000)
 ParOldGen       total 98304K, used 83838K [0x00000000a0000000, 0x00000000a6000000, 0x00000000e0000000)
  object space 98304K, 85% used [0x00000000a0000000,0x00000000a51dfbf0,0x00000000a6000000)
 Metaspace       used 85605K, capacity 89182K, committed 89472K, reserved 1126400K
  class space    used 11096K, capacity 11797K, committed 11904K, reserved 1048576K
Event: 2263.138 GC heap after
Heap after GC invocations=30 (full 4):
 PSYoungGen      total 307712K, used 10993K [0x00000000e0000000, 0x00000000f4800000, 0x0000000100000000)
  eden space 291840K, 0% used [0x00000000e0000000,0x00000000e0000000,0x00000000f1d00000)
  from space 15872K, 69% used [0x00000000f3880000,0x00000000f433c4c8,0x00000000f4800000)
  to   space 22016K, 0% used [0x00000000f1d00000,0x00000000f1d00000,0x00000000f3280000)
 ParOldGen       total 98304K, used 84035K [0x00000000a0000000, 0x00000000a6000000, 0x00000000e0000000)
  object space 98304K, 85% used [0x00000000a0000000,0x00000000a5210c00,0x00000000a6000000)
 Metaspace       used 85605K, capacity 89182K, committed 89472K, reserved 1126400K
  class space    used 11096K, capacity 11797K, committed 11904K, reserved 1048576K
}
Event: 3595.768 GC heap before
{Heap before GC invocations=31 (full 4):
 PSYoungGen      total 307712K, used 302833K [0x00000000e0000000, 0x00000000f4800000, 0x0000000100000000)
  eden space 291840K, 100% used [0x00000000e0000000,0x00000000f1d00000,0x00000000f1d00000)
  from space 15872K, 69% used [0x00000000f3880000,0x00000000f433c4c8,0x00000000f4800000)
  to   space 22016K, 0% used [0x00000000f1d00000,0x00000000f1d00000,0x00000000f3280000)
 ParOldGen       total 98304K, used 84035K [0x00000000a0000000, 0x00000000a6000000, 0x00000000e0000000)
  object space 98304K, 85% used [0x00000000a0000000,0x00000000a5210c00,0x00000000a6000000)
 Metaspace       used 89945K, capacity 94334K, committed 94464K, reserved 1130496K
  class space    used 11670K, capacity 12527K, committed 12544K, reserved 1048576K
Event: 3596.568 GC heap after
Heap after GC invocations=31 (full 4):
 PSYoungGen      total 313856K, used 12761K [0x00000000e0000000, 0x00000000f6880000, 0x0000000100000000)
  eden space 291840K, 0% used [0x00000000e0000000,0x00000000e0000000,0x00000000f1d00000)
  from space 22016K, 57% used [0x00000000f1d00000,0x00000000f2976468,0x00000000f3280000)
  to   space 22016K, 0% used [0x00000000f5300000,0x00000000f5300000,0x00000000f6880000)
 ParOldGen       total 98304K, used 84043K [0x00000000a0000000, 0x00000000a6000000, 0x00000000e0000000)
  object space 98304K, 85% used [0x00000000a0000000,0x00000000a5212c00,0x00000000a6000000)
 Metaspace       used 89945K, capacity 94334K, committed 94464K, reserved 1130496K
  class space    used 11670K, capacity 12527K, committed 12544K, reserved 1048576K
}

Deoptimization events (10 events):
Event: 3642.448 Thread 0x000000001ada6000 Uncommon trap: reason=bimorphic action=maybe_recompile pc=0x000000000562f4ac method=org.gradle.internal.logging.text.AbstractLineChoppingStyledTextOutput$StateContext.flushStartLine()V @ 4
Event: 3642.449 Thread 0x000000001ada6000 Uncommon trap: reason=bimorphic action=maybe_recompile pc=0x0000000005a1a21c method=org.gradle.internal.logging.text.AbstractStyledTextOutput.text(Ljava/lang/Object;)Lorg/gradle/internal/logging/text/StyledTextOutput; @ 11
Event: 3642.449 Thread 0x000000001ada6000 Uncommon trap: reason=class_check action=maybe_recompile pc=0x0000000007ce3214 method=org.gradle.internal.logging.text.AbstractLineChoppingStyledTextOutput$StateContext.flushLineText()V @ 110
Event: 3642.455 Thread 0x000000001ada6000 Uncommon trap: reason=class_check action=maybe_recompile pc=0x0000000007ce3214 method=org.gradle.internal.logging.text.AbstractLineChoppingStyledTextOutput$StateContext.flushLineText()V @ 110
Event: 3642.456 Thread 0x000000001ada6000 Uncommon trap: reason=class_check action=maybe_recompile pc=0x0000000007ce3214 method=org.gradle.internal.logging.text.AbstractLineChoppingStyledTextOutput$StateContext.flushLineText()V @ 110
Event: 3642.467 Thread 0x000000001ada6000 Uncommon trap: reason=unstable_if action=reinterpret pc=0x000000000513f284 method=org.gradle.internal.logging.text.AbstractLineChoppingStyledTextOutput$2.execute(Lorg/gradle/internal/logging/text/AbstractLineChoppingStyledTextOutput$StateContext;)V @ 30
Event: 3656.522 Thread 0x000000001ad9a800 Uncommon trap: reason=class_check action=maybe_recompile pc=0x0000000006aeb3cc method=java.util.concurrent.ThreadPoolExecutor.getTask()Ljava/lang/Runnable; @ 139
Event: 3656.662 Thread 0x000000001ada6000 Uncommon trap: reason=class_check action=maybe_recompile pc=0x0000000006aeb3cc method=java.util.concurrent.ThreadPoolExecutor.getTask()Ljava/lang/Runnable; @ 139
Event: 3656.689 Thread 0x0000000024134800 Uncommon trap: reason=unstable_if action=reinterpret pc=0x0000000006bc348c method=org.gradle.internal.logging.console.BuildLogLevelFilterRenderer.onOutput(Lorg/gradle/internal/logging/events/OutputEvent;)V @ 18
Event: 3664.519 Thread 0x000000002412f800 Uncommon trap: reason=unstable_if action=reinterpret pc=0x0000000006f2c3a0 method=com.esotericsoftware.kryo.io.Output.writeVarLong(JZ)I @ 55

Classes redefined (0 events):
No events

Internal exceptions (10 events):
Event: 3619.460 Thread 0x000000001cccd800 Exception <a 'java/lang/NoSuchMethodError': <clinit>> (0x00000000e9421950) thrown at [D:\src\AOSP-openjdk-cygwin\jdk8u\hotspot\src\share\vm\prims\jni.cpp, line 1614]
Event: 3619.468 Thread 0x000000001cccd800 Exception <a 'java/lang/NoSuchMethodError': <clinit>> (0x00000000e9431e60) thrown at [D:\src\AOSP-openjdk-cygwin\jdk8u\hotspot\src\share\vm\prims\jni.cpp, line 1614]
Event: 3622.227 Thread 0x000000001ada6000 Implicit null exception at 0x000000000849e574 to 0x000000000849e8c1
Event: 3623.807 Thread 0x000000001cccd800 Exception <a 'java/lang/NoSuchMethodError': <clinit>> (0x00000000eb36fa30) thrown at [D:\src\AOSP-openjdk-cygwin\jdk8u\hotspot\src\share\vm\prims\jni.cpp, line 1614]
Event: 3623.819 Thread 0x000000001cccd800 Exception <a 'java/lang/NoSuchMethodError': <clinit>> (0x00000000eb388d00) thrown at [D:\src\AOSP-openjdk-cygwin\jdk8u\hotspot\src\share\vm\prims\jni.cpp, line 1614]
Event: 3623.836 Thread 0x000000001cccd800 Exception <a 'java/lang/NoSuchMethodError': <clinit>> (0x00000000eb3b1f18) thrown at [D:\src\AOSP-openjdk-cygwin\jdk8u\hotspot\src\share\vm\prims\jni.cpp, line 1614]
Event: 3641.417 Thread 0x000000001a35f800 Exception <a 'java/io/IOException'> (0x00000000eb7c93a0) thrown at [D:\src\AOSP-openjdk-cygwin\jdk8u\hotspot\src\share\vm\prims\jni.cpp, line 710]
Event: 3641.493 Thread 0x000000001cccd800 Exception <a 'java/lang/reflect/InvocationTargetException'> (0x00000000eb807b00) thrown at [D:\src\AOSP-openjdk-cygwin\jdk8u\hotspot\src\share\vm\runtime\reflection.cpp, line 1092]
Event: 3642.355 Thread 0x000000001ada6000 Exception <a 'sun/nio/fs/WindowsException'> (0x00000000ebc63398) thrown at [D:\src\AOSP-openjdk-cygwin\jdk8u\hotspot\src\share\vm\prims\jni.cpp, line 710]
Event: 3658.884 Thread 0x000000001ada6000 Exception <a 'sun/nio/fs/WindowsException'> (0x00000000ecb82ec0) thrown at [D:\src\AOSP-openjdk-cygwin\jdk8u\hotspot\src\share\vm\prims\jni.cpp, line 710]

Events (10 events):
Event: 3664.432 Executing VM operation: RevokeBias done
Event: 3664.433 Executing VM operation: BulkRevokeBias
Event: 3664.438 Executing VM operation: BulkRevokeBias done
Event: 3664.447 Executing VM operation: RevokeBias
Event: 3664.448 Executing VM operation: RevokeBias done
Event: 3664.481 Executing VM operation: RevokeBias
Event: 3664.483 Executing VM operation: RevokeBias done
Event: 3664.519 Thread 0x000000002412f800 Uncommon trap: trap_request=0xffffff65 fr.pc=0x0000000006f2c3a0
Event: 3664.519 Thread 0x000000002412f800 DEOPT PACKING pc=0x0000000006f2c3a0 sp=0x000000002f04f0e0
Event: 3664.519 Thread 0x000000002412f800 DEOPT UNPACKING pc=0x0000000004d9557b sp=0x000000002f04f0a8 mode 2


Dynamic libraries:
0x00007ff73e460000 - 0x00007ff73e491000 	C:\Program Files\Android\Android Studio2\jre\bin\java.exe
0x00007ffcb6b30000 - 0x00007ffcb6d10000 	C:\WINDOWS\SYSTEM32\ntdll.dll
0x00007ffcb4e60000 - 0x00007ffcb4f0e000 	C:\WINDOWS\System32\KERNEL32.DLL
0x00007ffcb3d40000 - 0x00007ffcb3fa6000 	C:\WINDOWS\System32\KERNELBASE.dll
0x00007ffcb4c00000 - 0x00007ffcb4ca1000 	C:\WINDOWS\System32\ADVAPI32.dll
0x00007ffcb4150000 - 0x00007ffcb41ed000 	C:\WINDOWS\System32\msvcrt.dll
0x00007ffcb6350000 - 0x00007ffcb63ab000 	C:\WINDOWS\System32\sechost.dll
0x00007ffcb6420000 - 0x00007ffcb653f000 	C:\WINDOWS\System32\RPCRT4.dll
0x00007ffcb41f0000 - 0x00007ffcb437f000 	C:\WINDOWS\System32\USER32.dll
0x00007ffcb2fd0000 - 0x00007ffcb2ff0000 	C:\WINDOWS\System32\win32u.dll
0x00007ffcb4bd0000 - 0x00007ffcb4bf8000 	C:\WINDOWS\System32\GDI32.dll
0x00007ffcb3a20000 - 0x00007ffcb3bb3000 	C:\WINDOWS\System32\gdi32full.dll
0x00007ffcb2f30000 - 0x00007ffcb2fcb000 	C:\WINDOWS\System32\msvcp_win.dll
0x00007ffcb3bc0000 - 0x00007ffcb3cb5000 	C:\WINDOWS\System32\ucrtbase.dll
0x00007ffc9b790000 - 0x00007ffc9b9f9000 	C:\WINDOWS\WinSxS\amd64_microsoft.windows.common-controls_6595b64144ccf1df_6.0.16299.665_none_15cbd8769361ff10\COMCTL32.dll
0x00007ffcb65c0000 - 0x00007ffcb68c7000 	C:\WINDOWS\System32\combase.dll
0x00007ffcb3cc0000 - 0x00007ffcb3d32000 	C:\WINDOWS\System32\bcryptPrimitives.dll
0x00007ffcb4cc0000 - 0x00007ffcb4ced000 	C:\WINDOWS\System32\IMM32.DLL
0x000000006aab0000 - 0x000000006ab82000 	C:\Program Files\Android\Android Studio2\jre\jre\bin\msvcr100.dll
0x000000006ab90000 - 0x000000006b3d6000 	C:\Program Files\Android\Android Studio2\jre\jre\bin\server\jvm.dll
0x00007ffcb69a0000 - 0x00007ffcb69a8000 	C:\WINDOWS\System32\PSAPI.DLL
0x00007ffca3680000 - 0x00007ffca3689000 	C:\WINDOWS\SYSTEM32\WSOCK32.dll
0x00007ffcb63b0000 - 0x00007ffcb641c000 	C:\WINDOWS\System32\WS2_32.dll
0x00007ffcb17a0000 - 0x00007ffcb17aa000 	C:\WINDOWS\SYSTEM32\VERSION.dll
0x00007ffcb0970000 - 0x00007ffcb0993000 	C:\WINDOWS\SYSTEM32\WINMM.dll
0x00007ffcb0740000 - 0x00007ffcb076a000 	C:\WINDOWS\SYSTEM32\WINMMBASE.dll
0x00007ffcb3fb0000 - 0x00007ffcb3ffa000 	C:\WINDOWS\System32\cfgmgr32.dll
0x00007ffca6930000 - 0x00007ffca693f000 	C:\Program Files\Android\Android Studio2\jre\jre\bin\verify.dll
0x00007ffc9d020000 - 0x00007ffc9d049000 	C:\Program Files\Android\Android Studio2\jre\jre\bin\java.dll
0x00007ffc98a60000 - 0x00007ffc98a76000 	C:\Program Files\Android\Android Studio2\jre\jre\bin\zip.dll
0x00007ffcb4f10000 - 0x00007ffcb6348000 	C:\WINDOWS\System32\SHELL32.dll
0x00007ffcb69b0000 - 0x00007ffcb6a56000 	C:\WINDOWS\System32\shcore.dll
0x00007ffcb32d0000 - 0x00007ffcb3a17000 	C:\WINDOWS\System32\windows.storage.dll
0x00007ffcb46b0000 - 0x00007ffcb4701000 	C:\WINDOWS\System32\shlwapi.dll
0x00007ffcb2f10000 - 0x00007ffcb2f21000 	C:\WINDOWS\System32\kernel.appcore.dll
0x00007ffcb2ec0000 - 0x00007ffcb2f0c000 	C:\WINDOWS\System32\powrprof.dll
0x00007ffcb2ea0000 - 0x00007ffcb2ebb000 	C:\WINDOWS\System32\profapi.dll
0x00007ffc8e470000 - 0x00007ffc8e48a000 	C:\Program Files\Android\Android Studio2\jre\jre\bin\net.dll
0x00007ffcb26b0000 - 0x00007ffcb2716000 	C:\WINDOWS\system32\mswsock.dll
0x00007ffc8dcb0000 - 0x00007ffc8dcc1000 	C:\Program Files\Android\Android Studio2\jre\jre\bin\nio.dll
0x00007ffcabbf0000 - 0x00007ffcabc16000 	C:\Users\Tvw00\.gradle\native\29\windows-amd64\native-platform.dll
0x00007ffc9c570000 - 0x00007ffc9c57d000 	C:\Program Files\Android\Android Studio2\jre\jre\bin\management.dll
0x00007ffcb2880000 - 0x00007ffcb2897000 	C:\WINDOWS\SYSTEM32\CRYPTSP.dll
0x00007ffcb22b0000 - 0x00007ffcb22e3000 	C:\WINDOWS\system32\rsaenh.dll
0x00007ffcb29e0000 - 0x00007ffcb2a05000 	C:\WINDOWS\SYSTEM32\bcrypt.dll
0x00007ffcb2db0000 - 0x00007ffcb2dd9000 	C:\WINDOWS\SYSTEM32\USERENV.dll
0x00007ffcb2870000 - 0x00007ffcb287b000 	C:\WINDOWS\SYSTEM32\CRYPTBASE.dll
0x00007ffcb2440000 - 0x00007ffcb2479000 	C:\WINDOWS\SYSTEM32\IPHLPAPI.DLL
0x00007ffcb4bc0000 - 0x00007ffcb4bc8000 	C:\WINDOWS\System32\NSI.dll
0x00007ffcac310000 - 0x00007ffcac326000 	C:\WINDOWS\SYSTEM32\dhcpcsvc6.DLL
0x00007ffcac990000 - 0x00007ffcac9aa000 	C:\WINDOWS\SYSTEM32\dhcpcsvc.DLL

VM Arguments:
jvm_args: -Xmx1536m -Dfile.encoding=windows-1252 -Duser.country=US -Duser.language=en -Duser.variant 
java_command: org.gradle.launcher.daemon.bootstrap.GradleDaemon 5.4.1
java_class_path (initial): C:\Users\Tvw00\.gradle\wrapper\dists\gradle-5.4.1-all\3221gyojl5jsh0helicew7rwx\gradle-5.4.1\lib\gradle-launcher-5.4.1.jar
Launcher Type: SUN_STANDARD

Environment Variables:
JAVA_HOME=C:\Program Files (x86)\Java\jdk1.8.0_241
PATH=C:\ProgramData\Oracle\Java\javapath;C:\WINDOWS\system32;C:\WINDOWS;C:\WINDOWS\System32\Wbem;C:\WINDOWS\System32\WindowsPowerShell\v1.0\;C:\Program Files\Java\jdk1.8.0_241\bin;C:\Program Files\Java\jdk1.8.0_241\jre\bin;C:\Users\Tvw00\AppData\Local\Microsoft\WindowsApps;
USERNAME=Tvw00
OS=Windows_NT
PROCESSOR_IDENTIFIER=Intel64 Family 6 Model 92 Stepping 9, GenuineIntel



---------------  S Y S T E M  ---------------

OS: Windows 10.0 , 64 bit Build 16299 (10.0.16299.431)

CPU:total 2 (initial active 2) (2 cores per cpu, 1 threads per core) family 6 model 92 stepping 9, cmov, cx8, fxsr, mmx, sse, sse2, sse3, ssse3, sse4.1, sse4.2, popcnt, aes, clmul, erms, 3dnowpref, tsc, tscinvbit

Memory: 4k page, physical 1924448k(375328k free), swap 3951176k(4076k free)

vm_info: OpenJDK 64-Bit Server VM (25.202-b03) for windows-amd64 JRE (1.8.0_202-release-1483-b03), built by "builder" with MS VC++ 10.0 (VS2010)

time: Sun May 17 05:14:32 2020
timezone: Central Daylight Time
elapsed time: 3666 seconds (0d 1h 1m 6s)

