JvmtiExport can_access_local_variables 0
JvmtiExport can_hotswap_or_post_breakpoint 0
JvmtiExport can_post_on_exceptions 0
# 147 ciObject found
ciMethod java/lang/Object <init> ()V 4097 1 1003009 0 0
ciMethod java/lang/String <init> ([CII)V 1937 1 5362 0 704
ciMethod java/lang/String <init> ([BIII)V 1009 16569 1090 0 736
ciMethod java/lang/String checkBounds ([BII)V 2033 1 22309 0 160
ciMethod java/lang/String equals (Ljava/lang/Object;)Z 2049 12345 5376 0 -1
ciMethod java/lang/System arraycopy (Ljava/lang/Object;ILjava/lang/Object;II)V 4097 1 512 0 -1
ciMethod java/io/InputStream read ([BII)I 9 1521 1 0 -1
ciMethod java/lang/Math min (II)I 2857 1 125866 0 -1
ciMethod java/util/Arrays copyOfRange ([CII)[C 2049 1 5376 0 512
ciMethodData java/lang/Object <init> ()V 2 1003009 orig 264 8 206 87 88 0 0 0 0 128 4 11 23 0 0 0 0 32 1 0 0 0 0 0 0 0 0 0 0 0 0 0 0 0 0 0 0 0 0 0 0 0 0 0 0 0 0 0 0 0 0 0 0 0 0 0 0 0 0 0 0 0 0 0 0 0 0 0 0 0 0 0 0 0 0 0 0 0 0 0 0 77 68 79 32 101 120 116 114 97 32 100 97 116 97 32 108 111 99 107 0 0 0 0 0 0 0 0 0 0 0 0 0 0 0 0 0 0 0 0 0 0 0 0 0 0 0 0 0 0 0 0 0 0 0 0 0 0 0 0 0 0 0 0 0 0 0 0 0 0 0 0 0 0 0 0 0 0 0 0 0 0 0 0 0 0 0 0 0 0 0 0 0 0 0 0 0 0 0 0 0 0 0 0 0 1 0 0 0 0 0 0 0 1 0 0 0 0 0 0 0 1 0 0 0 0 0 0 0 0 0 0 0 0 0 0 0 0 2 0 0 9 96 122 0 1 0 0 0 0 0 0 0 0 0 0 0 2 0 0 0 0 0 3 0 1 0 0 0 0 0 0 0 255 255 255 255 0 0 0 0 0 0 0 0 data 0 oops 0
ciMethodData java/util/Arrays copyOfRange ([CII)[C 2 5376 orig 264 8 206 87 88 0 0 0 0 120 54 29 23 0 0 0 0 120 2 0 0 240 0 0 0 0 0 0 0 0 0 0 0 0 0 0 0 0 0 0 0 0 0 0 0 0 0 0 0 0 0 0 0 0 0 0 0 0 0 0 0 0 0 0 0 0 0 0 0 0 0 0 0 0 0 0 0 0 0 0 0 77 68 79 32 101 120 116 114 97 32 100 97 116 97 32 108 111 99 107 0 0 0 0 0 0 0 0 0 0 0 0 0 0 0 0 0 0 0 0 0 0 0 0 0 0 0 0 0 0 0 0 0 0 0 0 0 0 0 0 0 0 0 0 0 0 0 0 0 0 0 0 0 0 0 0 0 0 0 0 0 0 0 0 0 0 0 0 0 0 0 0 0 0 0 0 0 0 0 0 0 0 0 0 0 29 0 0 0 0 0 0 0 0 0 0 0 0 0 0 0 0 0 0 0 0 0 0 0 0 0 0 0 0 0 0 0 0 1 0 0 1 160 0 0 1 0 0 0 0 0 0 0 0 0 0 0 2 0 0 0 0 0 9 0 2 0 0 0 32 1 0 0 255 255 255 255 7 0 5 0 0 0 0 0 data 36 0x50007 0x1400 0x100 0x0 0x100002 0x0 0x140005 0x0 0x0 0x0 0x0 0x0 0x190005 0x0 0x0 0x0 0x0 0x0 0x1d0005 0x0 0x0 0x0 0x0 0x0 0x200005 0x0 0x0 0x0 0x0 0x0 0x230002 0x0 0x360002 0x1400 0x390002 0x1400 oops 0
ciMethodData java/lang/String <init> ([CII)V 2 5362 orig 264 8 206 87 88 0 0 0 0 160 49 11 23 0 0 0 0 80 2 0 0 208 0 0 0 0 0 0 0 0 0 0 0 0 0 0 0 0 0 0 0 0 0 0 0 0 0 0 0 0 0 0 0 0 0 0 0 0 0 0 0 0 0 0 0 0 0 0 0 0 0 0 0 0 0 0 0 0 0 0 0 77 68 79 32 101 120 116 114 97 32 100 97 116 97 32 108 111 99 107 0 0 0 0 0 0 0 0 0 0 0 0 0 0 0 0 0 0 0 0 0 0 0 0 0 0 0 0 0 0 0 0 0 0 0 0 0 0 0 0 0 0 0 0 0 0 0 0 0 0 0 0 0 0 0 0 0 0 0 0 0 0 0 0 0 0 0 0 0 0 0 0 0 0 0 0 0 0 0 0 0 0 0 0 0 25 0 0 0 0 0 0 0 0 0 0 0 0 0 0 0 1 0 0 0 0 0 0 0 0 0 0 0 0 0 0 0 242 0 0 0 1 160 0 0 1 0 0 0 0 0 0 0 0 0 0 0 2 0 0 0 0 0 14 0 2 0 0 0 240 0 0 0 255 255 255 255 2 0 1 0 0 0 0 0 data 30 0x10002 0x1400 0x50007 0x1400 0x30 0x0 0xd0002 0x0 0x120007 0x13f2 0x70 0xe 0x160007 0xe 0x30 0x0 0x1e0002 0x0 0x250007 0x0 0x20 0xe 0x370007 0x13f2 0x30 0x0 0x410002 0x0 0x4b0002 0x13f2 oops 0
ciMethod org/gradle/internal/serialize/kryo/KryoBackedDecoder maybeEndOfStream (Lcom/esotericsoftware/kryo/KryoException;)Ljava/lang/RuntimeException; 0 0 1 0 0
ciMethod org/gradle/internal/serialize/kryo/KryoBackedDecoder readString ()Ljava/lang/String; 2385 1 8490 0 -1
ciMethod org/gradle/internal/serialize/kryo/KryoBackedDecoder readNullableString ()Ljava/lang/String; 6465 1 9489 0 0
ciMethod com/esotericsoftware/kryo/KryoException getMessage ()Ljava/lang/String; 0 0 1 0 -1
ciMethod com/esotericsoftware/kryo/io/Input fill ([BII)I 49 1 328 0 0
ciMethod com/esotericsoftware/kryo/io/Input require (I)I 2025 1 12140 0 480
ciMethod com/esotericsoftware/kryo/io/Input readString ()Ljava/lang/String; 2385 1 9036 0 0
ciMethod com/esotericsoftware/kryo/io/Input readUtf8Length (I)I 3073 1 8824 0 0
ciMethod com/esotericsoftware/kryo/io/Input readUtf8Length_slow (I)I 9 1 8 0 0
ciMethod com/esotericsoftware/kryo/io/Input readUtf8 (I)V 945 24577 2855 0 1120
ciMethod com/esotericsoftware/kryo/io/Input readUtf8_slow (II)V 9 105 6 0 0
ciMethod com/esotericsoftware/kryo/io/Input readAscii ()Ljava/lang/String; 1 1 205 0 0
ciMethod com/esotericsoftware/kryo/io/Input readAscii_slow ()Ljava/lang/String; 0 0 1 0 0
ciMethodData java/lang/String <init> ([BIII)V 2 18466 orig 264 8 206 87 88 0 0 0 0 48 52 11 23 0 0 0 0 48 2 0 0 120 0 0 0 0 0 0 0 0 0 0 0 0 0 0 0 0 0 0 0 0 0 0 0 0 0 0 0 0 0 0 0 0 0 0 0 0 0 0 0 0 0 0 0 0 0 0 0 0 0 0 0 0 0 0 0 0 0 0 0 77 68 79 32 101 120 116 114 97 32 100 97 116 97 32 108 111 99 107 0 0 0 0 0 0 0 0 0 0 0 0 0 0 0 0 0 0 0 0 0 0 0 0 0 0 0 0 0 0 0 0 0 0 0 0 0 0 0 0 0 0 0 0 0 0 0 0 0 0 0 0 0 0 0 0 0 0 0 0 0 0 0 0 0 0 0 0 0 0 0 0 0 0 0 0 0 0 0 0 0 0 0 0 0 0 0 0 0 0 0 0 0 0 0 0 0 0 0 0 0 0 0 0 0 0 0 0 0 0 0 0 0 0 0 0 0 23 8 0 0 33 30 0 0 89 0 2 0 0 0 0 0 0 0 0 0 2 0 0 0 2 0 12 0 2 0 0 0 200 0 0 0 255 255 255 255 2 0 1 0 0 0 0 0 data 25 0x10002 0x3c4 0x80002 0x3c4 0x120007 0x0 0x70 0x3c4 0x1e0007 0x3c4 0x38 0x400b 0x310003 0x400b 0xffffffffffffffe0 0x340003 0x3c4 0x50 0x450007 0x0 0x38 0x0 0x5a0003 0x0 0xffffffffffffffe0 oops 0
ciMethodData java/lang/String checkBounds ([BII)V 2 22309 orig 264 8 206 87 88 0 0 0 0 200 53 11 23 0 0 0 0 192 1 0 0 80 0 0 0 0 0 0 0 0 0 0 0 0 0 0 0 0 0 0 0 0 0 0 0 0 0 0 0 0 0 0 0 0 0 0 0 0 0 0 0 0 0 0 0 0 0 0 0 0 0 0 0 0 0 0 0 0 0 0 0 77 68 79 32 101 120 116 114 97 32 100 97 116 97 32 108 111 99 107 0 0 0 0 0 0 0 0 0 0 0 0 0 0 0 0 0 0 0 0 0 0 0 0 0 0 0 0 0 0 0 0 0 0 0 0 0 0 0 0 0 0 0 0 0 0 0 0 0 0 0 0 0 0 0 0 0 0 0 0 0 0 0 0 0 0 0 0 0 0 0 0 0 0 0 0 0 0 0 0 0 0 0 0 0 0 0 0 0 0 0 0 0 0 0 0 0 0 0 0 0 0 0 0 0 0 0 0 0 0 0 0 0 0 0 0 0 254 0 0 0 57 177 2 0 1 0 0 0 0 0 0 0 0 0 0 0 2 0 0 0 0 0 9 0 2 0 0 0 144 0 0 0 255 255 255 255 7 0 1 0 0 0 0 0 data 18 0x10007 0x5627 0x30 0x0 0x90002 0x0 0xe0007 0x5627 0x30 0x0 0x160002 0x0 0x1f0007 0x5627 0x30 0x0 0x290002 0x0 oops 0
ciMethodData com/esotericsoftware/kryo/io/Input readUtf8 (I)V 2 40557 orig 264 8 206 87 88 0 0 0 0 8 61 82 23 0 0 0 0 48 2 0 0 48 0 0 0 0 0 0 0 0 0 0 0 0 0 0 0 0 0 0 0 0 0 0 0 0 0 0 0 0 0 0 0 0 0 0 0 0 0 0 0 0 0 0 0 0 0 0 0 0 0 0 0 0 0 0 0 0 0 0 0 77 68 79 32 101 120 116 114 97 32 100 97 116 97 32 108 111 99 107 0 0 0 0 0 0 0 0 0 0 0 0 0 0 0 0 0 0 0 0 0 0 0 0 0 0 0 0 0 0 0 0 0 0 0 0 0 0 0 0 0 0 0 0 0 0 0 0 0 0 0 0 0 0 0 0 0 0 0 0 0 0 0 0 0 0 0 0 0 0 0 0 0 0 0 0 0 0 0 0 0 0 0 0 0 0 0 0 0 0 0 0 0 0 0 0 0 0 0 0 0 0 0 0 0 0 0 0 0 0 0 0 0 0 0 0 0 0 12 0 0 137 85 0 0 105 147 4 0 0 0 0 0 0 0 0 0 2 0 0 0 1 0 16 0 2 0 0 0 224 0 0 0 255 255 255 255 5 0 15 0 0 0 0 0 data 28 0xf0005 0x0 0x1c506e50 0xab1 0x0 0x0 0x130002 0xab1 0x220007 0xab1 0x70 0x923b 0x300007 0x923b 0x38 0x0 0x360003 0x0 0x30 0x430003 0x923b 0xffffffffffffffa8 0x4f0007 0xab0 0x30 0x1 0x560002 0x1 oops 1 2 com/esotericsoftware/kryo/io/Input
ciMethodData com/esotericsoftware/kryo/io/Input require (I)I 2 12140 orig 264 8 206 87 88 0 0 0 0 200 35 82 23 0 0 0 0 32 4 0 0 240 1 0 0 0 0 0 0 0 0 0 0 0 0 0 0 0 0 0 0 0 0 0 0 0 0 0 0 0 0 0 0 0 0 0 0 0 0 0 0 0 0 0 0 0 0 0 0 0 0 0 0 0 0 0 0 0 0 0 0 77 68 79 32 101 120 116 114 97 32 100 97 116 97 32 108 111 99 107 0 0 0 0 0 0 0 0 0 0 0 0 0 0 0 0 0 0 0 0 0 0 0 0 0 0 0 0 0 0 0 0 0 0 0 0 0 0 0 0 0 0 0 0 0 0 0 0 0 0 0 0 0 0 0 0 0 0 0 0 0 0 0 0 0 0 0 0 0 0 0 0 0 0 0 0 0 0 0 0 0 0 0 0 0 0 0 0 0 0 0 0 0 0 0 0 0 0 0 0 0 0 0 0 0 0 0 0 0 0 0 0 0 0 0 0 0 253 0 0 0 121 115 1 0 9 10 0 0 0 0 0 0 0 0 0 0 2 0 0 0 1 0 32 0 2 0 0 0 208 2 0 0 255 255 255 255 7 0 12 0 0 0 0 0 data 90 0xc0007 0x143 0x20 0x2d2c 0x160007 0x143 0x130 0x0 0x210002 0x0 0x260005 0x0 0x0 0x0 0x0 0x0 0x2d0005 0x0 0x0 0x0 0x0 0x0 0x320005 0x0 0x0 0x0 0x0 0x0 0x360005 0x0 0x0 0x0 0x0 0x0 0x390005 0x0 0x0 0x0 0x0 0x0 0x3c0002 0x0 0x410007 0x143 0xa0 0x0 0x560005 0x0 0x0 0x0 0x0 0x0 0x5c0007 0x0 0x30 0x0 0x650002 0x0 0x6f0007 0x0 0x20 0x0 0x8c0002 0x143 0xae0005 0x0 0x1c506e50 0x143 0x0 0x0 0xb40007 0x142 0x68 0x0 0xb90007 0x0 0x38 0x0 0xbc0003 0x0 0x60 0xc50002 0x0 0xcf0007 0x0 0xffffffffffffff68 0x142 0xd20003 0x142 0x18 oops 1 66 com/esotericsoftware/kryo/io/Input
ciMethodData com/esotericsoftware/kryo/io/Input fill ([BII)I 1 328 orig 264 8 206 87 88 0 0 0 0 0 34 82 23 0 0 0 0 192 1 0 0 0 0 0 0 0 0 0 0 0 0 0 0 0 0 0 0 0 0 0 0 0 0 0 0 0 0 0 0 0 0 0 0 0 0 0 0 0 0 0 0 0 0 0 0 0 0 0 0 0 0 0 0 0 0 0 0 0 0 0 0 77 68 79 32 101 120 116 114 97 32 100 97 116 97 32 108 111 99 107 0 0 0 0 0 0 0 0 0 0 0 0 0 0 0 0 0 0 0 0 0 0 0 0 0 0 0 0 0 0 0 0 0 0 0 0 0 0 0 0 0 0 0 0 0 0 0 0 0 0 0 0 0 0 0 0 0 0 0 0 0 0 0 0 0 0 0 0 0 0 0 0 0 0 0 0 0 0 0 0 0 0 0 0 0 0 0 0 0 0 0 0 0 0 0 0 0 0 0 0 0 0 0 0 0 0 0 0 0 0 0 0 0 0 0 0 0 6 0 0 0 17 10 0 0 1 0 0 0 0 0 0 0 0 0 0 0 2 0 0 0 0 0 0 0 0 0 0 0 96 0 0 0 255 255 255 255 7 0 4 0 0 0 0 0 data 12 0x40007 0x142 0x20 0x0 0x100005 0x5f 0x1dd49df0 0x2 0x1dd49ea0 0xe1 0x1c0002 0x0 oops 2 6 org/gradle/internal/remote/internal/inet/SocketConnection$SocketInputStream 8 org/gradle/internal/io/StreamByteBuffer$StreamByteBufferInputStream
ciMethodData org/gradle/internal/serialize/kryo/KryoBackedDecoder readString ()Ljava/lang/String; 2 8490 orig 264 8 206 87 88 0 0 0 0 0 226 81 23 0 0 0 0 120 1 0 0 0 0 0 0 0 0 0 0 0 0 0 0 0 0 0 0 0 0 0 0 0 0 0 0 0 0 0 0 0 0 0 0 0 0 0 0 0 0 0 0 0 0 0 0 0 0 0 0 0 0 0 0 0 0 0 0 0 0 0 0 77 68 79 32 101 120 116 114 97 32 100 97 116 97 32 108 111 99 107 0 0 0 0 0 0 0 0 0 0 0 0 0 0 0 0 0 0 0 0 0 0 0 0 0 0 0 0 0 0 0 0 0 0 0 0 0 0 0 0 0 0 0 0 0 0 0 0 0 0 0 0 0 0 0 0 0 0 0 0 0 0 0 0 0 0 0 0 0 0 0 0 0 0 0 0 0 0 0 0 0 0 0 0 0 0 0 0 0 0 0 0 0 0 0 0 0 0 0 0 0 0 0 0 0 0 0 0 0 0 0 0 0 0 0 0 0 42 1 0 0 1 0 1 0 1 0 0 0 0 0 0 0 0 0 0 0 2 0 0 0 0 0 8 0 2 0 0 0 48 0 0 0 255 255 255 255 5 0 1 0 0 0 0 0 data 6 0x10005 0x0 0x1c503a40 0x1fff 0x0 0x0 oops 1 2 org/gradle/internal/serialize/kryo/KryoBackedDecoder
ciMethodData org/gradle/internal/serialize/kryo/KryoBackedDecoder readNullableString ()Ljava/lang/String; 2 9489 orig 264 8 206 87 88 0 0 0 0 200 226 81 23 0 0 0 0 136 1 0 0 0 0 0 0 0 0 0 0 0 0 0 0 0 0 0 0 0 0 0 0 0 0 0 0 0 0 0 0 0 0 0 0 0 0 0 0 0 0 0 0 0 0 0 0 0 0 0 0 0 0 0 0 0 0 0 0 0 0 0 0 77 68 79 32 101 120 116 114 97 32 100 97 116 97 32 108 111 99 107 0 0 0 0 0 0 0 0 0 0 0 0 0 0 0 0 0 0 0 0 0 0 0 0 0 0 0 0 0 0 0 0 0 0 0 0 0 0 0 0 0 0 0 0 0 0 0 0 0 0 0 0 0 0 0 0 0 0 0 0 0 0 0 0 0 0 0 0 0 0 0 0 0 0 0 0 0 0 0 0 0 0 0 0 0 0 0 0 0 0 0 0 0 0 0 0 0 0 0 0 0 0 0 0 0 0 0 0 0 0 0 0 0 0 0 0 0 42 1 0 0 73 15 1 0 1 0 0 0 0 0 0 0 0 0 0 0 2 0 0 0 0 0 6 0 2 0 0 0 64 0 0 0 255 255 255 255 5 0 4 0 0 0 0 0 data 8 0x40005 0x0 0x1c506e50 0x21e9 0x0 0x0 0xb0002 0x0 oops 1 2 com/esotericsoftware/kryo/io/Input
ciMethodData com/esotericsoftware/kryo/io/Input readString ()Ljava/lang/String; 2 9036 orig 264 8 206 87 88 0 0 0 0 224 56 82 23 0 0 0 0 128 2 0 0 96 0 0 0 0 0 0 0 0 0 0 0 0 0 0 0 0 0 0 0 0 0 0 0 0 0 0 0 0 0 0 0 0 0 0 0 0 0 0 0 0 0 0 0 0 0 0 0 0 0 0 0 0 0 0 0 0 0 0 0 77 68 79 32 101 120 116 114 97 32 100 97 116 97 32 108 111 99 107 0 0 0 0 0 0 0 0 0 0 0 0 0 0 0 0 0 0 0 0 0 0 0 0 0 0 0 0 0 0 0 0 0 0 0 0 0 0 0 0 0 0 0 0 0 1 0 0 0 0 0 0 0 0 0 0 0 0 0 0 0 0 0 0 0 0 0 0 0 0 0 0 0 0 0 0 0 0 0 0 1 0 0 0 0 0 0 0 0 0 0 0 0 0 0 0 0 0 0 0 0 0 0 0 0 0 0 0 0 0 0 0 0 0 0 0 0 42 1 0 0 17 17 1 0 1 0 0 0 91 33 0 0 0 0 0 0 2 0 0 0 0 0 14 0 2 0 0 0 56 1 0 0 255 255 255 255 5 0 2 0 0 0 0 0 data 39 0x20005 0x0 0x1c506e50 0x2222 0x0 0x0 0x1c0007 0x2155 0x30 0xcd 0x200002 0xcd 0x26e007 0x7 0x48 0x214f 0x2b0002 0x214f 0x2e0003 0x214f 0x28 0x330002 0x7 0x380008 0x6 0x7c 0x40 0xa 0x40 0x28 0x40 0x620007 0x17b9 0x20 0xc8 0x6e0002 0x1881 0x7b0002 0x1881 oops 1 2 com/esotericsoftware/kryo/io/Input
ciMethodData com/esotericsoftware/kryo/io/Input readUtf8Length (I)I 2 8824 orig 264 8 206 87 88 0 0 0 0 56 58 82 23 0 0 0 0 184 1 0 0 0 0 0 0 0 0 0 0 0 0 0 0 0 0 0 0 0 0 0 0 0 0 0 0 0 0 0 0 0 0 0 0 0 0 0 0 0 0 0 0 0 0 0 0 0 0 0 0 0 0 0 0 0 0 0 0 0 0 0 0 77 68 79 32 101 120 116 114 97 32 100 97 116 97 32 108 111 99 107 0 0 0 0 0 0 0 0 0 0 0 0 0 0 0 0 0 0 0 0 0 0 0 0 0 0 0 0 0 0 0 0 0 0 0 0 0 0 0 0 0 0 0 0 0 0 0 0 0 0 0 0 0 0 0 0 0 0 0 0 0 0 0 0 0 0 0 0 0 0 0 0 0 0 0 0 0 0 0 0 0 0 0 0 0 0 0 0 0 0 0 0 0 0 0 0 0 0 0 0 0 0 0 0 0 0 0 0 0 0 0 0 0 0 0 0 0 128 1 0 0 193 7 1 0 1 0 0 0 0 0 0 0 0 0 0 0 2 0 0 0 0 0 12 0 2 0 0 0 128 0 0 0 255 255 255 255 7 0 9 0 0 0 0 0 data 16 0x90007 0x1fcc 0x80 0x12c 0x2e0007 0x12c 0x60 0x0 0x4e0007 0x0 0x40 0x0 0x6e0007 0x0 0x20 0x0 oops 0
ciMethodData com/esotericsoftware/kryo/io/Input readAscii ()Ljava/lang/String; 1 2162 orig 264 8 206 87 88 0 0 0 0 72 64 82 23 0 0 0 0 136 1 0 0 32 0 0 0 0 0 0 0 0 0 0 0 0 0 0 0 0 0 0 0 0 0 0 0 0 0 0 0 0 0 0 0 0 0 0 0 0 0 0 0 0 0 0 0 0 0 0 0 0 0 0 0 0 0 0 0 0 0 0 0 77 68 79 32 101 120 116 114 97 32 100 97 116 97 32 108 111 99 107 0 0 0 0 0 0 0 0 0 0 0 0 0 0 0 0 0 0 0 0 0 0 0 0 0 0 0 0 0 0 0 0 0 0 0 0 0 0 0 0 0 0 0 0 0 0 0 0 0 0 0 0 0 0 0 0 0 0 0 0 0 0 0 0 0 0 0 0 0 0 0 0 0 0 0 0 0 0 0 0 0 0 0 0 0 0 0 0 0 0 0 0 0 0 0 0 0 0 0 0 0 0 0 0 0 0 0 0 0 0 0 0 0 0 0 0 0 0 0 0 0 105 6 0 0 145 67 0 0 0 0 0 0 0 0 0 0 2 0 0 0 1 0 8 0 2 0 0 0 96 0 0 0 255 255 255 255 7 0 23 0 0 0 0 0 data 12 0x170007 0x93e 0x30 0x0 0x1b0002 0x0 0x2d0007 0x871 0xffffffffffffffd0 0xcd 0x450002 0xcd oops 0
instanceKlass org/gradle/api/internal/artifacts/transform/DefaultTransformer$IsolatedParameters
instanceKlass org/gradle/api/internal/provider/DefaultPropertyState$1
instanceKlass org/gradle/internal/snapshot/impl/AbstractManagedValueSnapshot
instanceKlass org/gradle/api/internal/project/DefaultProjectStateRegistry$SafeExclusiveLockImpl$1
instanceKlass org/gradle/api/internal/artifacts/transform/TransformationStep$$Lambda$312
instanceKlass org/gradle/api/internal/artifacts/transform/TransformationStep$$Lambda$311
instanceKlass org/gradle/api/internal/artifacts/transform/TransformationChain$$Lambda$310
instanceKlass org/gradle/api/internal/artifacts/transform/TransformationChain$$Lambda$309
instanceKlass org/gradle/execution/ProjectExecutionServiceRegistry
instanceKlass org/gradle/api/internal/artifacts/transform/DefaultTransformerInvoker$$Lambda$308
instanceKlass org/gradle/api/internal/artifacts/transform/DefaultTransformerInvoker$$Lambda$306
instanceKlass org/gradle/internal/Try$1
instanceKlass org/gradle/api/internal/artifacts/transform/DefaultTransformerInvoker$$Lambda$307
instanceKlass org/gradle/internal/execution/steps/ResolveCachingStateStep$2
instanceKlass org/gradle/internal/execution/steps/SkipUpToDateStep$$Lambda$305
instanceKlass org/gradle/internal/execution/steps/SkipUpToDateStep$$Lambda$304
instanceKlass org/gradle/internal/execution/steps/SkipUpToDateStep$1
instanceKlass org/gradle/internal/execution/steps/SkipUpToDateStep$$Lambda$303
instanceKlass org/gradle/internal/execution/steps/ResolveChangesStep$1
instanceKlass org/gradle/internal/execution/steps/ResolveChangesStep$$Lambda$302
instanceKlass org/gradle/internal/execution/history/changes/InputChangesInternal
instanceKlass org/gradle/internal/execution/history/changes/DefaultExecutionStateChangeDetector$AbstractDetectedExecutionStateChanges
instanceKlass org/gradle/internal/change/CachingChangeContainer$CachingVisitor
instanceKlass org/gradle/internal/execution/history/changes/AbstractFingerprintChanges$1
instanceKlass org/gradle/internal/execution/history/changes/SortedMapDiffUtil
instanceKlass org/gradle/internal/execution/history/changes/PropertyChanges$1
instanceKlass org/gradle/internal/change/SummarizingChangeContainer$ChangeDetectingVisitor
instanceKlass org/gradle/internal/execution/history/changes/DefaultExecutionStateChangeDetector$MessageCollectingChangeVisitor
instanceKlass org/gradle/internal/change/SummarizingChangeContainer
instanceKlass org/gradle/internal/change/ErrorHandlingChangeContainer
instanceKlass org/gradle/internal/execution/history/changes/DefaultExecutionStateChangeDetector$InputFileChangesWrapper
instanceKlass org/gradle/internal/change/CachingChangeContainer
instanceKlass org/gradle/internal/execution/history/changes/InputFileChanges$1
instanceKlass org/gradle/internal/execution/history/changes/AbstractFingerprintChanges
instanceKlass org/gradle/internal/execution/history/changes/InputValueChanges
instanceKlass org/gradle/internal/execution/history/changes/PropertyDiffListener
instanceKlass org/gradle/internal/execution/history/changes/PropertyChanges
instanceKlass org/gradle/internal/execution/history/changes/ImplementationChanges
instanceKlass org/gradle/internal/change/DescriptiveChange
instanceKlass org/gradle/internal/execution/history/changes/PreviousSuccessChanges
instanceKlass org/gradle/internal/execution/history/changes/IncrementalInputProperties$2
instanceKlass org/gradle/internal/execution/history/changes/IncrementalInputProperties$1
instanceKlass org/gradle/internal/execution/steps/ResolveChangesStep$2
instanceKlass org/gradle/internal/execution/steps/ResolveChangesStep$$Lambda$301
instanceKlass org/gradle/internal/execution/steps/ResolveChangesStep$$Lambda$300
instanceKlass org/gradle/internal/execution/steps/ResolveChangesStep$$Lambda$299
instanceKlass org/gradle/internal/execution/steps/ResolveChangesStep$$Lambda$298
instanceKlass org/gradle/internal/execution/steps/ResolveChangesStep$$Lambda$297
instanceKlass org/gradle/internal/execution/steps/ResolveChangesStep$$Lambda$296
instanceKlass org/gradle/internal/execution/steps/ResolveChangesStep$$Lambda$294
instanceKlass org/gradle/internal/execution/steps/ResolveChangesStep$$Lambda$295
instanceKlass org/gradle/internal/execution/steps/ResolveCachingStateStep$1
instanceKlass org/gradle/api/internal/artifacts/transform/DefaultTransformerInvoker$1
instanceKlass org/gradle/api/internal/artifacts/transform/DefaultTransformerInvoker$TransformerExecution$1
instanceKlass org/gradle/api/internal/artifacts/transform/DefaultTransformerInvoker$TransformerExecution
instanceKlass org/gradle/internal/execution/UnitOfWork
instanceKlass com/google/common/collect/ImmutableSortedMap$1
instanceKlass org/gradle/internal/snapshot/FileSystemLocationSnapshot$1
instanceKlass org/gradle/internal/snapshot/impl/DirectorySnapshotter$1
instanceKlass org/gradle/internal/snapshot/MerkleDirectorySnapshotBuilder
instanceKlass org/gradle/internal/fingerprint/impl/AbsolutePathFingerprintingStrategy$1
instanceKlass org/gradle/internal/execution/history/impl/AbstractExecutionState
instanceKlass org/gradle/internal/fingerprint/FileCollectionFingerprint$1
instanceKlass org/gradle/internal/execution/history/impl/SerializableFileCollectionFingerprint
instanceKlass org/gradle/internal/fingerprint/impl/DefaultFileSystemLocationFingerprint$1
instanceKlass org/gradle/internal/fingerprint/impl/AbstractFileSystemLocationFingerprint
instanceKlass org/gradle/internal/fingerprint/impl/FingerprintMapSerializer$1
instanceKlass org/gradle/internal/snapshot/impl/ImplementationSnapshot
instanceKlass org/gradle/caching/internal/origin/OriginMetadata
instanceKlass java/lang/invoke/LambdaForm$MH
instanceKlass org/gradle/api/internal/artifacts/transform/DefaultTransformerInvoker$$Lambda$293
instanceKlass org/gradle/api/internal/artifacts/transform/DefaultTransformationWorkspace
instanceKlass org/gradle/api/internal/artifacts/transform/ImmutableTransformationWorkspaceProvider$$Lambda$292
instanceKlass org/gradle/api/internal/artifacts/transform/AbstractCachingTransformationWorkspaceProvider$$Lambda$291
instanceKlass java/lang/invoke/LambdaForm$MH
instanceKlass org/gradle/api/internal/artifacts/transform/DefaultTransformerInvoker$$Lambda$290
instanceKlass org/gradle/api/internal/artifacts/transform/TransformationWorkspaceProvider$TransformationWorkspaceAction
instanceKlass java/lang/invoke/LambdaForm$DMH
instanceKlass org/gradle/api/internal/artifacts/transform/DefaultTransformerInvoker$ImmutableTransformationWorkspaceIdentity
instanceKlass org/gradle/api/internal/artifacts/transform/TransformationStep$$Lambda$289
instanceKlass org/gradle/internal/Try
instanceKlass org/gradle/api/internal/artifacts/transform/TransformationOperation
instanceKlass org/gradle/api/internal/artifacts/transform/TransformationResult
instanceKlass org/gradle/api/internal/artifacts/transform/TransformationSubject
instanceKlass org/gradle/api/internal/artifacts/transform/DefaultTransformationNodeRegistry$ArtifactTransformKey
instanceKlass org/gradle/api/internal/artifacts/transform/DefaultTransformationNodeRegistry$2
instanceKlass org/gradle/api/internal/artifacts/transform/TransformCompletion
instanceKlass org/gradle/api/internal/artifacts/transform/DefaultExecutionGraphDependenciesResolver$1
instanceKlass org/gradle/api/internal/artifacts/transform/ArtifactTransformDependencies
instanceKlass org/gradle/api/internal/artifacts/transform/DefaultExecutionGraphDependenciesResolver
instanceKlass org/gradle/api/internal/artifacts/transform/TransformingAsyncArtifactListener
instanceKlass org/gradle/api/internal/file/AbstractFileTreeElement
instanceKlass java/nio/file/Files$3
instanceKlass java/nio/file/FileTreeWalker$Event
instanceKlass java/nio/file/FileTreeWalker$DirectoryNode
instanceKlass java/util/ArrayDeque$DeqIterator
instanceKlass java/nio/file/FileTreeWalker$1
instanceKlass java/nio/file/FileTreeWalker
instanceKlass org/gradle/api/internal/file/collections/jdk7/Jdk7DirectoryWalker$1
instanceKlass org/gradle/api/file/ReproducibleFileVisitor
instanceKlass org/gradle/api/internal/file/pattern/AnythingMatcher
instanceKlass org/gradle/api/internal/file/pattern/FixedPatternStep
instanceKlass org/gradle/api/internal/file/pattern/HasPrefixPatternStep
instanceKlass org/gradle/api/internal/file/pattern/HasPrefixAndSuffixPatternStep
instanceKlass org/gradle/api/internal/file/pattern/GreedyPathMatcher
instanceKlass org/gradle/api/tasks/util/internal/CachingPatternSpecFactory$CachingSpec
instanceKlass org/gradle/api/internal/file/RelativePathSpec
instanceKlass org/gradle/api/internal/file/pattern/PatternMatcherFactory$PathMatcherBackedSpec
instanceKlass org/gradle/api/internal/file/pattern/HasSuffixPatternStep
instanceKlass org/gradle/api/internal/file/pattern/AnyWildcardPatternStep
instanceKlass org/gradle/api/internal/file/pattern/PatternStep
instanceKlass org/gradle/api/internal/file/pattern/PatternStepFactory
instanceKlass org/gradle/api/internal/file/pattern/FixedStepPathMatcher
instanceKlass org/gradle/api/internal/file/pattern/EndOfPathMatcher
instanceKlass org/gradle/api/internal/file/pattern/PathMatcher
instanceKlass org/gradle/api/internal/file/pattern/PatternMatcherFactory
instanceKlass org/gradle/api/tasks/util/internal/CachingPatternSpecFactory$1
instanceKlass org/gradle/api/tasks/util/internal/CachingPatternSpecFactory$SpecKey
instanceKlass org/gradle/api/file/RelativePath
instanceKlass org/gradle/api/file/EmptyFileVisitor
instanceKlass org/gradle/api/internal/file/collections/AbstractDirectoryWalker
instanceKlass org/gradle/api/internal/file/collections/jdk7/Jdk7DirectoryWalker
instanceKlass org/gradle/internal/nativeintegration/services/FileSystems
instanceKlass org/gradle/api/internal/file/collections/DefaultDirectoryWalkerFactory
instanceKlass org/gradle/api/internal/file/collections/DirectoryWalker
instanceKlass org/gradle/api/internal/artifacts/transform/ConsumerProvidedResolvedVariant
instanceKlass org/gradle/api/internal/artifacts/transform/TransformationChain
instanceKlass org/gradle/api/internal/artifacts/transform/ConsumerVariantMatchResult$ConsumerVariant
instanceKlass org/gradle/api/internal/artifacts/transform/ConsumerProvidedVariantFinder$AttributeSpecificCache
instanceKlass org/gradle/api/internal/artifacts/transform/ConsumerVariantMatchResult
instanceKlass org/gradle/api/internal/artifacts/repositories/resolver/AbstractDependencyMetadataAdapter
instanceKlass org/gradle/api/artifacts/DirectDependenciesMetadata
instanceKlass org/gradle/api/artifacts/DependenciesMetadata
instanceKlass org/gradle/internal/component/model/DependencyMetadataRules$2
instanceKlass org/gradle/internal/component/model/DependencyMetadataRules$1
instanceKlass org/gradle/internal/component/model/DependencyMetadataRules
instanceKlass org/gradle/internal/component/external/model/VariantMetadataRules$VariantAction
instanceKlass com/android/build/gradle/internal/dependency/AndroidXDepedencySubstitution$replaceOldSupportLibraries$1$1$1
instanceKlass org/gradle/api/internal/artifacts/repositories/resolver/VariantMetadataAdapter
instanceKlass org/gradle/api/artifacts/VariantMetadata
instanceKlass com/android/build/gradle/internal/dependency/AndroidXDepedencySubstitution$replaceOldSupportLibraries$1$1
instanceKlass org/gradle/api/internal/artifacts/repositories/resolver/ComponentMetadataDetailsAdapter
instanceKlass org/gradle/api/internal/artifacts/dsl/ArtifactFile
instanceKlass org/gradle/internal/component/local/model/PublishArtifactLocalArtifactMetadata
instanceKlass org/gradle/api/internal/artifacts/ivyservice/moduleconverter/DefaultRootComponentMetadataBuilder$1
instanceKlass org/gradle/api/internal/artifacts/ivyservice/dependencysubstitution/DefaultDependencySubstitutionApplicator
instanceKlass org/gradle/api/internal/artifacts/ivyservice/dependencysubstitution/CachingDependencySubstitutionApplicator
instanceKlass com/android/build/gradle/internal/ide/ModelBuilder$$Lambda$288
instanceKlass org/gradle/api/internal/artifacts/dsl/DefaultArtifactHandler$DynamicMethods
instanceKlass org/gradle/api/internal/artifacts/dsl/DefaultArtifactHandler
instanceKlass org/gradle/internal/service/scopes/ProjectScopeServices$4
instanceKlass org/gradle/normalization/internal/DefaultInputNormalizationHandler
instanceKlass org/gradle/normalization/internal/DefaultRuntimeClasspathNormalization
instanceKlass org/gradle/api/internal/file/ant/BaseDirSelector
instanceKlass org/apache/tools/ant/types/selectors/FileSelector
instanceKlass groovy/util/AntBuilderLocator
instanceKlass org/apache/tools/ant/helper/AntXMLContext
instanceKlass org/apache/tools/ant/DefaultDefinitions
instanceKlass org/apache/tools/ant/TypeAdapter
instanceKlass org/apache/tools/ant/AntTypeDefinition
instanceKlass org/apache/tools/ant/property/ParseProperties
instanceKlass org/apache/tools/ant/property/ParseNextProperty
instanceKlass org/apache/tools/ant/ComponentHelper
instanceKlass java/text/CharacterIterator
instanceKlass org/apache/tools/ant/launch/Locator
instanceKlass org/apache/tools/ant/Main$1
instanceKlass org/apache/tools/ant/Main
instanceKlass org/apache/tools/ant/launch/AntMain
instanceKlass org/apache/tools/ant/PropertyHelper$PropertySetter
instanceKlass org/apache/tools/ant/PropertyHelper$4
instanceKlass org/apache/tools/ant/PropertyHelper$3
instanceKlass org/apache/tools/ant/PropertyHelper$2
instanceKlass org/apache/tools/ant/PropertyHelper$1
instanceKlass org/apache/tools/ant/property/PropertyExpander
instanceKlass org/apache/tools/ant/PropertyHelper$PropertyEvaluator
instanceKlass org/apache/tools/ant/PropertyHelper$Delegate
instanceKlass org/apache/tools/ant/PropertyHelper
instanceKlass org/apache/tools/ant/property/GetProperty
instanceKlass org/apache/tools/ant/util/DeweyDecimal
instanceKlass java/net/CookieStore
instanceKlass java/lang/StrictMath
instanceKlass org/apache/tools/ant/util/JavaEnvUtils
instanceKlass org/apache/tools/ant/DefaultLogger
instanceKlass org/apache/tools/ant/util/StringUtils
instanceKlass org/apache/tools/ant/Target
instanceKlass org/apache/tools/ant/TaskContainer
instanceKlass org/apache/tools/ant/ProjectHelperRepository$ConstructingIterator
instanceKlass org/apache/tools/ant/helper/ProjectHelper2$AntHandler
instanceKlass org/apache/tools/ant/util/LoaderUtils
instanceKlass org/apache/tools/ant/ProjectHelperRepository
instanceKlass org/apache/tools/ant/ProjectHelper
instanceKlass org/apache/tools/ant/input/DefaultInputHandler
instanceKlass org/apache/tools/ant/types/FilterSetCollection
instanceKlass org/apache/tools/ant/types/EnumeratedAttribute
instanceKlass org/apache/tools/ant/Location
instanceKlass org/apache/tools/ant/input/InputHandler
instanceKlass org/apache/tools/ant/Project
instanceKlass org/gradle/api/internal/project/ant/AntLoggingAdapter
